{"C:\\Users\\Paco\\bootcamp\\collab\\skylab-bootcamp-201809\\staff\\francisco-fernandez\\lets-talk\\lets-talk-api\\logic\\index.spec.js":{"path":"C:\\Users\\Paco\\bootcamp\\collab\\skylab-bootcamp-201809\\staff\\francisco-fernandez\\lets-talk\\lets-talk-api\\logic\\index.spec.js","statementMap":{"0":{"start":{"line":1,"column":0},"end":{"line":1,"column":26}},"1":{"start":{"line":3,"column":48},"end":{"line":3,"column":73}},"2":{"start":{"line":4,"column":14},"end":{"line":4,"column":26}},"3":{"start":{"line":5,"column":86},"end":{"line":5,"column":106}},"4":{"start":{"line":6,"column":20},"end":{"line":6,"column":45}},"5":{"start":{"line":8,"column":19},"end":{"line":8,"column":34}},"6":{"start":{"line":10,"column":34},"end":{"line":10,"column":41}},"7":{"start":{"line":16,"column":0},"end":{"line":1299,"column":2}},"8":{"start":{"line":17,"column":4},"end":{"line":17,"column":99}},"9":{"start":{"line":17,"column":17},"end":{"line":17,"column":98}},"10":{"start":{"line":19,"column":4},"end":{"line":19,"column":76}},"11":{"start":{"line":19,"column":21},"end":{"line":19,"column":75}},"12":{"start":{"line":21,"column":4},"end":{"line":827,"column":6}},"13":{"start":{"line":22,"column":8},"end":{"line":223,"column":10}},"14":{"start":{"line":25,"column":12},"end":{"line":36,"column":14}},"15":{"start":{"line":26,"column":16},"end":{"line":26,"column":46}},"16":{"start":{"line":27,"column":16},"end":{"line":27,"column":52}},"17":{"start":{"line":28,"column":16},"end":{"line":28,"column":54}},"18":{"start":{"line":29,"column":16},"end":{"line":29,"column":54}},"19":{"start":{"line":30,"column":16},"end":{"line":30,"column":28}},"20":{"start":{"line":31,"column":16},"end":{"line":31,"column":24}},"21":{"start":{"line":32,"column":16},"end":{"line":32,"column":34}},"22":{"start":{"line":33,"column":16},"end":{"line":33,"column":46}},"23":{"start":{"line":34,"column":16},"end":{"line":34,"column":31}},"24":{"start":{"line":35,"column":16},"end":{"line":35,"column":31}},"25":{"start":{"line":38,"column":12},"end":{"line":61,"column":14}},"26":{"start":{"line":39,"column":28},"end":{"line":40,"column":17}},"27":{"start":{"line":42,"column":16},"end":{"line":42,"column":43}},"28":{"start":{"line":44,"column":30},"end":{"line":44,"column":47}},"29":{"start":{"line":46,"column":16},"end":{"line":46,"column":48}},"30":{"start":{"line":48,"column":31},"end":{"line":48,"column":36}},"31":{"start":{"line":50,"column":16},"end":{"line":50,"column":49}},"32":{"start":{"line":51,"column":16},"end":{"line":51,"column":48}},"33":{"start":{"line":52,"column":16},"end":{"line":52,"column":54}},"34":{"start":{"line":53,"column":16},"end":{"line":53,"column":56}},"35":{"start":{"line":54,"column":16},"end":{"line":54,"column":56}},"36":{"start":{"line":55,"column":16},"end":{"line":55,"column":46}},"37":{"start":{"line":56,"column":16},"end":{"line":56,"column":46}},"38":{"start":{"line":57,"column":16},"end":{"line":57,"column":48}},"39":{"start":{"line":58,"column":16},"end":{"line":58,"column":64}},"40":{"start":{"line":59,"column":16},"end":{"line":59,"column":60}},"41":{"start":{"line":60,"column":16},"end":{"line":60,"column":60}},"42":{"start":{"line":63,"column":12},"end":{"line":65,"column":14}},"43":{"start":{"line":64,"column":16},"end":{"line":64,"column":191}},"44":{"start":{"line":64,"column":29},"end":{"line":64,"column":141}},"45":{"start":{"line":67,"column":12},"end":{"line":69,"column":14}},"46":{"start":{"line":68,"column":16},"end":{"line":68,"column":182}},"47":{"start":{"line":68,"column":29},"end":{"line":68,"column":134}},"48":{"start":{"line":71,"column":12},"end":{"line":73,"column":14}},"49":{"start":{"line":72,"column":16},"end":{"line":72,"column":189}},"50":{"start":{"line":72,"column":29},"end":{"line":72,"column":141}},"51":{"start":{"line":75,"column":12},"end":{"line":77,"column":14}},"52":{"start":{"line":76,"column":16},"end":{"line":76,"column":177}},"53":{"start":{"line":76,"column":29},"end":{"line":76,"column":134}},"54":{"start":{"line":79,"column":12},"end":{"line":81,"column":14}},"55":{"start":{"line":80,"column":16},"end":{"line":80,"column":188}},"56":{"start":{"line":80,"column":29},"end":{"line":80,"column":138}},"57":{"start":{"line":83,"column":12},"end":{"line":85,"column":14}},"58":{"start":{"line":84,"column":16},"end":{"line":84,"column":182}},"59":{"start":{"line":84,"column":29},"end":{"line":84,"column":131}},"60":{"start":{"line":87,"column":12},"end":{"line":89,"column":14}},"61":{"start":{"line":88,"column":16},"end":{"line":88,"column":189}},"62":{"start":{"line":88,"column":29},"end":{"line":88,"column":138}},"63":{"start":{"line":91,"column":12},"end":{"line":93,"column":14}},"64":{"start":{"line":92,"column":16},"end":{"line":92,"column":174}},"65":{"start":{"line":92,"column":29},"end":{"line":92,"column":131}},"66":{"start":{"line":95,"column":12},"end":{"line":97,"column":14}},"67":{"start":{"line":96,"column":16},"end":{"line":96,"column":187}},"68":{"start":{"line":96,"column":29},"end":{"line":96,"column":137}},"69":{"start":{"line":99,"column":12},"end":{"line":101,"column":14}},"70":{"start":{"line":100,"column":16},"end":{"line":100,"column":182}},"71":{"start":{"line":100,"column":29},"end":{"line":100,"column":130}},"72":{"start":{"line":103,"column":12},"end":{"line":105,"column":14}},"73":{"start":{"line":104,"column":16},"end":{"line":104,"column":189}},"74":{"start":{"line":104,"column":29},"end":{"line":104,"column":137}},"75":{"start":{"line":107,"column":12},"end":{"line":109,"column":14}},"76":{"start":{"line":108,"column":16},"end":{"line":108,"column":173}},"77":{"start":{"line":108,"column":29},"end":{"line":108,"column":130}},"78":{"start":{"line":111,"column":12},"end":{"line":113,"column":14}},"79":{"start":{"line":112,"column":16},"end":{"line":112,"column":187}},"80":{"start":{"line":112,"column":29},"end":{"line":112,"column":137}},"81":{"start":{"line":115,"column":12},"end":{"line":117,"column":14}},"82":{"start":{"line":116,"column":16},"end":{"line":116,"column":182}},"83":{"start":{"line":116,"column":29},"end":{"line":116,"column":130}},"84":{"start":{"line":119,"column":12},"end":{"line":121,"column":14}},"85":{"start":{"line":120,"column":16},"end":{"line":120,"column":189}},"86":{"start":{"line":120,"column":29},"end":{"line":120,"column":137}},"87":{"start":{"line":123,"column":12},"end":{"line":125,"column":14}},"88":{"start":{"line":124,"column":16},"end":{"line":124,"column":173}},"89":{"start":{"line":124,"column":29},"end":{"line":124,"column":130}},"90":{"start":{"line":127,"column":12},"end":{"line":129,"column":14}},"91":{"start":{"line":128,"column":16},"end":{"line":128,"column":192}},"92":{"start":{"line":128,"column":29},"end":{"line":128,"column":142}},"93":{"start":{"line":131,"column":12},"end":{"line":133,"column":14}},"94":{"start":{"line":132,"column":16},"end":{"line":132,"column":182}},"95":{"start":{"line":132,"column":29},"end":{"line":132,"column":135}},"96":{"start":{"line":135,"column":12},"end":{"line":137,"column":14}},"97":{"start":{"line":136,"column":16},"end":{"line":136,"column":189}},"98":{"start":{"line":136,"column":29},"end":{"line":136,"column":142}},"99":{"start":{"line":139,"column":12},"end":{"line":141,"column":14}},"100":{"start":{"line":140,"column":16},"end":{"line":140,"column":178}},"101":{"start":{"line":140,"column":29},"end":{"line":140,"column":135}},"102":{"start":{"line":143,"column":12},"end":{"line":145,"column":14}},"103":{"start":{"line":144,"column":16},"end":{"line":144,"column":192}},"104":{"start":{"line":144,"column":29},"end":{"line":144,"column":142}},"105":{"start":{"line":147,"column":12},"end":{"line":149,"column":14}},"106":{"start":{"line":148,"column":16},"end":{"line":148,"column":176}},"107":{"start":{"line":148,"column":29},"end":{"line":148,"column":135}},"108":{"start":{"line":151,"column":12},"end":{"line":153,"column":14}},"109":{"start":{"line":152,"column":16},"end":{"line":152,"column":190}},"110":{"start":{"line":152,"column":29},"end":{"line":152,"column":142}},"111":{"start":{"line":155,"column":12},"end":{"line":157,"column":14}},"112":{"start":{"line":156,"column":16},"end":{"line":156,"column":192}},"113":{"start":{"line":156,"column":29},"end":{"line":156,"column":145}},"114":{"start":{"line":159,"column":12},"end":{"line":161,"column":14}},"115":{"start":{"line":160,"column":16},"end":{"line":160,"column":191}},"116":{"start":{"line":160,"column":29},"end":{"line":160,"column":141}},"117":{"start":{"line":163,"column":12},"end":{"line":165,"column":14}},"118":{"start":{"line":164,"column":16},"end":{"line":164,"column":182}},"119":{"start":{"line":164,"column":29},"end":{"line":164,"column":134}},"120":{"start":{"line":167,"column":12},"end":{"line":169,"column":14}},"121":{"start":{"line":168,"column":16},"end":{"line":168,"column":189}},"122":{"start":{"line":168,"column":29},"end":{"line":168,"column":141}},"123":{"start":{"line":171,"column":12},"end":{"line":173,"column":14}},"124":{"start":{"line":172,"column":16},"end":{"line":172,"column":177}},"125":{"start":{"line":172,"column":29},"end":{"line":172,"column":134}},"126":{"start":{"line":175,"column":12},"end":{"line":177,"column":14}},"127":{"start":{"line":176,"column":16},"end":{"line":176,"column":183}},"128":{"start":{"line":176,"column":29},"end":{"line":176,"column":133}},"129":{"start":{"line":179,"column":12},"end":{"line":181,"column":14}},"130":{"start":{"line":180,"column":16},"end":{"line":180,"column":182}},"131":{"start":{"line":180,"column":29},"end":{"line":180,"column":126}},"132":{"start":{"line":183,"column":12},"end":{"line":185,"column":14}},"133":{"start":{"line":184,"column":16},"end":{"line":184,"column":189}},"134":{"start":{"line":184,"column":29},"end":{"line":184,"column":133}},"135":{"start":{"line":187,"column":12},"end":{"line":189,"column":14}},"136":{"start":{"line":188,"column":16},"end":{"line":188,"column":169}},"137":{"start":{"line":188,"column":29},"end":{"line":188,"column":126}},"138":{"start":{"line":191,"column":12},"end":{"line":193,"column":14}},"139":{"start":{"line":192,"column":16},"end":{"line":192,"column":185}},"140":{"start":{"line":192,"column":29},"end":{"line":192,"column":135}},"141":{"start":{"line":195,"column":12},"end":{"line":197,"column":14}},"142":{"start":{"line":196,"column":16},"end":{"line":196,"column":169}},"143":{"start":{"line":196,"column":29},"end":{"line":196,"column":128}},"144":{"start":{"line":199,"column":12},"end":{"line":201,"column":14}},"145":{"start":{"line":200,"column":16},"end":{"line":200,"column":183}},"146":{"start":{"line":200,"column":29},"end":{"line":200,"column":135}},"147":{"start":{"line":203,"column":12},"end":{"line":205,"column":14}},"148":{"start":{"line":204,"column":16},"end":{"line":204,"column":181}},"149":{"start":{"line":204,"column":29},"end":{"line":204,"column":134}},"150":{"start":{"line":207,"column":12},"end":{"line":209,"column":14}},"151":{"start":{"line":208,"column":16},"end":{"line":208,"column":185}},"152":{"start":{"line":208,"column":29},"end":{"line":208,"column":135}},"153":{"start":{"line":211,"column":12},"end":{"line":213,"column":14}},"154":{"start":{"line":212,"column":16},"end":{"line":212,"column":169}},"155":{"start":{"line":212,"column":29},"end":{"line":212,"column":128}},"156":{"start":{"line":215,"column":12},"end":{"line":217,"column":14}},"157":{"start":{"line":216,"column":16},"end":{"line":216,"column":183}},"158":{"start":{"line":216,"column":29},"end":{"line":216,"column":135}},"159":{"start":{"line":219,"column":12},"end":{"line":221,"column":14}},"160":{"start":{"line":220,"column":16},"end":{"line":220,"column":181}},"161":{"start":{"line":220,"column":29},"end":{"line":220,"column":134}},"162":{"start":{"line":225,"column":8},"end":{"line":315,"column":10}},"163":{"start":{"line":228,"column":12},"end":{"line":231,"column":23}},"164":{"start":{"line":228,"column":29},"end":{"line":231,"column":22}},"165":{"start":{"line":233,"column":12},"end":{"line":246,"column":14}},"166":{"start":{"line":234,"column":47},"end":{"line":234,"column":51}},"167":{"start":{"line":236,"column":27},"end":{"line":236,"column":75}},"168":{"start":{"line":238,"column":16},"end":{"line":238,"column":35}},"169":{"start":{"line":239,"column":16},"end":{"line":239,"column":44}},"170":{"start":{"line":241,"column":30},"end":{"line":241,"column":47}},"171":{"start":{"line":243,"column":32},"end":{"line":243,"column":37}},"172":{"start":{"line":245,"column":16},"end":{"line":245,"column":45}},"173":{"start":{"line":248,"column":12},"end":{"line":263,"column":14}},"174":{"start":{"line":249,"column":37},"end":{"line":249,"column":41}},"175":{"start":{"line":251,"column":30},"end":{"line":251,"column":57}},"176":{"start":{"line":253,"column":16},"end":{"line":261,"column":17}},"177":{"start":{"line":254,"column":20},"end":{"line":254,"column":65}},"178":{"start":{"line":257,"column":20},"end":{"line":257,"column":64}},"179":{"start":{"line":258,"column":20},"end":{"line":258,"column":59}},"180":{"start":{"line":259,"column":20},"end":{"line":259,"column":85}},"181":{"start":{"line":265,"column":12},"end":{"line":280,"column":14}},"182":{"start":{"line":266,"column":37},"end":{"line":266,"column":41}},"183":{"start":{"line":268,"column":30},"end":{"line":268,"column":57}},"184":{"start":{"line":270,"column":16},"end":{"line":278,"column":17}},"185":{"start":{"line":271,"column":20},"end":{"line":271,"column":65}},"186":{"start":{"line":274,"column":20},"end":{"line":274,"column":64}},"187":{"start":{"line":275,"column":20},"end":{"line":275,"column":59}},"188":{"start":{"line":276,"column":20},"end":{"line":276,"column":85}},"189":{"start":{"line":282,"column":12},"end":{"line":284,"column":14}},"190":{"start":{"line":283,"column":16},"end":{"line":283,"column":127}},"191":{"start":{"line":283,"column":29},"end":{"line":283,"column":77}},"192":{"start":{"line":286,"column":12},"end":{"line":288,"column":14}},"193":{"start":{"line":287,"column":16},"end":{"line":287,"column":122}},"194":{"start":{"line":287,"column":29},"end":{"line":287,"column":70}},"195":{"start":{"line":290,"column":12},"end":{"line":292,"column":14}},"196":{"start":{"line":291,"column":16},"end":{"line":291,"column":129}},"197":{"start":{"line":291,"column":29},"end":{"line":291,"column":77}},"198":{"start":{"line":294,"column":12},"end":{"line":296,"column":14}},"199":{"start":{"line":295,"column":16},"end":{"line":295,"column":113}},"200":{"start":{"line":295,"column":29},"end":{"line":295,"column":70}},"201":{"start":{"line":298,"column":12},"end":{"line":300,"column":14}},"202":{"start":{"line":299,"column":16},"end":{"line":299,"column":127}},"203":{"start":{"line":299,"column":29},"end":{"line":299,"column":77}},"204":{"start":{"line":302,"column":12},"end":{"line":304,"column":14}},"205":{"start":{"line":303,"column":16},"end":{"line":303,"column":122}},"206":{"start":{"line":303,"column":29},"end":{"line":303,"column":70}},"207":{"start":{"line":306,"column":12},"end":{"line":308,"column":14}},"208":{"start":{"line":307,"column":16},"end":{"line":307,"column":129}},"209":{"start":{"line":307,"column":29},"end":{"line":307,"column":77}},"210":{"start":{"line":310,"column":12},"end":{"line":312,"column":14}},"211":{"start":{"line":311,"column":16},"end":{"line":311,"column":113}},"212":{"start":{"line":311,"column":29},"end":{"line":311,"column":70}},"213":{"start":{"line":317,"column":8},"end":{"line":376,"column":10}},"214":{"start":{"line":320,"column":12},"end":{"line":328,"column":14}},"215":{"start":{"line":321,"column":16},"end":{"line":325,"column":18}},"216":{"start":{"line":327,"column":16},"end":{"line":327,"column":33}},"217":{"start":{"line":330,"column":12},"end":{"line":344,"column":14}},"218":{"start":{"line":331,"column":30},"end":{"line":331,"column":63}},"219":{"start":{"line":333,"column":16},"end":{"line":333,"column":56}},"220":{"start":{"line":335,"column":75},"end":{"line":335,"column":80}},"221":{"start":{"line":336,"column":16},"end":{"line":336,"column":35}},"222":{"start":{"line":337,"column":16},"end":{"line":337,"column":44}},"223":{"start":{"line":338,"column":16},"end":{"line":338,"column":44}},"224":{"start":{"line":339,"column":16},"end":{"line":339,"column":48}},"225":{"start":{"line":340,"column":16},"end":{"line":340,"column":54}},"226":{"start":{"line":341,"column":16},"end":{"line":341,"column":56}},"227":{"start":{"line":342,"column":16},"end":{"line":342,"column":48}},"228":{"start":{"line":343,"column":16},"end":{"line":343,"column":40}},"229":{"start":{"line":346,"column":12},"end":{"line":359,"column":14}},"230":{"start":{"line":347,"column":32},"end":{"line":347,"column":53}},"231":{"start":{"line":348,"column":16},"end":{"line":356,"column":17}},"232":{"start":{"line":349,"column":20},"end":{"line":349,"column":53}},"233":{"start":{"line":353,"column":20},"end":{"line":353,"column":68}},"234":{"start":{"line":354,"column":20},"end":{"line":354,"column":59}},"235":{"start":{"line":355,"column":20},"end":{"line":355,"column":90}},"236":{"start":{"line":361,"column":12},"end":{"line":363,"column":14}},"237":{"start":{"line":362,"column":16},"end":{"line":362,"column":108}},"238":{"start":{"line":362,"column":29},"end":{"line":362,"column":58}},"239":{"start":{"line":365,"column":12},"end":{"line":367,"column":14}},"240":{"start":{"line":366,"column":16},"end":{"line":366,"column":97}},"241":{"start":{"line":366,"column":29},"end":{"line":366,"column":51}},"242":{"start":{"line":369,"column":12},"end":{"line":371,"column":14}},"243":{"start":{"line":370,"column":16},"end":{"line":370,"column":104}},"244":{"start":{"line":370,"column":29},"end":{"line":370,"column":58}},"245":{"start":{"line":373,"column":12},"end":{"line":375,"column":14}},"246":{"start":{"line":374,"column":16},"end":{"line":374,"column":94}},"247":{"start":{"line":374,"column":29},"end":{"line":374,"column":51}},"248":{"start":{"line":378,"column":8},"end":{"line":524,"column":10}},"249":{"start":{"line":381,"column":12},"end":{"line":384,"column":23}},"250":{"start":{"line":381,"column":29},"end":{"line":384,"column":22}},"251":{"start":{"line":386,"column":12},"end":{"line":421,"column":14}},"252":{"start":{"line":387,"column":120},"end":{"line":387,"column":124}},"253":{"start":{"line":389,"column":32},"end":{"line":389,"column":58}},"254":{"start":{"line":390,"column":35},"end":{"line":390,"column":64}},"255":{"start":{"line":391,"column":36},"end":{"line":391,"column":66}},"256":{"start":{"line":392,"column":36},"end":{"line":392,"column":66}},"257":{"start":{"line":393,"column":37},"end":{"line":393,"column":48}},"258":{"start":{"line":394,"column":31},"end":{"line":394,"column":39}},"259":{"start":{"line":395,"column":31},"end":{"line":395,"column":33}},"260":{"start":{"line":396,"column":32},"end":{"line":396,"column":40}},"261":{"start":{"line":397,"column":40},"end":{"line":397,"column":50}},"262":{"start":{"line":398,"column":34},"end":{"line":398,"column":36}},"263":{"start":{"line":399,"column":34},"end":{"line":399,"column":36}},"264":{"start":{"line":401,"column":28},"end":{"line":402,"column":83}},"265":{"start":{"line":404,"column":16},"end":{"line":404,"column":43}},"266":{"start":{"line":406,"column":31},"end":{"line":406,"column":48}},"267":{"start":{"line":408,"column":32},"end":{"line":408,"column":38}},"268":{"start":{"line":410,"column":16},"end":{"line":410,"column":45}},"269":{"start":{"line":411,"column":16},"end":{"line":411,"column":52}},"270":{"start":{"line":412,"column":16},"end":{"line":412,"column":58}},"271":{"start":{"line":413,"column":16},"end":{"line":413,"column":60}},"272":{"start":{"line":414,"column":16},"end":{"line":414,"column":60}},"273":{"start":{"line":415,"column":16},"end":{"line":415,"column":50}},"274":{"start":{"line":416,"column":16},"end":{"line":416,"column":50}},"275":{"start":{"line":417,"column":16},"end":{"line":417,"column":52}},"276":{"start":{"line":418,"column":16},"end":{"line":418,"column":68}},"277":{"start":{"line":419,"column":16},"end":{"line":419,"column":60}},"278":{"start":{"line":420,"column":16},"end":{"line":420,"column":60}},"279":{"start":{"line":423,"column":12},"end":{"line":442,"column":14}},"280":{"start":{"line":424,"column":66},"end":{"line":424,"column":70}},"281":{"start":{"line":426,"column":32},"end":{"line":426,"column":58}},"282":{"start":{"line":428,"column":28},"end":{"line":428,"column":133}},"283":{"start":{"line":430,"column":16},"end":{"line":430,"column":43}},"284":{"start":{"line":432,"column":31},"end":{"line":432,"column":48}},"285":{"start":{"line":434,"column":32},"end":{"line":434,"column":38}},"286":{"start":{"line":436,"column":16},"end":{"line":436,"column":45}},"287":{"start":{"line":438,"column":16},"end":{"line":438,"column":52}},"288":{"start":{"line":439,"column":16},"end":{"line":439,"column":55}},"289":{"start":{"line":440,"column":16},"end":{"line":440,"column":57}},"290":{"start":{"line":441,"column":16},"end":{"line":441,"column":57}},"291":{"start":{"line":444,"column":12},"end":{"line":463,"column":14}},"292":{"start":{"line":445,"column":66},"end":{"line":445,"column":70}},"293":{"start":{"line":447,"column":35},"end":{"line":447,"column":64}},"294":{"start":{"line":449,"column":28},"end":{"line":449,"column":136}},"295":{"start":{"line":451,"column":16},"end":{"line":451,"column":43}},"296":{"start":{"line":453,"column":31},"end":{"line":453,"column":48}},"297":{"start":{"line":455,"column":32},"end":{"line":455,"column":38}},"298":{"start":{"line":457,"column":16},"end":{"line":457,"column":45}},"299":{"start":{"line":459,"column":16},"end":{"line":459,"column":49}},"300":{"start":{"line":460,"column":16},"end":{"line":460,"column":58}},"301":{"start":{"line":461,"column":16},"end":{"line":461,"column":57}},"302":{"start":{"line":462,"column":16},"end":{"line":462,"column":57}},"303":{"start":{"line":467,"column":12},"end":{"line":471,"column":14}},"304":{"start":{"line":468,"column":66},"end":{"line":468,"column":70}},"305":{"start":{"line":470,"column":16},"end":{"line":470,"column":151}},"306":{"start":{"line":470,"column":29},"end":{"line":470,"column":101}},"307":{"start":{"line":475,"column":12},"end":{"line":522,"column":14}},"308":{"start":{"line":478,"column":16},"end":{"line":486,"column":18}},"309":{"start":{"line":479,"column":20},"end":{"line":483,"column":22}},"310":{"start":{"line":485,"column":20},"end":{"line":485,"column":38}},"311":{"start":{"line":488,"column":16},"end":{"line":521,"column":18}},"312":{"start":{"line":489,"column":124},"end":{"line":489,"column":129}},"313":{"start":{"line":491,"column":40},"end":{"line":491,"column":44}},"314":{"start":{"line":492,"column":35},"end":{"line":492,"column":43}},"315":{"start":{"line":493,"column":35},"end":{"line":493,"column":37}},"316":{"start":{"line":494,"column":36},"end":{"line":494,"column":44}},"317":{"start":{"line":495,"column":44},"end":{"line":495,"column":54}},"318":{"start":{"line":496,"column":38},"end":{"line":496,"column":40}},"319":{"start":{"line":497,"column":38},"end":{"line":497,"column":40}},"320":{"start":{"line":499,"column":20},"end":{"line":520,"column":21}},"321":{"start":{"line":500,"column":36},"end":{"line":500,"column":173}},"322":{"start":{"line":502,"column":24},"end":{"line":502,"column":48}},"323":{"start":{"line":504,"column":24},"end":{"line":504,"column":72}},"324":{"start":{"line":506,"column":38},"end":{"line":506,"column":61}},"325":{"start":{"line":508,"column":24},"end":{"line":508,"column":53}},"326":{"start":{"line":510,"column":24},"end":{"line":510,"column":57}},"327":{"start":{"line":511,"column":24},"end":{"line":511,"column":63}},"328":{"start":{"line":512,"column":24},"end":{"line":512,"column":65}},"329":{"start":{"line":513,"column":24},"end":{"line":513,"column":65}},"330":{"start":{"line":514,"column":24},"end":{"line":514,"column":55}},"331":{"start":{"line":515,"column":24},"end":{"line":515,"column":55}},"332":{"start":{"line":516,"column":24},"end":{"line":516,"column":57}},"333":{"start":{"line":517,"column":24},"end":{"line":517,"column":73}},"334":{"start":{"line":518,"column":24},"end":{"line":518,"column":69}},"335":{"start":{"line":519,"column":24},"end":{"line":519,"column":69}},"336":{"start":{"line":526,"column":8},"end":{"line":618,"column":10}},"337":{"start":{"line":530,"column":12},"end":{"line":544,"column":14}},"338":{"start":{"line":531,"column":16},"end":{"line":535,"column":18}},"339":{"start":{"line":537,"column":16},"end":{"line":541,"column":18}},"340":{"start":{"line":543,"column":16},"end":{"line":543,"column":62}},"341":{"start":{"line":547,"column":12},"end":{"line":571,"column":14}},"342":{"start":{"line":548,"column":28},"end":{"line":548,"column":69}},"343":{"start":{"line":550,"column":16},"end":{"line":550,"column":43}},"344":{"start":{"line":552,"column":30},"end":{"line":552,"column":58}},"345":{"start":{"line":554,"column":31},"end":{"line":554,"column":60}},"346":{"start":{"line":556,"column":16},"end":{"line":556,"column":50}},"347":{"start":{"line":558,"column":16},"end":{"line":558,"column":57}},"348":{"start":{"line":560,"column":16},"end":{"line":560,"column":52}},"349":{"start":{"line":562,"column":16},"end":{"line":562,"column":58}},"350":{"start":{"line":564,"column":36},"end":{"line":564,"column":50}},"351":{"start":{"line":566,"column":16},"end":{"line":566,"column":63}},"352":{"start":{"line":568,"column":37},"end":{"line":568,"column":52}},"353":{"start":{"line":570,"column":16},"end":{"line":570,"column":63}},"354":{"start":{"line":573,"column":12},"end":{"line":584,"column":14}},"355":{"start":{"line":575,"column":16},"end":{"line":581,"column":17}},"356":{"start":{"line":576,"column":20},"end":{"line":576,"column":60}},"357":{"start":{"line":577,"column":20},"end":{"line":577,"column":44}},"358":{"start":{"line":579,"column":20},"end":{"line":579,"column":65}},"359":{"start":{"line":580,"column":20},"end":{"line":580,"column":91}},"360":{"start":{"line":587,"column":12},"end":{"line":589,"column":14}},"361":{"start":{"line":588,"column":16},"end":{"line":588,"column":116}},"362":{"start":{"line":588,"column":29},"end":{"line":588,"column":66}},"363":{"start":{"line":591,"column":12},"end":{"line":593,"column":14}},"364":{"start":{"line":592,"column":16},"end":{"line":592,"column":105}},"365":{"start":{"line":592,"column":29},"end":{"line":592,"column":59}},"366":{"start":{"line":595,"column":12},"end":{"line":597,"column":14}},"367":{"start":{"line":596,"column":16},"end":{"line":596,"column":112}},"368":{"start":{"line":596,"column":29},"end":{"line":596,"column":66}},"369":{"start":{"line":599,"column":12},"end":{"line":601,"column":14}},"370":{"start":{"line":600,"column":16},"end":{"line":600,"column":102}},"371":{"start":{"line":600,"column":29},"end":{"line":600,"column":59}},"372":{"start":{"line":603,"column":12},"end":{"line":605,"column":14}},"373":{"start":{"line":604,"column":16},"end":{"line":604,"column":115}},"374":{"start":{"line":604,"column":29},"end":{"line":604,"column":65}},"375":{"start":{"line":607,"column":12},"end":{"line":609,"column":14}},"376":{"start":{"line":608,"column":16},"end":{"line":608,"column":111}},"377":{"start":{"line":608,"column":29},"end":{"line":608,"column":58}},"378":{"start":{"line":611,"column":12},"end":{"line":613,"column":14}},"379":{"start":{"line":612,"column":16},"end":{"line":612,"column":118}},"380":{"start":{"line":612,"column":29},"end":{"line":612,"column":65}},"381":{"start":{"line":615,"column":12},"end":{"line":617,"column":14}},"382":{"start":{"line":616,"column":16},"end":{"line":616,"column":101}},"383":{"start":{"line":616,"column":29},"end":{"line":616,"column":58}},"384":{"start":{"line":620,"column":8},"end":{"line":715,"column":10}},"385":{"start":{"line":627,"column":12},"end":{"line":669,"column":14}},"386":{"start":{"line":628,"column":16},"end":{"line":632,"column":18}},"387":{"start":{"line":634,"column":16},"end":{"line":638,"column":18}},"388":{"start":{"line":640,"column":16},"end":{"line":644,"column":18}},"389":{"start":{"line":646,"column":16},"end":{"line":650,"column":18}},"390":{"start":{"line":652,"column":16},"end":{"line":656,"column":18}},"391":{"start":{"line":658,"column":16},"end":{"line":658,"column":44}},"392":{"start":{"line":659,"column":16},"end":{"line":659,"column":44}},"393":{"start":{"line":660,"column":16},"end":{"line":660,"column":44}},"394":{"start":{"line":661,"column":16},"end":{"line":661,"column":44}},"395":{"start":{"line":662,"column":16},"end":{"line":662,"column":42}},"396":{"start":{"line":663,"column":16},"end":{"line":663,"column":45}},"397":{"start":{"line":664,"column":16},"end":{"line":664,"column":45}},"398":{"start":{"line":665,"column":16},"end":{"line":665,"column":42}},"399":{"start":{"line":668,"column":16},"end":{"line":668,"column":104}},"400":{"start":{"line":672,"column":12},"end":{"line":680,"column":14}},"401":{"start":{"line":673,"column":28},"end":{"line":673,"column":61}},"402":{"start":{"line":675,"column":16},"end":{"line":675,"column":47}},"403":{"start":{"line":677,"column":16},"end":{"line":677,"column":46}},"404":{"start":{"line":683,"column":12},"end":{"line":697,"column":14}},"405":{"start":{"line":684,"column":32},"end":{"line":684,"column":40}},"406":{"start":{"line":686,"column":16},"end":{"line":695,"column":17}},"407":{"start":{"line":687,"column":20},"end":{"line":687,"column":53}},"408":{"start":{"line":690,"column":20},"end":{"line":690,"column":53}},"409":{"start":{"line":692,"column":20},"end":{"line":692,"column":68}},"410":{"start":{"line":694,"column":20},"end":{"line":694,"column":90}},"411":{"start":{"line":700,"column":12},"end":{"line":702,"column":14}},"412":{"start":{"line":701,"column":16},"end":{"line":701,"column":106}},"413":{"start":{"line":701,"column":29},"end":{"line":701,"column":56}},"414":{"start":{"line":704,"column":12},"end":{"line":706,"column":14}},"415":{"start":{"line":705,"column":16},"end":{"line":705,"column":95}},"416":{"start":{"line":705,"column":29},"end":{"line":705,"column":49}},"417":{"start":{"line":708,"column":12},"end":{"line":710,"column":14}},"418":{"start":{"line":709,"column":16},"end":{"line":709,"column":102}},"419":{"start":{"line":709,"column":29},"end":{"line":709,"column":56}},"420":{"start":{"line":712,"column":12},"end":{"line":714,"column":14}},"421":{"start":{"line":713,"column":16},"end":{"line":713,"column":92}},"422":{"start":{"line":713,"column":29},"end":{"line":713,"column":49}},"423":{"start":{"line":717,"column":8},"end":{"line":765,"column":10}},"424":{"start":{"line":723,"column":12},"end":{"line":752,"column":14}},"425":{"start":{"line":724,"column":16},"end":{"line":728,"column":18}},"426":{"start":{"line":730,"column":16},"end":{"line":734,"column":18}},"427":{"start":{"line":736,"column":16},"end":{"line":740,"column":18}},"428":{"start":{"line":742,"column":16},"end":{"line":746,"column":18}},"429":{"start":{"line":748,"column":16},"end":{"line":748,"column":33}},"430":{"start":{"line":749,"column":16},"end":{"line":749,"column":34}},"431":{"start":{"line":750,"column":16},"end":{"line":750,"column":34}},"432":{"start":{"line":751,"column":16},"end":{"line":751,"column":34}},"433":{"start":{"line":754,"column":12},"end":{"line":764,"column":14}},"434":{"start":{"line":756,"column":35},"end":{"line":756,"column":70}},"435":{"start":{"line":758,"column":16},"end":{"line":758,"column":53}},"436":{"start":{"line":759,"column":16},"end":{"line":759,"column":63}},"437":{"start":{"line":760,"column":16},"end":{"line":760,"column":63}},"438":{"start":{"line":761,"column":16},"end":{"line":761,"column":79}},"439":{"start":{"line":762,"column":16},"end":{"line":762,"column":79}},"440":{"start":{"line":767,"column":8},"end":{"line":793,"column":10}},"441":{"start":{"line":770,"column":12},"end":{"line":777,"column":14}},"442":{"start":{"line":771,"column":16},"end":{"line":775,"column":18}},"443":{"start":{"line":776,"column":16},"end":{"line":776,"column":33}},"444":{"start":{"line":778,"column":12},"end":{"line":791,"column":14}},"445":{"start":{"line":780,"column":30},"end":{"line":780,"column":38}},"446":{"start":{"line":782,"column":28},"end":{"line":782,"column":80}},"447":{"start":{"line":784,"column":16},"end":{"line":784,"column":47}},"448":{"start":{"line":786,"column":30},"end":{"line":786,"column":58}},"449":{"start":{"line":788,"column":16},"end":{"line":788,"column":50}},"450":{"start":{"line":790,"column":16},"end":{"line":790,"column":56}},"451":{"start":{"line":795,"column":8},"end":{"line":823,"column":10}},"452":{"start":{"line":798,"column":12},"end":{"line":810,"column":14}},"453":{"start":{"line":799,"column":16},"end":{"line":803,"column":18}},"454":{"start":{"line":805,"column":16},"end":{"line":805,"column":33}},"455":{"start":{"line":807,"column":30},"end":{"line":807,"column":38}},"456":{"start":{"line":809,"column":16},"end":{"line":809,"column":68}},"457":{"start":{"line":812,"column":12},"end":{"line":821,"column":14}},"458":{"start":{"line":815,"column":31},"end":{"line":815,"column":70}},"459":{"start":{"line":817,"column":16},"end":{"line":817,"column":50}},"460":{"start":{"line":819,"column":16},"end":{"line":819,"column":54}},"461":{"start":{"line":820,"column":16},"end":{"line":820,"column":54}},"462":{"start":{"line":830,"column":4},"end":{"line":1198,"column":6}},"463":{"start":{"line":834,"column":8},"end":{"line":851,"column":10}},"464":{"start":{"line":835,"column":12},"end":{"line":839,"column":14}},"465":{"start":{"line":841,"column":12},"end":{"line":845,"column":14}},"466":{"start":{"line":847,"column":12},"end":{"line":847,"column":40}},"467":{"start":{"line":848,"column":12},"end":{"line":848,"column":40}},"468":{"start":{"line":850,"column":12},"end":{"line":850,"column":58}},"469":{"start":{"line":853,"column":8},"end":{"line":967,"column":10}},"470":{"start":{"line":856,"column":12},"end":{"line":875,"column":14}},"471":{"start":{"line":857,"column":29},"end":{"line":857,"column":41}},"472":{"start":{"line":858,"column":28},"end":{"line":858,"column":75}},"473":{"start":{"line":860,"column":16},"end":{"line":860,"column":43}},"474":{"start":{"line":862,"column":33},"end":{"line":862,"column":53}},"475":{"start":{"line":864,"column":16},"end":{"line":864,"column":51}},"476":{"start":{"line":866,"column":34},"end":{"line":866,"column":42}},"477":{"start":{"line":868,"column":16},"end":{"line":868,"column":51}},"478":{"start":{"line":869,"column":16},"end":{"line":869,"column":68}},"479":{"start":{"line":870,"column":16},"end":{"line":870,"column":58}},"480":{"start":{"line":871,"column":16},"end":{"line":871,"column":65}},"481":{"start":{"line":872,"column":16},"end":{"line":872,"column":60}},"482":{"start":{"line":877,"column":12},"end":{"line":880,"column":14}},"483":{"start":{"line":878,"column":29},"end":{"line":878,"column":41}},"484":{"start":{"line":879,"column":16},"end":{"line":879,"column":122}},"485":{"start":{"line":879,"column":29},"end":{"line":879,"column":72}},"486":{"start":{"line":882,"column":12},"end":{"line":885,"column":14}},"487":{"start":{"line":883,"column":29},"end":{"line":883,"column":41}},"488":{"start":{"line":884,"column":16},"end":{"line":884,"column":113}},"489":{"start":{"line":884,"column":29},"end":{"line":884,"column":65}},"490":{"start":{"line":887,"column":12},"end":{"line":890,"column":14}},"491":{"start":{"line":888,"column":29},"end":{"line":888,"column":41}},"492":{"start":{"line":889,"column":16},"end":{"line":889,"column":120}},"493":{"start":{"line":889,"column":29},"end":{"line":889,"column":72}},"494":{"start":{"line":892,"column":12},"end":{"line":895,"column":14}},"495":{"start":{"line":893,"column":29},"end":{"line":893,"column":41}},"496":{"start":{"line":894,"column":16},"end":{"line":894,"column":108}},"497":{"start":{"line":894,"column":29},"end":{"line":894,"column":65}},"498":{"start":{"line":897,"column":12},"end":{"line":900,"column":14}},"499":{"start":{"line":898,"column":29},"end":{"line":898,"column":41}},"500":{"start":{"line":899,"column":16},"end":{"line":899,"column":121}},"501":{"start":{"line":899,"column":29},"end":{"line":899,"column":71}},"502":{"start":{"line":902,"column":12},"end":{"line":905,"column":14}},"503":{"start":{"line":903,"column":29},"end":{"line":903,"column":41}},"504":{"start":{"line":904,"column":16},"end":{"line":904,"column":114}},"505":{"start":{"line":904,"column":29},"end":{"line":904,"column":64}},"506":{"start":{"line":907,"column":12},"end":{"line":910,"column":14}},"507":{"start":{"line":908,"column":29},"end":{"line":908,"column":41}},"508":{"start":{"line":909,"column":16},"end":{"line":909,"column":121}},"509":{"start":{"line":909,"column":29},"end":{"line":909,"column":71}},"510":{"start":{"line":912,"column":12},"end":{"line":915,"column":14}},"511":{"start":{"line":913,"column":29},"end":{"line":913,"column":41}},"512":{"start":{"line":914,"column":16},"end":{"line":914,"column":107}},"513":{"start":{"line":914,"column":29},"end":{"line":914,"column":64}},"514":{"start":{"line":917,"column":12},"end":{"line":920,"column":14}},"515":{"start":{"line":918,"column":29},"end":{"line":918,"column":41}},"516":{"start":{"line":919,"column":16},"end":{"line":919,"column":126}},"517":{"start":{"line":919,"column":29},"end":{"line":919,"column":76}},"518":{"start":{"line":922,"column":12},"end":{"line":925,"column":14}},"519":{"start":{"line":923,"column":29},"end":{"line":923,"column":41}},"520":{"start":{"line":924,"column":16},"end":{"line":924,"column":116}},"521":{"start":{"line":924,"column":29},"end":{"line":924,"column":68}},"522":{"start":{"line":927,"column":12},"end":{"line":930,"column":14}},"523":{"start":{"line":928,"column":29},"end":{"line":928,"column":41}},"524":{"start":{"line":929,"column":16},"end":{"line":929,"column":123}},"525":{"start":{"line":929,"column":29},"end":{"line":929,"column":75}},"526":{"start":{"line":932,"column":12},"end":{"line":935,"column":14}},"527":{"start":{"line":933,"column":29},"end":{"line":933,"column":41}},"528":{"start":{"line":934,"column":16},"end":{"line":934,"column":111}},"529":{"start":{"line":934,"column":29},"end":{"line":934,"column":68}},"530":{"start":{"line":937,"column":12},"end":{"line":950,"column":14}},"531":{"start":{"line":938,"column":29},"end":{"line":938,"column":41}},"532":{"start":{"line":939,"column":32},"end":{"line":939,"column":39}},"533":{"start":{"line":940,"column":16},"end":{"line":947,"column":17}},"534":{"start":{"line":941,"column":32},"end":{"line":941,"column":79}},"535":{"start":{"line":944,"column":20},"end":{"line":944,"column":53}},"536":{"start":{"line":945,"column":20},"end":{"line":945,"column":68}},"537":{"start":{"line":946,"column":20},"end":{"line":946,"column":90}},"538":{"start":{"line":952,"column":12},"end":{"line":965,"column":14}},"539":{"start":{"line":953,"column":29},"end":{"line":953,"column":41}},"540":{"start":{"line":954,"column":32},"end":{"line":954,"column":39}},"541":{"start":{"line":955,"column":16},"end":{"line":962,"column":17}},"542":{"start":{"line":956,"column":32},"end":{"line":956,"column":78}},"543":{"start":{"line":959,"column":20},"end":{"line":959,"column":53}},"544":{"start":{"line":960,"column":20},"end":{"line":960,"column":68}},"545":{"start":{"line":961,"column":20},"end":{"line":961,"column":90}},"546":{"start":{"line":969,"column":8},"end":{"line":1060,"column":10}},"547":{"start":{"line":971,"column":12},"end":{"line":986,"column":14}},"548":{"start":{"line":972,"column":16},"end":{"line":974,"column":18}},"549":{"start":{"line":975,"column":16},"end":{"line":977,"column":18}},"550":{"start":{"line":978,"column":16},"end":{"line":980,"column":18}},"551":{"start":{"line":982,"column":16},"end":{"line":982,"column":37}},"552":{"start":{"line":983,"column":16},"end":{"line":983,"column":37}},"553":{"start":{"line":984,"column":16},"end":{"line":984,"column":37}},"554":{"start":{"line":989,"column":12},"end":{"line":1004,"column":14}},"555":{"start":{"line":991,"column":37},"end":{"line":991,"column":84}},"556":{"start":{"line":993,"column":16},"end":{"line":993,"column":55}},"557":{"start":{"line":995,"column":16},"end":{"line":995,"column":70}},"558":{"start":{"line":997,"column":16},"end":{"line":997,"column":70}},"559":{"start":{"line":999,"column":16},"end":{"line":999,"column":67}},"560":{"start":{"line":1001,"column":32},"end":{"line":1001,"column":74}},"561":{"start":{"line":1003,"column":16},"end":{"line":1003,"column":58}},"562":{"start":{"line":1006,"column":12},"end":{"line":1026,"column":14}},"563":{"start":{"line":1008,"column":37},"end":{"line":1008,"column":84}},"564":{"start":{"line":1010,"column":16},"end":{"line":1010,"column":55}},"565":{"start":{"line":1012,"column":16},"end":{"line":1012,"column":70}},"566":{"start":{"line":1014,"column":16},"end":{"line":1014,"column":70}},"567":{"start":{"line":1016,"column":16},"end":{"line":1016,"column":67}},"568":{"start":{"line":1018,"column":32},"end":{"line":1018,"column":74}},"569":{"start":{"line":1020,"column":16},"end":{"line":1020,"column":57}},"570":{"start":{"line":1022,"column":33},"end":{"line":1022,"column":75}},"571":{"start":{"line":1024,"column":16},"end":{"line":1024,"column":58}},"572":{"start":{"line":1028,"column":12},"end":{"line":1030,"column":14}},"573":{"start":{"line":1029,"column":16},"end":{"line":1029,"column":122}},"574":{"start":{"line":1029,"column":29},"end":{"line":1029,"column":72}},"575":{"start":{"line":1032,"column":12},"end":{"line":1034,"column":14}},"576":{"start":{"line":1033,"column":16},"end":{"line":1033,"column":114}},"577":{"start":{"line":1033,"column":29},"end":{"line":1033,"column":65}},"578":{"start":{"line":1036,"column":12},"end":{"line":1038,"column":14}},"579":{"start":{"line":1037,"column":16},"end":{"line":1037,"column":121}},"580":{"start":{"line":1037,"column":29},"end":{"line":1037,"column":72}},"581":{"start":{"line":1040,"column":12},"end":{"line":1042,"column":14}},"582":{"start":{"line":1041,"column":16},"end":{"line":1041,"column":108}},"583":{"start":{"line":1041,"column":29},"end":{"line":1041,"column":65}},"584":{"start":{"line":1044,"column":12},"end":{"line":1046,"column":14}},"585":{"start":{"line":1045,"column":16},"end":{"line":1045,"column":121}},"586":{"start":{"line":1045,"column":29},"end":{"line":1045,"column":71}},"587":{"start":{"line":1048,"column":12},"end":{"line":1050,"column":14}},"588":{"start":{"line":1049,"column":16},"end":{"line":1049,"column":113}},"589":{"start":{"line":1049,"column":29},"end":{"line":1049,"column":64}},"590":{"start":{"line":1052,"column":12},"end":{"line":1054,"column":14}},"591":{"start":{"line":1053,"column":16},"end":{"line":1053,"column":120}},"592":{"start":{"line":1053,"column":29},"end":{"line":1053,"column":71}},"593":{"start":{"line":1056,"column":12},"end":{"line":1058,"column":14}},"594":{"start":{"line":1057,"column":16},"end":{"line":1057,"column":107}},"595":{"start":{"line":1057,"column":29},"end":{"line":1057,"column":64}},"596":{"start":{"line":1062,"column":8},"end":{"line":1130,"column":10}},"597":{"start":{"line":1064,"column":12},"end":{"line":1079,"column":14}},"598":{"start":{"line":1065,"column":16},"end":{"line":1067,"column":18}},"599":{"start":{"line":1068,"column":16},"end":{"line":1070,"column":18}},"600":{"start":{"line":1071,"column":16},"end":{"line":1073,"column":18}},"601":{"start":{"line":1075,"column":16},"end":{"line":1075,"column":37}},"602":{"start":{"line":1076,"column":16},"end":{"line":1076,"column":37}},"603":{"start":{"line":1077,"column":16},"end":{"line":1077,"column":37}},"604":{"start":{"line":1082,"column":12},"end":{"line":1095,"column":14}},"605":{"start":{"line":1084,"column":37},"end":{"line":1084,"column":81}},"606":{"start":{"line":1086,"column":16},"end":{"line":1086,"column":55}},"607":{"start":{"line":1088,"column":16},"end":{"line":1088,"column":70}},"608":{"start":{"line":1090,"column":16},"end":{"line":1090,"column":70}},"609":{"start":{"line":1092,"column":16},"end":{"line":1092,"column":67}},"610":{"start":{"line":1098,"column":12},"end":{"line":1100,"column":14}},"611":{"start":{"line":1099,"column":16},"end":{"line":1099,"column":119}},"612":{"start":{"line":1099,"column":29},"end":{"line":1099,"column":69}},"613":{"start":{"line":1102,"column":12},"end":{"line":1104,"column":14}},"614":{"start":{"line":1103,"column":16},"end":{"line":1103,"column":111}},"615":{"start":{"line":1103,"column":29},"end":{"line":1103,"column":62}},"616":{"start":{"line":1106,"column":12},"end":{"line":1108,"column":14}},"617":{"start":{"line":1107,"column":16},"end":{"line":1107,"column":118}},"618":{"start":{"line":1107,"column":29},"end":{"line":1107,"column":69}},"619":{"start":{"line":1110,"column":12},"end":{"line":1112,"column":14}},"620":{"start":{"line":1111,"column":16},"end":{"line":1111,"column":105}},"621":{"start":{"line":1111,"column":29},"end":{"line":1111,"column":62}},"622":{"start":{"line":1114,"column":12},"end":{"line":1116,"column":14}},"623":{"start":{"line":1115,"column":16},"end":{"line":1115,"column":118}},"624":{"start":{"line":1115,"column":29},"end":{"line":1115,"column":68}},"625":{"start":{"line":1118,"column":12},"end":{"line":1120,"column":14}},"626":{"start":{"line":1119,"column":16},"end":{"line":1119,"column":110}},"627":{"start":{"line":1119,"column":29},"end":{"line":1119,"column":61}},"628":{"start":{"line":1122,"column":12},"end":{"line":1124,"column":14}},"629":{"start":{"line":1123,"column":16},"end":{"line":1123,"column":117}},"630":{"start":{"line":1123,"column":29},"end":{"line":1123,"column":68}},"631":{"start":{"line":1126,"column":12},"end":{"line":1128,"column":14}},"632":{"start":{"line":1127,"column":16},"end":{"line":1127,"column":104}},"633":{"start":{"line":1127,"column":29},"end":{"line":1127,"column":61}},"634":{"start":{"line":1132,"column":8},"end":{"line":1196,"column":10}},"635":{"start":{"line":1134,"column":12},"end":{"line":1149,"column":14}},"636":{"start":{"line":1135,"column":16},"end":{"line":1137,"column":18}},"637":{"start":{"line":1138,"column":16},"end":{"line":1140,"column":18}},"638":{"start":{"line":1141,"column":16},"end":{"line":1143,"column":18}},"639":{"start":{"line":1145,"column":16},"end":{"line":1145,"column":37}},"640":{"start":{"line":1146,"column":16},"end":{"line":1146,"column":37}},"641":{"start":{"line":1147,"column":16},"end":{"line":1147,"column":37}},"642":{"start":{"line":1152,"column":12},"end":{"line":1161,"column":14}},"643":{"start":{"line":1154,"column":33},"end":{"line":1154,"column":71}},"644":{"start":{"line":1156,"column":16},"end":{"line":1156,"column":51}},"645":{"start":{"line":1158,"column":16},"end":{"line":1158,"column":53}},"646":{"start":{"line":1164,"column":12},"end":{"line":1166,"column":14}},"647":{"start":{"line":1165,"column":16},"end":{"line":1165,"column":112}},"648":{"start":{"line":1165,"column":29},"end":{"line":1165,"column":62}},"649":{"start":{"line":1168,"column":12},"end":{"line":1170,"column":14}},"650":{"start":{"line":1169,"column":16},"end":{"line":1169,"column":103}},"651":{"start":{"line":1169,"column":29},"end":{"line":1169,"column":55}},"652":{"start":{"line":1172,"column":12},"end":{"line":1174,"column":14}},"653":{"start":{"line":1173,"column":16},"end":{"line":1173,"column":110}},"654":{"start":{"line":1173,"column":29},"end":{"line":1173,"column":62}},"655":{"start":{"line":1176,"column":12},"end":{"line":1178,"column":14}},"656":{"start":{"line":1177,"column":16},"end":{"line":1177,"column":98}},"657":{"start":{"line":1177,"column":29},"end":{"line":1177,"column":55}},"658":{"start":{"line":1180,"column":12},"end":{"line":1182,"column":14}},"659":{"start":{"line":1181,"column":16},"end":{"line":1181,"column":112}},"660":{"start":{"line":1181,"column":29},"end":{"line":1181,"column":62}},"661":{"start":{"line":1184,"column":12},"end":{"line":1186,"column":14}},"662":{"start":{"line":1185,"column":16},"end":{"line":1185,"column":103}},"663":{"start":{"line":1185,"column":29},"end":{"line":1185,"column":55}},"664":{"start":{"line":1188,"column":12},"end":{"line":1190,"column":14}},"665":{"start":{"line":1189,"column":16},"end":{"line":1189,"column":110}},"666":{"start":{"line":1189,"column":29},"end":{"line":1189,"column":62}},"667":{"start":{"line":1192,"column":12},"end":{"line":1194,"column":14}},"668":{"start":{"line":1193,"column":16},"end":{"line":1193,"column":98}},"669":{"start":{"line":1193,"column":29},"end":{"line":1193,"column":55}},"670":{"start":{"line":1200,"column":4},"end":{"line":1292,"column":6}},"671":{"start":{"line":1205,"column":8},"end":{"line":1222,"column":10}},"672":{"start":{"line":1206,"column":12},"end":{"line":1210,"column":14}},"673":{"start":{"line":1212,"column":12},"end":{"line":1216,"column":14}},"674":{"start":{"line":1218,"column":12},"end":{"line":1218,"column":40}},"675":{"start":{"line":1219,"column":12},"end":{"line":1219,"column":40}},"676":{"start":{"line":1221,"column":12},"end":{"line":1221,"column":58}},"677":{"start":{"line":1224,"column":8},"end":{"line":1237,"column":10}},"678":{"start":{"line":1226,"column":12},"end":{"line":1226,"column":52}},"679":{"start":{"line":1228,"column":26},"end":{"line":1228,"column":54}},"680":{"start":{"line":1229,"column":27},"end":{"line":1229,"column":56}},"681":{"start":{"line":1231,"column":12},"end":{"line":1231,"column":51}},"682":{"start":{"line":1232,"column":12},"end":{"line":1232,"column":54}},"683":{"start":{"line":1233,"column":12},"end":{"line":1233,"column":55}},"684":{"start":{"line":1234,"column":12},"end":{"line":1234,"column":57}},"685":{"start":{"line":1239,"column":8},"end":{"line":1245,"column":10}},"686":{"start":{"line":1240,"column":12},"end":{"line":1244,"column":13}},"687":{"start":{"line":1241,"column":16},"end":{"line":1241,"column":55}},"688":{"start":{"line":1243,"column":16},"end":{"line":1243,"column":86}},"689":{"start":{"line":1247,"column":8},"end":{"line":1256,"column":10}},"690":{"start":{"line":1248,"column":12},"end":{"line":1248,"column":52}},"691":{"start":{"line":1250,"column":12},"end":{"line":1254,"column":13}},"692":{"start":{"line":1251,"column":16},"end":{"line":1251,"column":56}},"693":{"start":{"line":1253,"column":16},"end":{"line":1253,"column":104}},"694":{"start":{"line":1258,"column":8},"end":{"line":1260,"column":10}},"695":{"start":{"line":1259,"column":12},"end":{"line":1259,"column":111}},"696":{"start":{"line":1259,"column":25},"end":{"line":1259,"column":61}},"697":{"start":{"line":1262,"column":8},"end":{"line":1264,"column":10}},"698":{"start":{"line":1263,"column":12},"end":{"line":1263,"column":103}},"699":{"start":{"line":1263,"column":25},"end":{"line":1263,"column":54}},"700":{"start":{"line":1266,"column":8},"end":{"line":1268,"column":10}},"701":{"start":{"line":1267,"column":12},"end":{"line":1267,"column":110}},"702":{"start":{"line":1267,"column":25},"end":{"line":1267,"column":61}},"703":{"start":{"line":1270,"column":8},"end":{"line":1272,"column":10}},"704":{"start":{"line":1271,"column":12},"end":{"line":1271,"column":97}},"705":{"start":{"line":1271,"column":25},"end":{"line":1271,"column":54}},"706":{"start":{"line":1274,"column":8},"end":{"line":1276,"column":10}},"707":{"start":{"line":1275,"column":12},"end":{"line":1275,"column":110}},"708":{"start":{"line":1275,"column":25},"end":{"line":1275,"column":60}},"709":{"start":{"line":1278,"column":8},"end":{"line":1280,"column":10}},"710":{"start":{"line":1279,"column":12},"end":{"line":1279,"column":102}},"711":{"start":{"line":1279,"column":25},"end":{"line":1279,"column":53}},"712":{"start":{"line":1282,"column":8},"end":{"line":1284,"column":10}},"713":{"start":{"line":1283,"column":12},"end":{"line":1283,"column":109}},"714":{"start":{"line":1283,"column":25},"end":{"line":1283,"column":60}},"715":{"start":{"line":1286,"column":8},"end":{"line":1288,"column":10}},"716":{"start":{"line":1287,"column":12},"end":{"line":1287,"column":96}},"717":{"start":{"line":1287,"column":25},"end":{"line":1287,"column":53}},"718":{"start":{"line":1296,"column":4},"end":{"line":1296,"column":75}},"719":{"start":{"line":1296,"column":20},"end":{"line":1296,"column":74}},"720":{"start":{"line":1298,"column":4},"end":{"line":1298,"column":38}},"721":{"start":{"line":1298,"column":16},"end":{"line":1298,"column":37}}},"fnMap":{"0":{"name":"(anonymous_0)","decl":{"start":{"line":16,"column":18},"end":{"line":16,"column":19}},"loc":{"start":{"line":16,"column":24},"end":{"line":1299,"column":1}},"line":16},"1":{"name":"(anonymous_1)","decl":{"start":{"line":17,"column":11},"end":{"line":17,"column":12}},"loc":{"start":{"line":17,"column":17},"end":{"line":17,"column":98}},"line":17},"2":{"name":"(anonymous_2)","decl":{"start":{"line":19,"column":15},"end":{"line":19,"column":16}},"loc":{"start":{"line":19,"column":21},"end":{"line":19,"column":75}},"line":19},"3":{"name":"(anonymous_3)","decl":{"start":{"line":21,"column":21},"end":{"line":21,"column":22}},"loc":{"start":{"line":21,"column":27},"end":{"line":827,"column":5}},"line":21},"4":{"name":"(anonymous_4)","decl":{"start":{"line":22,"column":29},"end":{"line":22,"column":30}},"loc":{"start":{"line":22,"column":35},"end":{"line":223,"column":9}},"line":22},"5":{"name":"(anonymous_5)","decl":{"start":{"line":25,"column":23},"end":{"line":25,"column":24}},"loc":{"start":{"line":25,"column":29},"end":{"line":36,"column":13}},"line":25},"6":{"name":"(anonymous_6)","decl":{"start":{"line":38,"column":49},"end":{"line":38,"column":50}},"loc":{"start":{"line":38,"column":61},"end":{"line":61,"column":13}},"line":38},"7":{"name":"(anonymous_7)","decl":{"start":{"line":63,"column":48},"end":{"line":63,"column":49}},"loc":{"start":{"line":63,"column":54},"end":{"line":65,"column":13}},"line":63},"8":{"name":"(anonymous_8)","decl":{"start":{"line":64,"column":23},"end":{"line":64,"column":24}},"loc":{"start":{"line":64,"column":29},"end":{"line":64,"column":141}},"line":64},"9":{"name":"(anonymous_9)","decl":{"start":{"line":67,"column":44},"end":{"line":67,"column":45}},"loc":{"start":{"line":67,"column":50},"end":{"line":69,"column":13}},"line":67},"10":{"name":"(anonymous_10)","decl":{"start":{"line":68,"column":23},"end":{"line":68,"column":24}},"loc":{"start":{"line":68,"column":29},"end":{"line":68,"column":134}},"line":68},"11":{"name":"(anonymous_11)","decl":{"start":{"line":71,"column":44},"end":{"line":71,"column":45}},"loc":{"start":{"line":71,"column":50},"end":{"line":73,"column":13}},"line":71},"12":{"name":"(anonymous_12)","decl":{"start":{"line":72,"column":23},"end":{"line":72,"column":24}},"loc":{"start":{"line":72,"column":29},"end":{"line":72,"column":141}},"line":72},"13":{"name":"(anonymous_13)","decl":{"start":{"line":75,"column":49},"end":{"line":75,"column":50}},"loc":{"start":{"line":75,"column":55},"end":{"line":77,"column":13}},"line":75},"14":{"name":"(anonymous_14)","decl":{"start":{"line":76,"column":23},"end":{"line":76,"column":24}},"loc":{"start":{"line":76,"column":29},"end":{"line":76,"column":134}},"line":76},"15":{"name":"(anonymous_15)","decl":{"start":{"line":79,"column":51},"end":{"line":79,"column":52}},"loc":{"start":{"line":79,"column":57},"end":{"line":81,"column":13}},"line":79},"16":{"name":"(anonymous_16)","decl":{"start":{"line":80,"column":23},"end":{"line":80,"column":24}},"loc":{"start":{"line":80,"column":29},"end":{"line":80,"column":138}},"line":80},"17":{"name":"(anonymous_17)","decl":{"start":{"line":83,"column":47},"end":{"line":83,"column":48}},"loc":{"start":{"line":83,"column":53},"end":{"line":85,"column":13}},"line":83},"18":{"name":"(anonymous_18)","decl":{"start":{"line":84,"column":23},"end":{"line":84,"column":24}},"loc":{"start":{"line":84,"column":29},"end":{"line":84,"column":131}},"line":84},"19":{"name":"(anonymous_19)","decl":{"start":{"line":87,"column":47},"end":{"line":87,"column":48}},"loc":{"start":{"line":87,"column":53},"end":{"line":89,"column":13}},"line":87},"20":{"name":"(anonymous_20)","decl":{"start":{"line":88,"column":23},"end":{"line":88,"column":24}},"loc":{"start":{"line":88,"column":29},"end":{"line":88,"column":138}},"line":88},"21":{"name":"(anonymous_21)","decl":{"start":{"line":91,"column":52},"end":{"line":91,"column":53}},"loc":{"start":{"line":91,"column":58},"end":{"line":93,"column":13}},"line":91},"22":{"name":"(anonymous_22)","decl":{"start":{"line":92,"column":23},"end":{"line":92,"column":24}},"loc":{"start":{"line":92,"column":29},"end":{"line":92,"column":131}},"line":92},"23":{"name":"(anonymous_23)","decl":{"start":{"line":95,"column":52},"end":{"line":95,"column":53}},"loc":{"start":{"line":95,"column":58},"end":{"line":97,"column":13}},"line":95},"24":{"name":"(anonymous_24)","decl":{"start":{"line":96,"column":23},"end":{"line":96,"column":24}},"loc":{"start":{"line":96,"column":29},"end":{"line":96,"column":137}},"line":96},"25":{"name":"(anonymous_25)","decl":{"start":{"line":99,"column":48},"end":{"line":99,"column":49}},"loc":{"start":{"line":99,"column":54},"end":{"line":101,"column":13}},"line":99},"26":{"name":"(anonymous_26)","decl":{"start":{"line":100,"column":23},"end":{"line":100,"column":24}},"loc":{"start":{"line":100,"column":29},"end":{"line":100,"column":130}},"line":100},"27":{"name":"(anonymous_27)","decl":{"start":{"line":103,"column":48},"end":{"line":103,"column":49}},"loc":{"start":{"line":103,"column":54},"end":{"line":105,"column":13}},"line":103},"28":{"name":"(anonymous_28)","decl":{"start":{"line":104,"column":23},"end":{"line":104,"column":24}},"loc":{"start":{"line":104,"column":29},"end":{"line":104,"column":137}},"line":104},"29":{"name":"(anonymous_29)","decl":{"start":{"line":107,"column":53},"end":{"line":107,"column":54}},"loc":{"start":{"line":107,"column":59},"end":{"line":109,"column":13}},"line":107},"30":{"name":"(anonymous_30)","decl":{"start":{"line":108,"column":23},"end":{"line":108,"column":24}},"loc":{"start":{"line":108,"column":29},"end":{"line":108,"column":130}},"line":108},"31":{"name":"(anonymous_31)","decl":{"start":{"line":111,"column":52},"end":{"line":111,"column":53}},"loc":{"start":{"line":111,"column":58},"end":{"line":113,"column":13}},"line":111},"32":{"name":"(anonymous_32)","decl":{"start":{"line":112,"column":23},"end":{"line":112,"column":24}},"loc":{"start":{"line":112,"column":29},"end":{"line":112,"column":137}},"line":112},"33":{"name":"(anonymous_33)","decl":{"start":{"line":115,"column":48},"end":{"line":115,"column":49}},"loc":{"start":{"line":115,"column":54},"end":{"line":117,"column":13}},"line":115},"34":{"name":"(anonymous_34)","decl":{"start":{"line":116,"column":23},"end":{"line":116,"column":24}},"loc":{"start":{"line":116,"column":29},"end":{"line":116,"column":130}},"line":116},"35":{"name":"(anonymous_35)","decl":{"start":{"line":119,"column":48},"end":{"line":119,"column":49}},"loc":{"start":{"line":119,"column":54},"end":{"line":121,"column":13}},"line":119},"36":{"name":"(anonymous_36)","decl":{"start":{"line":120,"column":23},"end":{"line":120,"column":24}},"loc":{"start":{"line":120,"column":29},"end":{"line":120,"column":137}},"line":120},"37":{"name":"(anonymous_37)","decl":{"start":{"line":123,"column":53},"end":{"line":123,"column":54}},"loc":{"start":{"line":123,"column":59},"end":{"line":125,"column":13}},"line":123},"38":{"name":"(anonymous_38)","decl":{"start":{"line":124,"column":23},"end":{"line":124,"column":24}},"loc":{"start":{"line":124,"column":29},"end":{"line":124,"column":130}},"line":124},"39":{"name":"(anonymous_39)","decl":{"start":{"line":127,"column":47},"end":{"line":127,"column":48}},"loc":{"start":{"line":127,"column":53},"end":{"line":129,"column":13}},"line":127},"40":{"name":"(anonymous_40)","decl":{"start":{"line":128,"column":23},"end":{"line":128,"column":24}},"loc":{"start":{"line":128,"column":29},"end":{"line":128,"column":142}},"line":128},"41":{"name":"(anonymous_41)","decl":{"start":{"line":131,"column":43},"end":{"line":131,"column":44}},"loc":{"start":{"line":131,"column":49},"end":{"line":133,"column":13}},"line":131},"42":{"name":"(anonymous_42)","decl":{"start":{"line":132,"column":23},"end":{"line":132,"column":24}},"loc":{"start":{"line":132,"column":29},"end":{"line":132,"column":135}},"line":132},"43":{"name":"(anonymous_43)","decl":{"start":{"line":135,"column":43},"end":{"line":135,"column":44}},"loc":{"start":{"line":135,"column":49},"end":{"line":137,"column":13}},"line":135},"44":{"name":"(anonymous_44)","decl":{"start":{"line":136,"column":23},"end":{"line":136,"column":24}},"loc":{"start":{"line":136,"column":29},"end":{"line":136,"column":142}},"line":136},"45":{"name":"(anonymous_45)","decl":{"start":{"line":139,"column":48},"end":{"line":139,"column":49}},"loc":{"start":{"line":139,"column":54},"end":{"line":141,"column":13}},"line":139},"46":{"name":"(anonymous_46)","decl":{"start":{"line":140,"column":23},"end":{"line":140,"column":24}},"loc":{"start":{"line":140,"column":29},"end":{"line":140,"column":135}},"line":140},"47":{"name":"(anonymous_47)","decl":{"start":{"line":143,"column":47},"end":{"line":143,"column":48}},"loc":{"start":{"line":143,"column":53},"end":{"line":145,"column":13}},"line":143},"48":{"name":"(anonymous_48)","decl":{"start":{"line":144,"column":23},"end":{"line":144,"column":24}},"loc":{"start":{"line":144,"column":29},"end":{"line":144,"column":142}},"line":144},"49":{"name":"(anonymous_49)","decl":{"start":{"line":147,"column":43},"end":{"line":147,"column":44}},"loc":{"start":{"line":147,"column":49},"end":{"line":149,"column":13}},"line":147},"50":{"name":"(anonymous_50)","decl":{"start":{"line":148,"column":23},"end":{"line":148,"column":24}},"loc":{"start":{"line":148,"column":29},"end":{"line":148,"column":135}},"line":148},"51":{"name":"(anonymous_51)","decl":{"start":{"line":151,"column":43},"end":{"line":151,"column":44}},"loc":{"start":{"line":151,"column":49},"end":{"line":153,"column":13}},"line":151},"52":{"name":"(anonymous_52)","decl":{"start":{"line":152,"column":23},"end":{"line":152,"column":24}},"loc":{"start":{"line":152,"column":29},"end":{"line":152,"column":142}},"line":152},"53":{"name":"(anonymous_53)","decl":{"start":{"line":155,"column":48},"end":{"line":155,"column":49}},"loc":{"start":{"line":155,"column":54},"end":{"line":157,"column":13}},"line":155},"54":{"name":"(anonymous_54)","decl":{"start":{"line":156,"column":23},"end":{"line":156,"column":24}},"loc":{"start":{"line":156,"column":29},"end":{"line":156,"column":145}},"line":156},"55":{"name":"(anonymous_55)","decl":{"start":{"line":159,"column":48},"end":{"line":159,"column":49}},"loc":{"start":{"line":159,"column":54},"end":{"line":161,"column":13}},"line":159},"56":{"name":"(anonymous_56)","decl":{"start":{"line":160,"column":23},"end":{"line":160,"column":24}},"loc":{"start":{"line":160,"column":29},"end":{"line":160,"column":141}},"line":160},"57":{"name":"(anonymous_57)","decl":{"start":{"line":163,"column":44},"end":{"line":163,"column":45}},"loc":{"start":{"line":163,"column":50},"end":{"line":165,"column":13}},"line":163},"58":{"name":"(anonymous_58)","decl":{"start":{"line":164,"column":23},"end":{"line":164,"column":24}},"loc":{"start":{"line":164,"column":29},"end":{"line":164,"column":134}},"line":164},"59":{"name":"(anonymous_59)","decl":{"start":{"line":167,"column":44},"end":{"line":167,"column":45}},"loc":{"start":{"line":167,"column":50},"end":{"line":169,"column":13}},"line":167},"60":{"name":"(anonymous_60)","decl":{"start":{"line":168,"column":23},"end":{"line":168,"column":24}},"loc":{"start":{"line":168,"column":29},"end":{"line":168,"column":141}},"line":168},"61":{"name":"(anonymous_61)","decl":{"start":{"line":171,"column":49},"end":{"line":171,"column":50}},"loc":{"start":{"line":171,"column":55},"end":{"line":173,"column":13}},"line":171},"62":{"name":"(anonymous_62)","decl":{"start":{"line":172,"column":23},"end":{"line":172,"column":24}},"loc":{"start":{"line":172,"column":29},"end":{"line":172,"column":134}},"line":172},"63":{"name":"(anonymous_63)","decl":{"start":{"line":175,"column":56},"end":{"line":175,"column":57}},"loc":{"start":{"line":175,"column":62},"end":{"line":177,"column":13}},"line":175},"64":{"name":"(anonymous_64)","decl":{"start":{"line":176,"column":23},"end":{"line":176,"column":24}},"loc":{"start":{"line":176,"column":29},"end":{"line":176,"column":133}},"line":176},"65":{"name":"(anonymous_65)","decl":{"start":{"line":179,"column":52},"end":{"line":179,"column":53}},"loc":{"start":{"line":179,"column":58},"end":{"line":181,"column":13}},"line":179},"66":{"name":"(anonymous_66)","decl":{"start":{"line":180,"column":23},"end":{"line":180,"column":24}},"loc":{"start":{"line":180,"column":29},"end":{"line":180,"column":126}},"line":180},"67":{"name":"(anonymous_67)","decl":{"start":{"line":183,"column":52},"end":{"line":183,"column":53}},"loc":{"start":{"line":183,"column":58},"end":{"line":185,"column":13}},"line":183},"68":{"name":"(anonymous_68)","decl":{"start":{"line":184,"column":23},"end":{"line":184,"column":24}},"loc":{"start":{"line":184,"column":29},"end":{"line":184,"column":133}},"line":184},"69":{"name":"(anonymous_69)","decl":{"start":{"line":187,"column":57},"end":{"line":187,"column":58}},"loc":{"start":{"line":187,"column":63},"end":{"line":189,"column":13}},"line":187},"70":{"name":"(anonymous_70)","decl":{"start":{"line":188,"column":23},"end":{"line":188,"column":24}},"loc":{"start":{"line":188,"column":29},"end":{"line":188,"column":126}},"line":188},"71":{"name":"(anonymous_71)","decl":{"start":{"line":191,"column":54},"end":{"line":191,"column":55}},"loc":{"start":{"line":191,"column":60},"end":{"line":193,"column":13}},"line":191},"72":{"name":"(anonymous_72)","decl":{"start":{"line":192,"column":23},"end":{"line":192,"column":24}},"loc":{"start":{"line":192,"column":29},"end":{"line":192,"column":135}},"line":192},"73":{"name":"(anonymous_73)","decl":{"start":{"line":195,"column":50},"end":{"line":195,"column":51}},"loc":{"start":{"line":195,"column":56},"end":{"line":197,"column":13}},"line":195},"74":{"name":"(anonymous_74)","decl":{"start":{"line":196,"column":23},"end":{"line":196,"column":24}},"loc":{"start":{"line":196,"column":29},"end":{"line":196,"column":128}},"line":196},"75":{"name":"(anonymous_75)","decl":{"start":{"line":199,"column":50},"end":{"line":199,"column":51}},"loc":{"start":{"line":199,"column":56},"end":{"line":201,"column":13}},"line":199},"76":{"name":"(anonymous_76)","decl":{"start":{"line":200,"column":23},"end":{"line":200,"column":24}},"loc":{"start":{"line":200,"column":29},"end":{"line":200,"column":135}},"line":200},"77":{"name":"(anonymous_77)","decl":{"start":{"line":203,"column":55},"end":{"line":203,"column":56}},"loc":{"start":{"line":203,"column":61},"end":{"line":205,"column":13}},"line":203},"78":{"name":"(anonymous_78)","decl":{"start":{"line":204,"column":23},"end":{"line":204,"column":24}},"loc":{"start":{"line":204,"column":29},"end":{"line":204,"column":134}},"line":204},"79":{"name":"(anonymous_79)","decl":{"start":{"line":207,"column":54},"end":{"line":207,"column":55}},"loc":{"start":{"line":207,"column":60},"end":{"line":209,"column":13}},"line":207},"80":{"name":"(anonymous_80)","decl":{"start":{"line":208,"column":23},"end":{"line":208,"column":24}},"loc":{"start":{"line":208,"column":29},"end":{"line":208,"column":135}},"line":208},"81":{"name":"(anonymous_81)","decl":{"start":{"line":211,"column":50},"end":{"line":211,"column":51}},"loc":{"start":{"line":211,"column":56},"end":{"line":213,"column":13}},"line":211},"82":{"name":"(anonymous_82)","decl":{"start":{"line":212,"column":23},"end":{"line":212,"column":24}},"loc":{"start":{"line":212,"column":29},"end":{"line":212,"column":128}},"line":212},"83":{"name":"(anonymous_83)","decl":{"start":{"line":215,"column":50},"end":{"line":215,"column":51}},"loc":{"start":{"line":215,"column":56},"end":{"line":217,"column":13}},"line":215},"84":{"name":"(anonymous_84)","decl":{"start":{"line":216,"column":23},"end":{"line":216,"column":24}},"loc":{"start":{"line":216,"column":29},"end":{"line":216,"column":135}},"line":216},"85":{"name":"(anonymous_85)","decl":{"start":{"line":219,"column":55},"end":{"line":219,"column":56}},"loc":{"start":{"line":219,"column":61},"end":{"line":221,"column":13}},"line":219},"86":{"name":"(anonymous_86)","decl":{"start":{"line":220,"column":23},"end":{"line":220,"column":24}},"loc":{"start":{"line":220,"column":29},"end":{"line":220,"column":134}},"line":220},"87":{"name":"(anonymous_87)","decl":{"start":{"line":225,"column":33},"end":{"line":225,"column":34}},"loc":{"start":{"line":225,"column":39},"end":{"line":315,"column":9}},"line":225},"88":{"name":"(anonymous_88)","decl":{"start":{"line":228,"column":23},"end":{"line":228,"column":24}},"loc":{"start":{"line":228,"column":29},"end":{"line":231,"column":22}},"line":228},"89":{"name":"(anonymous_89)","decl":{"start":{"line":233,"column":61},"end":{"line":233,"column":62}},"loc":{"start":{"line":233,"column":73},"end":{"line":246,"column":13}},"line":233},"90":{"name":"(anonymous_90)","decl":{"start":{"line":248,"column":52},"end":{"line":248,"column":53}},"loc":{"start":{"line":248,"column":64},"end":{"line":263,"column":13}},"line":248},"91":{"name":"(anonymous_91)","decl":{"start":{"line":265,"column":52},"end":{"line":265,"column":53}},"loc":{"start":{"line":265,"column":64},"end":{"line":280,"column":13}},"line":265},"92":{"name":"(anonymous_92)","decl":{"start":{"line":282,"column":52},"end":{"line":282,"column":53}},"loc":{"start":{"line":282,"column":58},"end":{"line":284,"column":13}},"line":282},"93":{"name":"(anonymous_93)","decl":{"start":{"line":283,"column":23},"end":{"line":283,"column":24}},"loc":{"start":{"line":283,"column":29},"end":{"line":283,"column":77}},"line":283},"94":{"name":"(anonymous_94)","decl":{"start":{"line":286,"column":48},"end":{"line":286,"column":49}},"loc":{"start":{"line":286,"column":54},"end":{"line":288,"column":13}},"line":286},"95":{"name":"(anonymous_95)","decl":{"start":{"line":287,"column":23},"end":{"line":287,"column":24}},"loc":{"start":{"line":287,"column":29},"end":{"line":287,"column":70}},"line":287},"96":{"name":"(anonymous_96)","decl":{"start":{"line":290,"column":48},"end":{"line":290,"column":49}},"loc":{"start":{"line":290,"column":54},"end":{"line":292,"column":13}},"line":290},"97":{"name":"(anonymous_97)","decl":{"start":{"line":291,"column":23},"end":{"line":291,"column":24}},"loc":{"start":{"line":291,"column":29},"end":{"line":291,"column":77}},"line":291},"98":{"name":"(anonymous_98)","decl":{"start":{"line":294,"column":53},"end":{"line":294,"column":54}},"loc":{"start":{"line":294,"column":59},"end":{"line":296,"column":13}},"line":294},"99":{"name":"(anonymous_99)","decl":{"start":{"line":295,"column":23},"end":{"line":295,"column":24}},"loc":{"start":{"line":295,"column":29},"end":{"line":295,"column":70}},"line":295},"100":{"name":"(anonymous_100)","decl":{"start":{"line":298,"column":52},"end":{"line":298,"column":53}},"loc":{"start":{"line":298,"column":58},"end":{"line":300,"column":13}},"line":298},"101":{"name":"(anonymous_101)","decl":{"start":{"line":299,"column":23},"end":{"line":299,"column":24}},"loc":{"start":{"line":299,"column":29},"end":{"line":299,"column":77}},"line":299},"102":{"name":"(anonymous_102)","decl":{"start":{"line":302,"column":48},"end":{"line":302,"column":49}},"loc":{"start":{"line":302,"column":54},"end":{"line":304,"column":13}},"line":302},"103":{"name":"(anonymous_103)","decl":{"start":{"line":303,"column":23},"end":{"line":303,"column":24}},"loc":{"start":{"line":303,"column":29},"end":{"line":303,"column":70}},"line":303},"104":{"name":"(anonymous_104)","decl":{"start":{"line":306,"column":48},"end":{"line":306,"column":49}},"loc":{"start":{"line":306,"column":54},"end":{"line":308,"column":13}},"line":306},"105":{"name":"(anonymous_105)","decl":{"start":{"line":307,"column":23},"end":{"line":307,"column":24}},"loc":{"start":{"line":307,"column":29},"end":{"line":307,"column":77}},"line":307},"106":{"name":"(anonymous_106)","decl":{"start":{"line":310,"column":53},"end":{"line":310,"column":54}},"loc":{"start":{"line":310,"column":59},"end":{"line":312,"column":13}},"line":310},"107":{"name":"(anonymous_107)","decl":{"start":{"line":311,"column":23},"end":{"line":311,"column":24}},"loc":{"start":{"line":311,"column":29},"end":{"line":311,"column":70}},"line":311},"108":{"name":"(anonymous_108)","decl":{"start":{"line":317,"column":29},"end":{"line":317,"column":30}},"loc":{"start":{"line":317,"column":35},"end":{"line":376,"column":9}},"line":317},"109":{"name":"(anonymous_109)","decl":{"start":{"line":320,"column":23},"end":{"line":320,"column":24}},"loc":{"start":{"line":320,"column":35},"end":{"line":328,"column":13}},"line":320},"110":{"name":"(anonymous_110)","decl":{"start":{"line":330,"column":45},"end":{"line":330,"column":46}},"loc":{"start":{"line":330,"column":57},"end":{"line":344,"column":13}},"line":330},"111":{"name":"(anonymous_111)","decl":{"start":{"line":346,"column":45},"end":{"line":346,"column":46}},"loc":{"start":{"line":346,"column":57},"end":{"line":359,"column":13}},"line":346},"112":{"name":"(anonymous_112)","decl":{"start":{"line":361,"column":46},"end":{"line":361,"column":47}},"loc":{"start":{"line":361,"column":52},"end":{"line":363,"column":13}},"line":361},"113":{"name":"(anonymous_113)","decl":{"start":{"line":362,"column":23},"end":{"line":362,"column":24}},"loc":{"start":{"line":362,"column":29},"end":{"line":362,"column":58}},"line":362},"114":{"name":"(anonymous_114)","decl":{"start":{"line":365,"column":42},"end":{"line":365,"column":43}},"loc":{"start":{"line":365,"column":48},"end":{"line":367,"column":13}},"line":365},"115":{"name":"(anonymous_115)","decl":{"start":{"line":366,"column":23},"end":{"line":366,"column":24}},"loc":{"start":{"line":366,"column":29},"end":{"line":366,"column":51}},"line":366},"116":{"name":"(anonymous_116)","decl":{"start":{"line":369,"column":42},"end":{"line":369,"column":43}},"loc":{"start":{"line":369,"column":48},"end":{"line":371,"column":13}},"line":369},"117":{"name":"(anonymous_117)","decl":{"start":{"line":370,"column":23},"end":{"line":370,"column":24}},"loc":{"start":{"line":370,"column":29},"end":{"line":370,"column":58}},"line":370},"118":{"name":"(anonymous_118)","decl":{"start":{"line":373,"column":47},"end":{"line":373,"column":48}},"loc":{"start":{"line":373,"column":53},"end":{"line":375,"column":13}},"line":373},"119":{"name":"(anonymous_119)","decl":{"start":{"line":374,"column":23},"end":{"line":374,"column":24}},"loc":{"start":{"line":374,"column":29},"end":{"line":374,"column":51}},"line":374},"120":{"name":"(anonymous_120)","decl":{"start":{"line":378,"column":27},"end":{"line":378,"column":28}},"loc":{"start":{"line":378,"column":33},"end":{"line":524,"column":9}},"line":378},"121":{"name":"(anonymous_121)","decl":{"start":{"line":381,"column":23},"end":{"line":381,"column":24}},"loc":{"start":{"line":381,"column":29},"end":{"line":384,"column":22}},"line":381},"122":{"name":"(anonymous_122)","decl":{"start":{"line":386,"column":61},"end":{"line":386,"column":62}},"loc":{"start":{"line":386,"column":73},"end":{"line":421,"column":13}},"line":386},"123":{"name":"(anonymous_123)","decl":{"start":{"line":423,"column":85},"end":{"line":423,"column":86}},"loc":{"start":{"line":423,"column":97},"end":{"line":442,"column":13}},"line":423},"124":{"name":"(anonymous_124)","decl":{"start":{"line":444,"column":88},"end":{"line":444,"column":89}},"loc":{"start":{"line":444,"column":100},"end":{"line":463,"column":13}},"line":444},"125":{"name":"(anonymous_125)","decl":{"start":{"line":467,"column":46},"end":{"line":467,"column":47}},"loc":{"start":{"line":467,"column":52},"end":{"line":471,"column":13}},"line":467},"126":{"name":"(anonymous_126)","decl":{"start":{"line":470,"column":23},"end":{"line":470,"column":24}},"loc":{"start":{"line":470,"column":29},"end":{"line":470,"column":101}},"line":470},"127":{"name":"(anonymous_127)","decl":{"start":{"line":475,"column":43},"end":{"line":475,"column":44}},"loc":{"start":{"line":475,"column":49},"end":{"line":522,"column":13}},"line":475},"128":{"name":"(anonymous_128)","decl":{"start":{"line":478,"column":27},"end":{"line":478,"column":28}},"loc":{"start":{"line":478,"column":39},"end":{"line":486,"column":17}},"line":478},"129":{"name":"(anonymous_129)","decl":{"start":{"line":488,"column":65},"end":{"line":488,"column":66}},"loc":{"start":{"line":488,"column":77},"end":{"line":521,"column":17}},"line":488},"130":{"name":"(anonymous_130)","decl":{"start":{"line":526,"column":32},"end":{"line":526,"column":33}},"loc":{"start":{"line":526,"column":38},"end":{"line":618,"column":9}},"line":526},"131":{"name":"(anonymous_131)","decl":{"start":{"line":530,"column":23},"end":{"line":530,"column":24}},"loc":{"start":{"line":530,"column":35},"end":{"line":544,"column":13}},"line":530},"132":{"name":"(anonymous_132)","decl":{"start":{"line":547,"column":48},"end":{"line":547,"column":49}},"loc":{"start":{"line":547,"column":60},"end":{"line":571,"column":13}},"line":547},"133":{"name":"(anonymous_133)","decl":{"start":{"line":573,"column":66},"end":{"line":573,"column":67}},"loc":{"start":{"line":573,"column":78},"end":{"line":584,"column":13}},"line":573},"134":{"name":"(anonymous_134)","decl":{"start":{"line":587,"column":52},"end":{"line":587,"column":53}},"loc":{"start":{"line":587,"column":58},"end":{"line":589,"column":13}},"line":587},"135":{"name":"(anonymous_135)","decl":{"start":{"line":588,"column":23},"end":{"line":588,"column":24}},"loc":{"start":{"line":588,"column":29},"end":{"line":588,"column":66}},"line":588},"136":{"name":"(anonymous_136)","decl":{"start":{"line":591,"column":48},"end":{"line":591,"column":49}},"loc":{"start":{"line":591,"column":54},"end":{"line":593,"column":13}},"line":591},"137":{"name":"(anonymous_137)","decl":{"start":{"line":592,"column":23},"end":{"line":592,"column":24}},"loc":{"start":{"line":592,"column":29},"end":{"line":592,"column":59}},"line":592},"138":{"name":"(anonymous_138)","decl":{"start":{"line":595,"column":48},"end":{"line":595,"column":49}},"loc":{"start":{"line":595,"column":54},"end":{"line":597,"column":13}},"line":595},"139":{"name":"(anonymous_139)","decl":{"start":{"line":596,"column":23},"end":{"line":596,"column":24}},"loc":{"start":{"line":596,"column":29},"end":{"line":596,"column":66}},"line":596},"140":{"name":"(anonymous_140)","decl":{"start":{"line":599,"column":53},"end":{"line":599,"column":54}},"loc":{"start":{"line":599,"column":59},"end":{"line":601,"column":13}},"line":599},"141":{"name":"(anonymous_141)","decl":{"start":{"line":600,"column":23},"end":{"line":600,"column":24}},"loc":{"start":{"line":600,"column":29},"end":{"line":600,"column":59}},"line":600},"142":{"name":"(anonymous_142)","decl":{"start":{"line":603,"column":52},"end":{"line":603,"column":53}},"loc":{"start":{"line":603,"column":58},"end":{"line":605,"column":13}},"line":603},"143":{"name":"(anonymous_143)","decl":{"start":{"line":604,"column":23},"end":{"line":604,"column":24}},"loc":{"start":{"line":604,"column":29},"end":{"line":604,"column":65}},"line":604},"144":{"name":"(anonymous_144)","decl":{"start":{"line":607,"column":48},"end":{"line":607,"column":49}},"loc":{"start":{"line":607,"column":54},"end":{"line":609,"column":13}},"line":607},"145":{"name":"(anonymous_145)","decl":{"start":{"line":608,"column":23},"end":{"line":608,"column":24}},"loc":{"start":{"line":608,"column":29},"end":{"line":608,"column":58}},"line":608},"146":{"name":"(anonymous_146)","decl":{"start":{"line":611,"column":48},"end":{"line":611,"column":49}},"loc":{"start":{"line":611,"column":54},"end":{"line":613,"column":13}},"line":611},"147":{"name":"(anonymous_147)","decl":{"start":{"lin
[...]
:{"loc":{"start":{"line":551,"column":12},"end":{"line":552,"column":35}},"type":"if","locations":[{"start":{"line":551,"column":12},"end":{"line":552,"column":35}},{"start":{"line":551,"column":12},"end":{"line":552,"column":35}}],"line":551},"58":{"loc":{"start":{"line":563,"column":20},"end":{"line":565,"column":21}},"type":"if","locations":[{"start":{"line":563,"column":20},"end":{"line":565,"column":21}},{"start":{"line":563,"column":20},"end":{"line":565,"column":21}}],"line":563},"59":{"loc":{"start":{"line":568,"column":16},"end":{"line":572,"column":17}},"type":"if","locations":[{"start":{"line":568,"column":16},"end":{"line":572,"column":17}},{"start":{"line":568,"column":16},"end":{"line":572,"column":17}}],"line":568},"60":{"loc":{"start":{"line":602,"column":12},"end":{"line":603,"column":29}},"type":"if","locations":[{"start":{"line":602,"column":12},"end":{"line":603,"column":29}},{"start":{"line":602,"column":12},"end":{"line":603,"column":29}}],"line":602},"61":{"loc":{"start":{"line":628,"column":12},"end":{"line":628,"column":78}},"type":"if","locations":[{"start":{"line":628,"column":12},"end":{"line":628,"column":78}},{"start":{"line":628,"column":12},"end":{"line":628,"column":78}}],"line":628},"62":{"loc":{"start":{"line":632,"column":12},"end":{"line":634,"column":46}},"type":"if","locations":[{"start":{"line":632,"column":12},"end":{"line":634,"column":46}},{"start":{"line":632,"column":12},"end":{"line":634,"column":46}}],"line":632},"63":{"loc":{"start":{"line":633,"column":17},"end":{"line":634,"column":46}},"type":"if","locations":[{"start":{"line":633,"column":17},"end":{"line":634,"column":46}},{"start":{"line":633,"column":17},"end":{"line":634,"column":46}}],"line":633},"64":{"loc":{"start":{"line":663,"column":12},"end":{"line":663,"column":98}},"type":"if","locations":[{"start":{"line":663,"column":12},"end":{"line":663,"column":98}},{"start":{"line":663,"column":12},"end":{"line":663,"column":98}}],"line":663},"65":{"loc":{"start":{"line":667,"column":12},"end":{"line":667,"column":81}},"type":"if","locations":[{"start":{"line":667,"column":12},"end":{"line":667,"column":81}},{"start":{"line":667,"column":12},"end":{"line":667,"column":81}}],"line":667},"66":{"loc":{"start":{"line":671,"column":12},"end":{"line":671,"column":91}},"type":"if","locations":[{"start":{"line":671,"column":12},"end":{"line":671,"column":91}},{"start":{"line":671,"column":12},"end":{"line":671,"column":91}}],"line":671},"67":{"loc":{"start":{"line":674,"column":16},"end":{"line":674,"column":122}},"type":"if","locations":[{"start":{"line":674,"column":16},"end":{"line":674,"column":122}},{"start":{"line":674,"column":16},"end":{"line":674,"column":122}}],"line":674}},"s":{"0":1,"1":1,"2":1,"3":1,"4":1,"5":1,"6":2,"7":2,"8":0,"9":2,"10":2,"11":2,"12":0,"13":2,"14":2,"15":41,"16":1,"17":1,"18":1,"19":0,"20":1,"21":1,"22":1,"23":11,"24":3,"25":3,"26":3,"27":2,"28":1,"29":6,"30":2,"31":2,"32":2,"33":2,"34":2,"35":1,"36":1,"37":1,"38":1,"39":1,"40":1,"41":1,"42":0,"43":1,"44":5,"45":4,"46":4,"47":4,"48":0,"49":4,"50":0,"51":4,"52":0,"53":4,"54":2,"55":2,"56":1,"57":1,"58":1,"59":1,"60":1,"61":1,"62":1,"63":1,"64":1,"65":1,"66":1,"67":1,"68":2,"69":2,"70":2,"71":2,"72":2,"73":2,"74":2,"75":2,"76":2,"77":2,"78":14,"79":2,"80":2,"81":1,"82":1,"83":1,"84":0,"85":1,"86":1,"87":0,"88":1,"89":0,"90":0,"91":1,"92":1,"93":1,"94":1,"95":2,"96":2,"97":2,"98":2,"99":2,"100":2,"101":0,"102":2,"103":4,"104":2,"105":3,"106":3,"107":1,"108":3,"109":1,"110":1,"111":2,"112":2,"113":15,"114":3,"115":3,"116":3,"117":3,"118":3,"119":3,"120":1,"121":2,"122":2,"123":2,"124":1,"125":1,"126":0,"127":1,"128":1,"129":1,"130":10,"131":2,"132":2,"133":2,"134":0,"135":2,"136":2,"137":0,"138":2,"139":0,"140":2,"141":2,"142":2,"143":4,"144":2,"145":2,"146":1,"147":1,"148":1,"149":2,"150":2,"151":6,"152":0,"153":9,"154":1,"155":1,"156":1,"157":0,"158":1,"159":1,"160":0,"161":1,"162":0,"163":1,"164":1,"165":1,"166":2,"167":1,"168":1,"169":3,"170":0,"171":9,"172":1,"173":1,"174":1,"175":0,"176":1,"177":1,"178":1,"179":1,"180":1,"181":1,"182":0,"183":0,"184":1,"185":0,"186":0,"187":1,"188":1,"189":1,"190":1,"191":1,"192":1,"193":1,"194":1,"195":1,"196":0,"197":1,"198":1,"199":1,"200":0,"201":1,"202":1,"203":1,"204":1,"205":2,"206":0,"207":0,"208":2,"209":0,"210":2,"211":2,"212":1,"213":1,"214":1,"215":2,"216":2,"217":2,"218":2,"219":2,"220":2,"221":2,"222":2,"223":2,"224":2,"225":2,"226":2,"227":2,"228":2,"229":2,"230":2,"231":1,"232":1,"233":0,"234":2,"235":2,"236":2,"237":2,"238":0,"239":2,"240":2,"241":2,"242":0,"243":0,"244":0,"245":2,"246":2,"247":12,"248":4,"249":4,"250":1,"251":3,"252":3,"253":0,"254":3,"255":3,"256":0,"257":3,"258":1,"259":1,"260":2,"261":2,"262":2,"263":2,"264":1},"f":{"0":2,"1":2,"2":2,"3":2,"4":41,"5":1,"6":11,"7":3,"8":6,"9":2,"10":1,"11":1,"12":5,"13":4,"14":14,"15":2,"16":0,"17":2,"18":2,"19":4,"20":3,"21":3,"22":1,"23":2,"24":15,"25":3,"26":10,"27":2,"28":4,"29":6,"30":9,"31":1,"32":2,"33":3,"34":9,"35":1,"36":1,"37":0,"38":0,"39":1,"40":1,"41":2,"42":0,"43":1,"44":2,"45":2,"46":2,"47":12,"48":4,"49":1},"b":{"0":[0,2],"1":[0,2],"2":[0,1],"3":[2,1],"4":[3,2],"5":[1,1],"6":[0,1],"7":[0,4],"8":[0,4],"9":[0,4],"10":[2,2],"11":[4,2],"12":[1,1],"13":[1,1],"14":[1,1],"15":[1,1],"16":[1,1],"17":[1,1],"18":[1,1],"19":[1,1],"20":[1,1],"21":[1,1],"22":[2,1],"23":[2,1],"24":[2,0],"25":[2,0],"26":[2,0],"27":[2,0],"28":[2,0],"29":[2,0],"30":[2,0],"31":[1,1],"32":[0,1],"33":[0,1],"34":[0,0],"35":[0,2],"36":[1,2],"37":[1,0],"38":[1,2],"39":[1,1],"40":[0,1],"41":[0,2],"42":[0,2],"43":[0,2],"44":[2,0],"45":[1,1],"46":[2,2],"47":[2,0],"48":[0,1],"49":[0,1],"50":[0,1],"51":[1,0],"52":[0,1],"53":[0,0],"54":[0,0],"55":[1,0],"56":[0,1],"57":[1,0],"58":[0,0],"59":[0,2],"60":[1,0],"61":[0,2],"62":[2,0],"63":[0,0],"64":[1,3],"65":[0,3],"66":[0,3],"67":[1,0]},"_coverageSchema":"43e27e138ebf9cfc5966b082cf9a028302ed4184","hash":"73090c1b3eb086d08fdb19a406aa5d58aa4a97ad","contentHash":"c225894144d9f66a4175c4b796976d99"},"C:\\Users\\Paco\\bootcamp\\collab\\skylab-bootcamp-201809\\staff\\francisco-fernandez\\lets-talk\\lets-talk-api\\errors\\index.js":{"path":"C:\\Users\\Paco\\bootcamp\\collab\\skylab-bootcamp-201809\\staff\\francisco-fernandez\\lets-talk\\lets-talk-api\\errors\\index.js","statementMap":{"0":{"start":{"line":1,"column":27},"end":{"line":1,"column":60}},"1":{"start":{"line":2,"column":18},"end":{"line":2,"column":41}},"2":{"start":{"line":3,"column":24},"end":{"line":3,"column":54}},"3":{"start":{"line":4,"column":22},"end":{"line":4,"column":50}},"4":{"start":{"line":5,"column":19},"end":{"line":5,"column":43}},"5":{"start":{"line":7,"column":0},"end":{"line":13,"column":1}}},"fnMap":{},"branchMap":{},"s":{"0":1,"1":1,"2":1,"3":1,"4":1,"5":1},"f":{},"b":{},"_coverageSchema":"43e27e138ebf9cfc5966b082cf9a028302ed4184","hash":"d9c17c7322fcc0b8433e6eaccf5ad7779a4a3a5a","contentHash":"9164cf5efde61693f8da9de0ac001783"},"C:\\Users\\Paco\\bootcamp\\collab\\skylab-bootcamp-201809\\staff\\francisco-fernandez\\lets-talk\\lets-talk-api\\errors\\already-exists-error.js":{"path":"C:\\Users\\Paco\\bootcamp\\collab\\skylab-bootcamp-201809\\staff\\francisco-fernandez\\lets-talk\\lets-talk-api\\errors\\already-exists-error.js","statementMap":{"0":{"start":{"line":3,"column":8},"end":{"line":3,"column":15}},"1":{"start":{"line":5,"column":8},"end":{"line":5,"column":55}},"2":{"start":{"line":7,"column":8},"end":{"line":7,"column":40}},"3":{"start":{"line":8,"column":8},"end":{"line":8,"column":30}},"4":{"start":{"line":10,"column":8},"end":{"line":10,"column":37}},"5":{"start":{"line":10,"column":19},"end":{"line":10,"column":37}},"6":{"start":{"line":14,"column":0},"end":{"line":14,"column":35}}},"fnMap":{"0":{"name":"(anonymous_0)","decl":{"start":{"line":2,"column":4},"end":{"line":2,"column":5}},"loc":{"start":{"line":2,"column":32},"end":{"line":11,"column":5}},"line":2}},"branchMap":{"0":{"loc":{"start":{"line":10,"column":8},"end":{"line":10,"column":37}},"type":"if","locations":[{"start":{"line":10,"column":8},"end":{"line":10,"column":37}},{"start":{"line":10,"column":8},"end":{"line":10,"column":37}}],"line":10}},"s":{"0":2,"1":2,"2":2,"3":2,"4":2,"5":0,"6":1},"f":{"0":2},"b":{"0":[0,2]},"_coverageSchema":"43e27e138ebf9cfc5966b082cf9a028302ed4184","hash":"dd58daca65287dcf89d8364ffe23ac66f952a1a3","contentHash":"1e68d0d44d2a30e4e01ed038b7e25a9b"},"C:\\Users\\Paco\\bootcamp\\collab\\skylab-bootcamp-201809\\staff\\francisco-fernandez\\lets-talk\\lets-talk-api\\errors\\auth-error.js":{"path":"C:\\Users\\Paco\\bootcamp\\collab\\skylab-bootcamp-201809\\staff\\francisco-fernandez\\lets-talk\\lets-talk-api\\errors\\auth-error.js","statementMap":{"0":{"start":{"line":3,"column":8},"end":{"line":3,"column":15}},"1":{"start":{"line":5,"column":8},"end":{"line":5,"column":55}},"2":{"start":{"line":7,"column":8},"end":{"line":7,"column":31}},"3":{"start":{"line":8,"column":8},"end":{"line":8,"column":30}},"4":{"start":{"line":10,"column":8},"end":{"line":10,"column":37}},"5":{"start":{"line":10,"column":19},"end":{"line":10,"column":37}},"6":{"start":{"line":14,"column":0},"end":{"line":14,"column":26}}},"fnMap":{"0":{"name":"(anonymous_0)","decl":{"start":{"line":2,"column":4},"end":{"line":2,"column":5}},"loc":{"start":{"line":2,"column":32},"end":{"line":11,"column":5}},"line":2}},"branchMap":{"0":{"loc":{"start":{"line":10,"column":8},"end":{"line":10,"column":37}},"type":"if","locations":[{"start":{"line":10,"column":8},"end":{"line":10,"column":37}},{"start":{"line":10,"column":8},"end":{"line":10,"column":37}}],"line":10}},"s":{"0":2,"1":2,"2":2,"3":2,"4":2,"5":0,"6":1},"f":{"0":2},"b":{"0":[0,2]},"_coverageSchema":"43e27e138ebf9cfc5966b082cf9a028302ed4184","hash":"817c3fa6fe3d8aa5a02dff312a51e9d91eb5627a","contentHash":"add1d602ac0f74dac267e37cf90d4d3a"},"C:\\Users\\Paco\\bootcamp\\collab\\skylab-bootcamp-201809\\staff\\francisco-fernandez\\lets-talk\\lets-talk-api\\errors\\not-allowed-error.js":{"path":"C:\\Users\\Paco\\bootcamp\\collab\\skylab-bootcamp-201809\\staff\\francisco-fernandez\\lets-talk\\lets-talk-api\\errors\\not-allowed-error.js","statementMap":{"0":{"start":{"line":3,"column":8},"end":{"line":3,"column":15}},"1":{"start":{"line":5,"column":8},"end":{"line":5,"column":55}},"2":{"start":{"line":7,"column":8},"end":{"line":7,"column":37}},"3":{"start":{"line":8,"column":8},"end":{"line":8,"column":30}},"4":{"start":{"line":10,"column":8},"end":{"line":10,"column":37}},"5":{"start":{"line":10,"column":19},"end":{"line":10,"column":37}},"6":{"start":{"line":14,"column":0},"end":{"line":14,"column":32}}},"fnMap":{"0":{"name":"(anonymous_0)","decl":{"start":{"line":2,"column":4},"end":{"line":2,"column":5}},"loc":{"start":{"line":2,"column":32},"end":{"line":11,"column":5}},"line":2}},"branchMap":{"0":{"loc":{"start":{"line":10,"column":8},"end":{"line":10,"column":37}},"type":"if","locations":[{"start":{"line":10,"column":8},"end":{"line":10,"column":37}},{"start":{"line":10,"column":8},"end":{"line":10,"column":37}}],"line":10}},"s":{"0":2,"1":2,"2":2,"3":2,"4":2,"5":0,"6":1},"f":{"0":2},"b":{"0":[0,2]},"_coverageSchema":"43e27e138ebf9cfc5966b082cf9a028302ed4184","hash":"02f0b1c865b0b9b69fa1a647ebbc3486f48739ad","contentHash":"5b8746d451289fc45656b38e1658f708"},"C:\\Users\\Paco\\bootcamp\\collab\\skylab-bootcamp-201809\\staff\\francisco-fernandez\\lets-talk\\lets-talk-api\\errors\\not-found-error.js":{"path":"C:\\Users\\Paco\\bootcamp\\collab\\skylab-bootcamp-201809\\staff\\francisco-fernandez\\lets-talk\\lets-talk-api\\errors\\not-found-error.js","statementMap":{"0":{"start":{"line":3,"column":8},"end":{"line":3,"column":15}},"1":{"start":{"line":5,"column":8},"end":{"line":5,"column":55}},"2":{"start":{"line":7,"column":8},"end":{"line":7,"column":35}},"3":{"start":{"line":8,"column":8},"end":{"line":8,"column":30}},"4":{"start":{"line":10,"column":8},"end":{"line":10,"column":37}},"5":{"start":{"line":10,"column":19},"end":{"line":10,"column":37}},"6":{"start":{"line":14,"column":0},"end":{"line":14,"column":30}}},"fnMap":{"0":{"name":"(anonymous_0)","decl":{"start":{"line":2,"column":4},"end":{"line":2,"column":5}},"loc":{"start":{"line":2,"column":32},"end":{"line":11,"column":5}},"line":2}},"branchMap":{"0":{"loc":{"start":{"line":10,"column":8},"end":{"line":10,"column":37}},"type":"if","locations":[{"start":{"line":10,"column":8},"end":{"line":10,"column":37}},{"start":{"line":10,"column":8},"end":{"line":10,"column":37}}],"line":10}},"s":{"0":3,"1":3,"2":3,"3":3,"4":3,"5":0,"6":1},"f":{"0":3},"b":{"0":[0,3]},"_coverageSchema":"43e27e138ebf9cfc5966b082cf9a028302ed4184","hash":"9583526f0924c9883b4742c0def874acbb779f67","contentHash":"33ca4ccbaccd6f19e825a7e55ff7431d"},"C:\\Users\\Paco\\bootcamp\\collab\\skylab-bootcamp-201809\\staff\\francisco-fernandez\\lets-talk\\lets-talk-api\\errors\\value-error.js":{"path":"C:\\Users\\Paco\\bootcamp\\collab\\skylab-bootcamp-201809\\staff\\francisco-fernandez\\lets-talk\\lets-talk-api\\errors\\value-error.js","statementMap":{"0":{"start":{"line":3,"column":8},"end":{"line":3,"column":15}},"1":{"start":{"line":5,"column":8},"end":{"line":5,"column":55}},"2":{"start":{"line":7,"column":8},"end":{"line":7,"column":32}},"3":{"start":{"line":8,"column":8},"end":{"line":8,"column":30}},"4":{"start":{"line":10,"column":8},"end":{"line":10,"column":37}},"5":{"start":{"line":10,"column":19},"end":{"line":10,"column":37}},"6":{"start":{"line":14,"column":0},"end":{"line":14,"column":27}}},"fnMap":{"0":{"name":"(anonymous_0)","decl":{"start":{"line":2,"column":4},"end":{"line":2,"column":5}},"loc":{"start":{"line":2,"column":32},"end":{"line":11,"column":5}},"line":2}},"branchMap":{"0":{"loc":{"start":{"line":10,"column":8},"end":{"line":10,"column":37}},"type":"if","locations":[{"start":{"line":10,"column":8},"end":{"line":10,"column":37}},{"start":{"line":10,"column":8},"end":{"line":10,"column":37}}],"line":10}},"s":{"0":48,"1":48,"2":48,"3":48,"4":48,"5":0,"6":1},"f":{"0":48},"b":{"0":[0,48]},"_coverageSchema":"43e27e138ebf9cfc5966b082cf9a028302ed4184","hash":"0fb39d027aef74ad72e6e13dd2a5e22e368f5eb3","contentHash":"8003077fcd54b003e0c8bc5d5cbe200b"},"C:\\Users\\Paco\\bootcamp\\collab\\skylab-bootcamp-201809\\staff\\francisco-fernandez\\lets-talk\\lets-talk-api\\utils\\validate.js":{"path":"C:\\Users\\Paco\\bootcamp\\collab\\skylab-bootcamp-201809\\staff\\francisco-fernandez\\lets-talk\\lets-talk-api\\utils\\validate.js","statementMap":{"0":{"start":{"line":1,"column":23},"end":{"line":1,"column":43}},"1":{"start":{"line":4,"column":4},"end":{"line":25,"column":6}},"2":{"start":{"line":5,"column":8},"end":{"line":24,"column":9}},"3":{"start":{"line":7,"column":16},"end":{"line":7,"column":53}},"4":{"start":{"line":7,"column":48},"end":{"line":7,"column":53}},"5":{"start":{"line":9,"column":16},"end":{"line":9,"column":90}},"6":{"start":{"line":9,"column":47},"end":{"line":9,"column":90}},"7":{"start":{"line":11,"column":16},"end":{"line":11,"column":90}},"8":{"start":{"line":11,"column":42},"end":{"line":11,"column":90}},"9":{"start":{"line":13,"column":16},"end":{"line":13,"column":21}},"10":{"start":{"line":15,"column":16},"end":{"line":15,"column":53}},"11":{"start":{"line":15,"column":48},"end":{"line":15,"column":53}},"12":{"start":{"line":17,"column":16},"end":{"line":17,"column":92}},"13":{"start":{"line":17,"column":48},"end":{"line":17,"column":92}},"14":{"start":{"line":19,"column":16},"end":{"line":19,"column":21}},"15":{"start":{"line":21,"column":16},"end":{"line":21,"column":53}},"16":{"start":{"line":21,"column":48},"end":{"line":21,"column":53}},"17":{"start":{"line":23,"column":16},"end":{"line":23,"column":90}},"18":{"start":{"line":23,"column":47},"end":{"line":23,"column":90}},"19":{"start":{"line":28,"column":0},"end":{"line":28,"column":25}}},"fnMap":{"0":{"name":"validate","decl":{"start":{"line":3,"column":9},"end":{"line":3,"column":17}},"loc":{"start":{"line":3,"column":26},"end":{"line":26,"column":1}},"line":3},"1":{"name":"(anonymous_1)","decl":{"start":{"line":4,"column":19},"end":{"line":4,"column":20}},"loc":{"start":{"line":4,"column":55},"end":{"line":25,"column":5}},"line":4}},"branchMap":{"0":{"loc":{"start":{"line":5,"column":8},"end":{"line":24,"column":9}},"type":"switch","locations":[{"start":{"line":6,"column":12},"end":{"line":13,"column":21}},{"start":{"line":14,"column":12},"end":{"line":19,"column":21}},{"start":{"line":20,"column":12},"end":{"line":23,"column":90}}],"line":5},"1":{"loc":{"start":{"line":7,"column":16},"end":{"line":7,"column":53}},"type":"if","locations":[{"start":{"line":7,"column":16},"end":{"line":7,"column":53}},{"start":{"line":7,"column":16},"end":{"line":7,"column":53}}],"line":7},"2":{"loc":{"start":{"line":7,"column":20},"end":{"line":7,"column":46}},"type":"binary-expr","locations":[{"start":{"line":7,"column":20},"end":{"line":7,"column":28}},{"start":{"line":7,"column":32},"end":{"line":7,"column":46}}],"line":7},"3":{"loc":{"start":{"line":9,"column":16},"end":{"line":9,"column":90}},"type":"if","locations":[{"start":{"line":9,"column":16},"end":{"line":9,"column":90}},{"start":{"line":9,"column":16},"end":{"line":9,"column":90}}],"line":9},"4":{"loc":{"start":{"line":11,"column":16},"end":{"line":11,"column":90}},"type":"if","locations":[{"start":{"line":11,"column":16},"end":{"line":11,"column":90}},{"start":{"line":11,"column":16},"end":{"line":11,"column":90}}],"line":11},"5":{"loc":{"start":{"line":15,"column":16},"end":{"line":15,"column":53}},"type":"if","locations":[{"start":{"line":15,"column":16},"end":{"line":15,"column":53}},{"start":{"line":15,"column":16},"end":{"line":15,"column":53}}],"line":15},"6":{"loc":{"start":{"line":15,"column":20},"end":{"line":15,"column":46}},"type":"binary-expr","locations":[{"start":{"line":15,"column":20},"end":{"line":15,"column":28}},{"start":{"line":15,"column":32},"end":{"line":15,"column":46}}],"line":15},"7":{"loc":{"start":{"line":17,"column":16},"end":{"line":17,"column":92}},"type":"if","locations":[{"start":{"line":17,"column":16},"end":{"line":17,"column":92}},{"start":{"line":17,"column":16},"end":{"line":17,"column":92}}],"line":17},"8":{"loc":{"start":{"line":21,"column":16},"end":{"line":21,"column":53}},"type":"if","locations":[{"start":{"line":21,"column":16},"end":{"line":21,"column":53}},{"start":{"line":21,"column":16},"end":{"line":21,"column":53}}],"line":21},"9":{"loc":{"start":{"line":21,"column":20},"end":{"line":21,"column":46}},"type":"binary-expr","locations":[{"start":{"line":21,"column":20},"end":{"line":21,"column":28}},{"start":{"line":21,"column":32},"end":{"line":21,"column":46}}],"line":21},"10":{"loc":{"start":{"line":23,"column":16},"end":{"line":23,"column":90}},"type":"if","locations":[{"start":{"line":23,"column":16},"end":{"line":23,"column":90}},{"start":{"line":23,"column":16},"end":{"line":23,"column":90}}],"line":23}},"s":{"0":1,"1":138,"2":428,"3":381,"4":18,"5":363,"6":49,"7":314,"8":48,"9":266,"10":0,"11":0,"12":0,"13":0,"14":0,"15":47,"16":6,"17":41,"18":12,"19":1},"f":{"0":138,"1":428},"b":{"0":[381,0,47],"1":[18,363],"2":[381,32],"3":[49,314],"4":[48,266],"5":[0,0],"6":[0,0],"7":[0,0],"8":[6,41],"9":[47,12],"10":[12,29]},"_coverageSchema":"43e27e138ebf9cfc5966b082cf9a028302ed4184","hash":"45efc004c35399987af12fc829745caa0c8b216b","contentHash":"89d60fd94f81e04923f623265c1f6608"},"C:\\Users\\Paco\\bootcamp\\collab\\skylab-bootcamp-201809\\staff\\francisco-fernandez\\lets-talk\\lets-talk-api\\logic\\base64-image.js":{"path":"C:\\Users\\Paco\\bootcamp\\collab\\skylab-bootcamp-201809\\staff\\francisco-fernandez\\lets-talk\\lets-talk-api\\logic\\base64-image.js","statementMap":{"0":{"start":{"line":2,"column":20},"end":{"line":2,"column":6189}},"1":{"start":{"line":4,"column":0},"end":{"line":4,"column":28}}},"fnMap":{},"branchMap":{},"s":{"0":1,"1":1},"f":{},"b":{},"_coverageSchema":"43e27e138ebf9cfc5966b082cf9a028302ed4184","hash":"99b5c6cc620bf9c5cc72c46274142e1ae4a457e5","contentHash":"2031b4758cc2849228468f32efe1d9c4"}}