{"C:\\Users\\Paco\\bootcamp\\collab\\skylab-bootcamp-201809\\staff\\francisco-fernandez\\lets-talk\\lets-talk-app\\src\\logic\\index.spec.js":{"path":"C:\\Users\\Paco\\bootcamp\\collab\\skylab-bootcamp-201809\\staff\\francisco-fernandez\\lets-talk\\lets-talk-app\\src\\logic\\index.spec.js","statementMap":{"0":{"start":{"line":1,"column":0},"end":{"line":1,"column":26}},"1":{"start":{"line":3,"column":0},"end":{"line":3,"column":27}},"2":{"start":{"line":5,"column":0},"end":{"line":5,"column":49}},"3":{"start":{"line":7,"column":14},"end":{"line":7,"column":26}},"4":{"start":{"line":8,"column":48},"end":{"line":8,"column":73}},"5":{"start":{"line":10,"column":20},"end":{"line":10,"column":45}},"6":{"start":{"line":12,"column":19},"end":{"line":12,"column":34}},"7":{"start":{"line":14,"column":50},"end":{"line":14,"column":57}},"8":{"start":{"line":16,"column":0},"end":{"line":16,"column":24}},"9":{"start":{"line":22,"column":0},"end":{"line":1185,"column":2}},"10":{"start":{"line":23,"column":4},"end":{"line":23,"column":99}},"11":{"start":{"line":23,"column":17},"end":{"line":23,"column":98}},"12":{"start":{"line":25,"column":4},"end":{"line":29,"column":6}},"13":{"start":{"line":26,"column":8},"end":{"line":26,"column":22}},"14":{"start":{"line":28,"column":8},"end":{"line":28,"column":62}},"15":{"start":{"line":31,"column":4},"end":{"line":832,"column":6}},"16":{"start":{"line":32,"column":8},"end":{"line":233,"column":10}},"17":{"start":{"line":35,"column":12},"end":{"line":46,"column":14}},"18":{"start":{"line":36,"column":16},"end":{"line":36,"column":46}},"19":{"start":{"line":37,"column":16},"end":{"line":37,"column":52}},"20":{"start":{"line":38,"column":16},"end":{"line":38,"column":54}},"21":{"start":{"line":39,"column":16},"end":{"line":39,"column":54}},"22":{"start":{"line":40,"column":16},"end":{"line":40,"column":28}},"23":{"start":{"line":41,"column":16},"end":{"line":41,"column":24}},"24":{"start":{"line":42,"column":16},"end":{"line":42,"column":34}},"25":{"start":{"line":43,"column":16},"end":{"line":43,"column":46}},"26":{"start":{"line":44,"column":16},"end":{"line":44,"column":31}},"27":{"start":{"line":45,"column":16},"end":{"line":45,"column":31}},"28":{"start":{"line":48,"column":12},"end":{"line":71,"column":14}},"29":{"start":{"line":50,"column":28},"end":{"line":50,"column":141}},"30":{"start":{"line":52,"column":16},"end":{"line":52,"column":43}},"31":{"start":{"line":54,"column":30},"end":{"line":54,"column":47}},"32":{"start":{"line":56,"column":16},"end":{"line":56,"column":48}},"33":{"start":{"line":73,"column":12},"end":{"line":75,"column":14}},"34":{"start":{"line":74,"column":16},"end":{"line":74,"column":191}},"35":{"start":{"line":74,"column":29},"end":{"line":74,"column":141}},"36":{"start":{"line":77,"column":12},"end":{"line":79,"column":14}},"37":{"start":{"line":78,"column":16},"end":{"line":78,"column":181}},"38":{"start":{"line":78,"column":29},"end":{"line":78,"column":134}},"39":{"start":{"line":81,"column":12},"end":{"line":83,"column":14}},"40":{"start":{"line":82,"column":16},"end":{"line":82,"column":188}},"41":{"start":{"line":82,"column":29},"end":{"line":82,"column":141}},"42":{"start":{"line":85,"column":12},"end":{"line":87,"column":14}},"43":{"start":{"line":86,"column":16},"end":{"line":86,"column":177}},"44":{"start":{"line":86,"column":29},"end":{"line":86,"column":134}},"45":{"start":{"line":89,"column":12},"end":{"line":91,"column":14}},"46":{"start":{"line":90,"column":16},"end":{"line":90,"column":188}},"47":{"start":{"line":90,"column":29},"end":{"line":90,"column":138}},"48":{"start":{"line":93,"column":12},"end":{"line":95,"column":14}},"49":{"start":{"line":94,"column":16},"end":{"line":94,"column":181}},"50":{"start":{"line":94,"column":29},"end":{"line":94,"column":131}},"51":{"start":{"line":97,"column":12},"end":{"line":99,"column":14}},"52":{"start":{"line":98,"column":16},"end":{"line":98,"column":188}},"53":{"start":{"line":98,"column":29},"end":{"line":98,"column":138}},"54":{"start":{"line":101,"column":12},"end":{"line":103,"column":14}},"55":{"start":{"line":102,"column":16},"end":{"line":102,"column":174}},"56":{"start":{"line":102,"column":29},"end":{"line":102,"column":131}},"57":{"start":{"line":105,"column":12},"end":{"line":107,"column":14}},"58":{"start":{"line":106,"column":16},"end":{"line":106,"column":187}},"59":{"start":{"line":106,"column":29},"end":{"line":106,"column":137}},"60":{"start":{"line":109,"column":12},"end":{"line":111,"column":14}},"61":{"start":{"line":110,"column":16},"end":{"line":110,"column":181}},"62":{"start":{"line":110,"column":29},"end":{"line":110,"column":130}},"63":{"start":{"line":113,"column":12},"end":{"line":115,"column":14}},"64":{"start":{"line":114,"column":16},"end":{"line":114,"column":188}},"65":{"start":{"line":114,"column":29},"end":{"line":114,"column":137}},"66":{"start":{"line":117,"column":12},"end":{"line":119,"column":14}},"67":{"start":{"line":118,"column":16},"end":{"line":118,"column":173}},"68":{"start":{"line":118,"column":29},"end":{"line":118,"column":130}},"69":{"start":{"line":121,"column":12},"end":{"line":123,"column":14}},"70":{"start":{"line":122,"column":16},"end":{"line":122,"column":187}},"71":{"start":{"line":122,"column":29},"end":{"line":122,"column":137}},"72":{"start":{"line":125,"column":12},"end":{"line":127,"column":14}},"73":{"start":{"line":126,"column":16},"end":{"line":126,"column":181}},"74":{"start":{"line":126,"column":29},"end":{"line":126,"column":130}},"75":{"start":{"line":129,"column":12},"end":{"line":131,"column":14}},"76":{"start":{"line":130,"column":16},"end":{"line":130,"column":188}},"77":{"start":{"line":130,"column":29},"end":{"line":130,"column":137}},"78":{"start":{"line":133,"column":12},"end":{"line":135,"column":14}},"79":{"start":{"line":134,"column":16},"end":{"line":134,"column":173}},"80":{"start":{"line":134,"column":29},"end":{"line":134,"column":130}},"81":{"start":{"line":137,"column":12},"end":{"line":139,"column":14}},"82":{"start":{"line":138,"column":16},"end":{"line":138,"column":192}},"83":{"start":{"line":138,"column":29},"end":{"line":138,"column":142}},"84":{"start":{"line":141,"column":12},"end":{"line":143,"column":14}},"85":{"start":{"line":142,"column":16},"end":{"line":142,"column":181}},"86":{"start":{"line":142,"column":29},"end":{"line":142,"column":135}},"87":{"start":{"line":145,"column":12},"end":{"line":147,"column":14}},"88":{"start":{"line":146,"column":16},"end":{"line":146,"column":188}},"89":{"start":{"line":146,"column":29},"end":{"line":146,"column":142}},"90":{"start":{"line":149,"column":12},"end":{"line":151,"column":14}},"91":{"start":{"line":150,"column":16},"end":{"line":150,"column":178}},"92":{"start":{"line":150,"column":29},"end":{"line":150,"column":135}},"93":{"start":{"line":153,"column":12},"end":{"line":155,"column":14}},"94":{"start":{"line":154,"column":16},"end":{"line":154,"column":192}},"95":{"start":{"line":154,"column":29},"end":{"line":154,"column":142}},"96":{"start":{"line":157,"column":12},"end":{"line":159,"column":14}},"97":{"start":{"line":158,"column":16},"end":{"line":158,"column":176}},"98":{"start":{"line":158,"column":29},"end":{"line":158,"column":135}},"99":{"start":{"line":161,"column":12},"end":{"line":163,"column":14}},"100":{"start":{"line":162,"column":16},"end":{"line":162,"column":190}},"101":{"start":{"line":162,"column":29},"end":{"line":162,"column":142}},"102":{"start":{"line":165,"column":12},"end":{"line":167,"column":14}},"103":{"start":{"line":166,"column":16},"end":{"line":166,"column":192}},"104":{"start":{"line":166,"column":29},"end":{"line":166,"column":145}},"105":{"start":{"line":169,"column":12},"end":{"line":171,"column":14}},"106":{"start":{"line":170,"column":16},"end":{"line":170,"column":191}},"107":{"start":{"line":170,"column":29},"end":{"line":170,"column":141}},"108":{"start":{"line":173,"column":12},"end":{"line":175,"column":14}},"109":{"start":{"line":174,"column":16},"end":{"line":174,"column":181}},"110":{"start":{"line":174,"column":29},"end":{"line":174,"column":134}},"111":{"start":{"line":177,"column":12},"end":{"line":179,"column":14}},"112":{"start":{"line":178,"column":16},"end":{"line":178,"column":188}},"113":{"start":{"line":178,"column":29},"end":{"line":178,"column":141}},"114":{"start":{"line":181,"column":12},"end":{"line":183,"column":14}},"115":{"start":{"line":182,"column":16},"end":{"line":182,"column":177}},"116":{"start":{"line":182,"column":29},"end":{"line":182,"column":134}},"117":{"start":{"line":185,"column":12},"end":{"line":187,"column":14}},"118":{"start":{"line":186,"column":16},"end":{"line":186,"column":183}},"119":{"start":{"line":186,"column":29},"end":{"line":186,"column":133}},"120":{"start":{"line":189,"column":12},"end":{"line":191,"column":14}},"121":{"start":{"line":190,"column":16},"end":{"line":190,"column":181}},"122":{"start":{"line":190,"column":29},"end":{"line":190,"column":126}},"123":{"start":{"line":193,"column":12},"end":{"line":195,"column":14}},"124":{"start":{"line":194,"column":16},"end":{"line":194,"column":188}},"125":{"start":{"line":194,"column":29},"end":{"line":194,"column":133}},"126":{"start":{"line":197,"column":12},"end":{"line":199,"column":14}},"127":{"start":{"line":198,"column":16},"end":{"line":198,"column":169}},"128":{"start":{"line":198,"column":29},"end":{"line":198,"column":126}},"129":{"start":{"line":201,"column":12},"end":{"line":203,"column":14}},"130":{"start":{"line":202,"column":16},"end":{"line":202,"column":185}},"131":{"start":{"line":202,"column":29},"end":{"line":202,"column":135}},"132":{"start":{"line":205,"column":12},"end":{"line":207,"column":14}},"133":{"start":{"line":206,"column":16},"end":{"line":206,"column":169}},"134":{"start":{"line":206,"column":29},"end":{"line":206,"column":128}},"135":{"start":{"line":209,"column":12},"end":{"line":211,"column":14}},"136":{"start":{"line":210,"column":16},"end":{"line":210,"column":183}},"137":{"start":{"line":210,"column":29},"end":{"line":210,"column":135}},"138":{"start":{"line":213,"column":12},"end":{"line":215,"column":14}},"139":{"start":{"line":214,"column":16},"end":{"line":214,"column":181}},"140":{"start":{"line":214,"column":29},"end":{"line":214,"column":134}},"141":{"start":{"line":217,"column":12},"end":{"line":219,"column":14}},"142":{"start":{"line":218,"column":16},"end":{"line":218,"column":185}},"143":{"start":{"line":218,"column":29},"end":{"line":218,"column":135}},"144":{"start":{"line":221,"column":12},"end":{"line":223,"column":14}},"145":{"start":{"line":222,"column":16},"end":{"line":222,"column":169}},"146":{"start":{"line":222,"column":29},"end":{"line":222,"column":128}},"147":{"start":{"line":225,"column":12},"end":{"line":227,"column":14}},"148":{"start":{"line":226,"column":16},"end":{"line":226,"column":183}},"149":{"start":{"line":226,"column":29},"end":{"line":226,"column":135}},"150":{"start":{"line":229,"column":12},"end":{"line":231,"column":14}},"151":{"start":{"line":230,"column":16},"end":{"line":230,"column":181}},"152":{"start":{"line":230,"column":29},"end":{"line":230,"column":134}},"153":{"start":{"line":235,"column":8},"end":{"line":322,"column":10}},"154":{"start":{"line":238,"column":12},"end":{"line":241,"column":23}},"155":{"start":{"line":238,"column":29},"end":{"line":241,"column":22}},"156":{"start":{"line":243,"column":12},"end":{"line":253,"column":14}},"157":{"start":{"line":244,"column":47},"end":{"line":244,"column":51}},"158":{"start":{"line":246,"column":16},"end":{"line":246,"column":53}},"159":{"start":{"line":248,"column":16},"end":{"line":248,"column":46}},"160":{"start":{"line":249,"column":16},"end":{"line":249,"column":45}},"161":{"start":{"line":250,"column":16},"end":{"line":250,"column":55}},"162":{"start":{"line":251,"column":16},"end":{"line":251,"column":54}},"163":{"start":{"line":252,"column":16},"end":{"line":252,"column":55}},"164":{"start":{"line":255,"column":12},"end":{"line":270,"column":14}},"165":{"start":{"line":256,"column":37},"end":{"line":256,"column":41}},"166":{"start":{"line":258,"column":30},"end":{"line":258,"column":57}},"167":{"start":{"line":260,"column":16},"end":{"line":268,"column":17}},"168":{"start":{"line":261,"column":20},"end":{"line":261,"column":54}},"169":{"start":{"line":264,"column":20},"end":{"line":264,"column":60}},"170":{"start":{"line":265,"column":20},"end":{"line":265,"column":59}},"171":{"start":{"line":266,"column":20},"end":{"line":266,"column":85}},"172":{"start":{"line":272,"column":12},"end":{"line":287,"column":14}},"173":{"start":{"line":273,"column":37},"end":{"line":273,"column":41}},"174":{"start":{"line":275,"column":30},"end":{"line":275,"column":57}},"175":{"start":{"line":277,"column":16},"end":{"line":285,"column":17}},"176":{"start":{"line":278,"column":20},"end":{"line":278,"column":54}},"177":{"start":{"line":281,"column":20},"end":{"line":281,"column":60}},"178":{"start":{"line":282,"column":20},"end":{"line":282,"column":59}},"179":{"start":{"line":283,"column":20},"end":{"line":283,"column":85}},"180":{"start":{"line":289,"column":12},"end":{"line":291,"column":14}},"181":{"start":{"line":290,"column":16},"end":{"line":290,"column":116}},"182":{"start":{"line":290,"column":29},"end":{"line":290,"column":66}},"183":{"start":{"line":293,"column":12},"end":{"line":295,"column":14}},"184":{"start":{"line":294,"column":16},"end":{"line":294,"column":110}},"185":{"start":{"line":294,"column":29},"end":{"line":294,"column":59}},"186":{"start":{"line":297,"column":12},"end":{"line":299,"column":14}},"187":{"start":{"line":298,"column":16},"end":{"line":298,"column":117}},"188":{"start":{"line":298,"column":29},"end":{"line":298,"column":66}},"189":{"start":{"line":301,"column":12},"end":{"line":303,"column":14}},"190":{"start":{"line":302,"column":16},"end":{"line":302,"column":102}},"191":{"start":{"line":302,"column":29},"end":{"line":302,"column":59}},"192":{"start":{"line":305,"column":12},"end":{"line":307,"column":14}},"193":{"start":{"line":306,"column":16},"end":{"line":306,"column":116}},"194":{"start":{"line":306,"column":29},"end":{"line":306,"column":66}},"195":{"start":{"line":309,"column":12},"end":{"line":311,"column":14}},"196":{"start":{"line":310,"column":16},"end":{"line":310,"column":110}},"197":{"start":{"line":310,"column":29},"end":{"line":310,"column":59}},"198":{"start":{"line":313,"column":12},"end":{"line":315,"column":14}},"199":{"start":{"line":314,"column":16},"end":{"line":314,"column":117}},"200":{"start":{"line":314,"column":29},"end":{"line":314,"column":66}},"201":{"start":{"line":317,"column":12},"end":{"line":319,"column":14}},"202":{"start":{"line":318,"column":16},"end":{"line":318,"column":102}},"203":{"start":{"line":318,"column":29},"end":{"line":318,"column":59}},"204":{"start":{"line":324,"column":8},"end":{"line":385,"column":10}},"205":{"start":{"line":327,"column":12},"end":{"line":335,"column":14}},"206":{"start":{"line":328,"column":16},"end":{"line":332,"column":18}},"207":{"start":{"line":334,"column":16},"end":{"line":334,"column":33}},"208":{"start":{"line":337,"column":12},"end":{"line":354,"column":14}},"209":{"start":{"line":339,"column":16},"end":{"line":339,"column":63}},"210":{"start":{"line":341,"column":30},"end":{"line":341,"column":63}},"211":{"start":{"line":343,"column":16},"end":{"line":343,"column":56}},"212":{"start":{"line":345,"column":75},"end":{"line":345,"column":80}},"213":{"start":{"line":346,"column":16},"end":{"line":346,"column":35}},"214":{"start":{"line":347,"column":16},"end":{"line":347,"column":44}},"215":{"start":{"line":348,"column":16},"end":{"line":348,"column":44}},"216":{"start":{"line":349,"column":16},"end":{"line":349,"column":48}},"217":{"start":{"line":350,"column":16},"end":{"line":350,"column":54}},"218":{"start":{"line":351,"column":16},"end":{"line":351,"column":56}},"219":{"start":{"line":352,"column":16},"end":{"line":352,"column":48}},"220":{"start":{"line":353,"column":16},"end":{"line":353,"column":40}},"221":{"start":{"line":356,"column":12},"end":{"line":368,"column":14}},"222":{"start":{"line":357,"column":16},"end":{"line":357,"column":63}},"223":{"start":{"line":359,"column":32},"end":{"line":359,"column":53}},"224":{"start":{"line":361,"column":16},"end":{"line":367,"column":17}},"225":{"start":{"line":362,"column":20},"end":{"line":362,"column":53}},"226":{"start":{"line":364,"column":20},"end":{"line":364,"column":60}},"227":{"start":{"line":365,"column":20},"end":{"line":365,"column":59}},"228":{"start":{"line":366,"column":20},"end":{"line":366,"column":90}},"229":{"start":{"line":370,"column":12},"end":{"line":372,"column":14}},"230":{"start":{"line":371,"column":16},"end":{"line":371,"column":108}},"231":{"start":{"line":371,"column":29},"end":{"line":371,"column":58}},"232":{"start":{"line":374,"column":12},"end":{"line":376,"column":14}},"233":{"start":{"line":375,"column":16},"end":{"line":375,"column":96}},"234":{"start":{"line":375,"column":29},"end":{"line":375,"column":51}},"235":{"start":{"line":378,"column":12},"end":{"line":380,"column":14}},"236":{"start":{"line":379,"column":16},"end":{"line":379,"column":103}},"237":{"start":{"line":379,"column":29},"end":{"line":379,"column":58}},"238":{"start":{"line":382,"column":12},"end":{"line":384,"column":14}},"239":{"start":{"line":383,"column":16},"end":{"line":383,"column":94}},"240":{"start":{"line":383,"column":29},"end":{"line":383,"column":51}},"241":{"start":{"line":387,"column":8},"end":{"line":546,"column":10}},"242":{"start":{"line":390,"column":12},"end":{"line":393,"column":23}},"243":{"start":{"line":390,"column":29},"end":{"line":393,"column":22}},"244":{"start":{"line":395,"column":12},"end":{"line":433,"column":14}},"245":{"start":{"line":397,"column":16},"end":{"line":397,"column":63}},"246":{"start":{"line":399,"column":120},"end":{"line":399,"column":124}},"247":{"start":{"line":401,"column":32},"end":{"line":401,"column":58}},"248":{"start":{"line":402,"column":35},"end":{"line":402,"column":64}},"249":{"start":{"line":403,"column":36},"end":{"line":403,"column":66}},"250":{"start":{"line":404,"column":36},"end":{"line":404,"column":66}},"251":{"start":{"line":405,"column":37},"end":{"line":405,"column":48}},"252":{"start":{"line":406,"column":31},"end":{"line":406,"column":39}},"253":{"start":{"line":407,"column":31},"end":{"line":407,"column":33}},"254":{"start":{"line":408,"column":32},"end":{"line":408,"column":40}},"255":{"start":{"line":409,"column":40},"end":{"line":409,"column":50}},"256":{"start":{"line":410,"column":34},"end":{"line":410,"column":36}},"257":{"start":{"line":411,"column":34},"end":{"line":411,"column":36}},"258":{"start":{"line":413,"column":28},"end":{"line":414,"column":83}},"259":{"start":{"line":416,"column":16},"end":{"line":416,"column":43}},"260":{"start":{"line":418,"column":31},"end":{"line":418,"column":48}},"261":{"start":{"line":420,"column":32},"end":{"line":420,"column":38}},"262":{"start":{"line":422,"column":16},"end":{"line":422,"column":45}},"263":{"start":{"line":423,"column":16},"end":{"line":423,"column":52}},"264":{"start":{"line":424,"column":16},"end":{"line":424,"column":58}},"265":{"start":{"line":425,"column":16},"end":{"line":425,"column":60}},"266":{"start":{"line":426,"column":16},"end":{"line":426,"column":60}},"267":{"start":{"line":427,"column":16},"end":{"line":427,"column":50}},"268":{"start":{"line":428,"column":16},"end":{"line":428,"column":50}},"269":{"start":{"line":429,"column":16},"end":{"line":429,"column":52}},"270":{"start":{"line":430,"column":16},"end":{"line":430,"column":68}},"271":{"start":{"line":431,"column":16},"end":{"line":431,"column":60}},"272":{"start":{"line":432,"column":16},"end":{"line":432,"column":60}},"273":{"start":{"line":435,"column":12},"end":{"line":457,"column":14}},"274":{"start":{"line":437,"column":16},"end":{"line":437,"column":63}},"275":{"start":{"line":439,"column":66},"end":{"line":439,"column":70}},"276":{"start":{"line":441,"column":32},"end":{"line":441,"column":58}},"277":{"start":{"line":443,"column":28},"end":{"line":443,"column":123}},"278":{"start":{"line":445,"column":16},"end":{"line":445,"column":43}},"279":{"start":{"line":447,"column":31},"end":{"line":447,"column":48}},"280":{"start":{"line":449,"column":32},"end":{"line":449,"column":38}},"281":{"start":{"line":451,"column":16},"end":{"line":451,"column":45}},"282":{"start":{"line":453,"column":16},"end":{"line":453,"column":52}},"283":{"start":{"line":454,"column":16},"end":{"line":454,"column":55}},"284":{"start":{"line":455,"column":16},"end":{"line":455,"column":57}},"285":{"start":{"line":456,"column":16},"end":{"line":456,"column":57}},"286":{"start":{"line":459,"column":12},"end":{"line":481,"column":14}},"287":{"start":{"line":461,"column":16},"end":{"line":461,"column":63}},"288":{"start":{"line":463,"column":66},"end":{"line":463,"column":70}},"289":{"start":{"line":465,"column":35},"end":{"line":465,"column":64}},"290":{"start":{"line":467,"column":28},"end":{"line":467,"column":126}},"291":{"start":{"line":469,"column":16},"end":{"line":469,"column":43}},"292":{"start":{"line":471,"column":31},"end":{"line":471,"column":48}},"293":{"start":{"line":473,"column":32},"end":{"line":473,"column":38}},"294":{"start":{"line":475,"column":16},"end":{"line":475,"column":45}},"295":{"start":{"line":477,"column":16},"end":{"line":477,"column":49}},"296":{"start":{"line":478,"column":16},"end":{"line":478,"column":58}},"297":{"start":{"line":479,"column":16},"end":{"line":479,"column":57}},"298":{"start":{"line":480,"column":16},"end":{"line":480,"column":57}},"299":{"start":{"line":485,"column":12},"end":{"line":489,"column":14}},"300":{"start":{"line":486,"column":66},"end":{"line":486,"column":70}},"301":{"start":{"line":488,"column":16},"end":{"line":488,"column":151}},"302":{"start":{"line":488,"column":29},"end":{"line":488,"column":101}},"303":{"start":{"line":493,"column":12},"end":{"line":544,"column":14}},"304":{"start":{"line":496,"column":16},"end":{"line":504,"column":18}},"305":{"start":{"line":497,"column":20},"end":{"line":501,"column":22}},"306":{"start":{"line":503,"column":20},"end":{"line":503,"column":38}},"307":{"start":{"line":506,"column":16},"end":{"line":543,"column":18}},"308":{"start":{"line":508,"column":20},"end":{"line":508,"column":67}},"309":{"start":{"line":510,"column":124},"end":{"line":510,"column":129}},"310":{"start":{"line":512,"column":40},"end":{"line":512,"column":44}},"311":{"start":{"line":513,"column":35},"end":{"line":513,"column":43}},"312":{"start":{"line":514,"column":35},"end":{"line":514,"column":37}},"313":{"start":{"line":515,"column":36},"end":{"line":515,"column":44}},"314":{"start":{"line":516,"column":44},"end":{"line":516,"column":54}},"315":{"start":{"line":517,"column":38},"end":{"line":517,"column":40}},"316":{"start":{"line":518,"column":38},"end":{"line":518,"column":40}},"317":{"start":{"line":520,"column":20},"end":{"line":542,"column":21}},"318":{"start":{"line":521,"column":36},"end":{"line":521,"column":173}},"319":{"start":{"line":523,"column":24},"end":{"line":523,"column":48}},"320":{"start":{"line":526,"column":24},"end":{"line":526,"column":59}},"321":{"start":{"line":528,"column":38},"end":{"line":528,"column":61}},"322":{"start":{"line":530,"column":24},"end":{"line":530,"column":53}},"323":{"start":{"line":532,"column":24},"end":{"line":532,"column":57}},"324":{"start":{"line":533,"column":24},"end":{"line":533,"column":63}},"325":{"start":{"line":534,"column":24},"end":{"line":534,"column":65}},"326":{"start":{"line":535,"column":24},"end":{"line":535,"column":65}},"327":{"start":{"line":536,"column":24},"end":{"line":536,"column":55}},"328":{"start":{"line":537,"column":24},"end":{"line":537,"column":55}},"329":{"start":{"line":538,"column":24},"end":{"line":538,"column":57}},"330":{"start":{"line":539,"column":24},"end":{"line":539,"column":73}},"331":{"start":{"line":540,"column":24},"end":{"line":540,"column":69}},"332":{"start":{"line":541,"column":24},"end":{"line":541,"column":69}},"333":{"start":{"line":548,"column":8},"end":{"line":629,"column":10}},"334":{"start":{"line":552,"column":12},"end":{"line":566,"column":14}},"335":{"start":{"line":553,"column":16},"end":{"line":557,"column":18}},"336":{"start":{"line":559,"column":16},"end":{"line":563,"column":18}},"337":{"start":{"line":565,"column":16},"end":{"line":565,"column":62}},"338":{"start":{"line":569,"column":12},"end":{"line":596,"column":14}},"339":{"start":{"line":571,"column":16},"end":{"line":571,"column":63}},"340":{"start":{"line":573,"column":28},"end":{"line":573,"column":60}},"341":{"start":{"line":575,"column":16},"end":{"line":575,"column":43}},"342":{"start":{"line":577,"column":30},"end":{"line":577,"column":58}},"343":{"start":{"line":579,"column":31},"end":{"line":579,"column":60}},"344":{"start":{"line":581,"column":16},"end":{"line":581,"column":50}},"345":{"start":{"line":583,"column":16},"end":{"line":583,"column":57}},"346":{"start":{"line":585,"column":16},"end":{"line":585,"column":52}},"347":{"start":{"line":587,"column":16},"end":{"line":587,"column":58}},"348":{"start":{"line":589,"column":36},"end":{"line":589,"column":50}},"349":{"start":{"line":591,"column":16},"end":{"line":591,"column":63}},"350":{"start":{"line":593,"column":37},"end":{"line":593,"column":52}},"351":{"start":{"line":595,"column":16},"end":{"line":595,"column":63}},"352":{"start":{"line":598,"column":12},"end":{"line":612,"column":14}},"353":{"start":{"line":600,"column":16},"end":{"line":600,"column":63}},"354":{"start":{"line":602,"column":16},"end":{"line":609,"column":17}},"355":{"start":{"line":603,"column":20},"end":{"line":603,"column":51}},"356":{"start":{"line":604,"column":20},"end":{"line":604,"column":44}},"357":{"start":{"line":607,"column":20},"end":{"line":607,"column":55}},"358":{"start":{"line":608,"column":20},"end":{"line":608,"column":91}},"359":{"start":{"line":614,"column":12},"end":{"line":616,"column":14}},"360":{"start":{"line":615,"column":16},"end":{"line":615,"column":106}},"361":{"start":{"line":615,"column":29},"end":{"line":615,"column":56}},"362":{"start":{"line":618,"column":12},"end":{"line":620,"column":14}},"363":{"start":{"line":619,"column":16},"end":{"line":619,"column":101}},"364":{"start":{"line":619,"column":29},"end":{"line":619,"column":49}},"365":{"start":{"line":622,"column":12},"end":{"line":624,"column":14}},"366":{"start":{"line":623,"column":16},"end":{"line":623,"column":108}},"367":{"start":{"line":623,"column":29},"end":{"line":623,"column":56}},"368":{"start":{"line":626,"column":12},"end":{"line":628,"column":14}},"369":{"start":{"line":627,"column":16},"end":{"line":627,"column":92}},"370":{"start":{"line":627,"column":29},"end":{"line":627,"column":49}},"371":{"start":{"line":631,"column":8},"end":{"line":717,"column":10}},"372":{"start":{"line":636,"column":12},"end":{"line":665,"column":14}},"373":{"start":{"line":637,"column":16},"end":{"line":641,"column":18}},"374":{"start":{"line":643,"column":16},"end":{"line":647,"column":18}},"375":{"start":{"line":649,"column":16},"end":{"line":653,"column":18}},"376":{"start":{"line":655,"column":16},"end":{"line":659,"column":18}},"377":{"start":{"line":661,"column":16},"end":{"line":661,"column":44}},"378":{"start":{"line":662,"column":16},"end":{"line":662,"column":44}},"379":{"start":{"line":664,"column":16},"end":{"line":664,"column":76}},"380":{"start":{"line":668,"column":12},"end":{"line":679,"column":14}},"381":{"start":{"line":670,"column":16},"end":{"line":670,"column":63}},"382":{"start":{"line":672,"column":28},"end":{"line":672,"column":61}},"383":{"start":{"line":674,"column":16},"end":{"line":674,"column":47}},"384":{"start":{"line":676,"column":16},"end":{"line":676,"column":46}},"385":{"start":{"line":681,"column":12},"end":{"line":699,"column":14}},"386":{"start":{"line":682,"column":16},"end":{"line":682,"column":63}},"387":{"start":{"line":684,"column":16},"end":{"line":684,"column":48}},"388":{"start":{"line":686,"column":16},"end":{"line":697,"column":17}},"389":{"start":{"line":687,"column":20},"end":{"line":687,"column":46}},"390":{"start":{"line":690,"column":20},"end":{"line":690,"column":53}},"391":{"start":{"line":692,"column":20},"end":{"line":692,"column":60}},"392":{"start":{"line":694,"column":20},"end":{"line":694,"column":28}},"393":{"start":{"line":696,"column":20},"end":{"line":696,"column":96}},"394":{"start":{"line":702,"column":12},"end":{"line":704,"column":14}},"395":{"start":{"line":703,"column":16},"end":{"line":703,"column":106}},"396":{"start":{"line":703,"column":29},"end":{"line":703,"column":56}},"397":{"start":{"line":706,"column":12},"end":{"line":708,"column":14}},"398":{"start":{"line":707,"column":16},"end":{"line":707,"column":101}},"399":{"start":{"line":707,"column":29},"end":{"line":707,"column":49}},"400":{"start":{"line":710,"column":12},"end":{"line":712,"column":14}},"401":{"start":{"line":711,"column":16},"end":{"line":711,"column":108}},"402":{"start":{"line":711,"column":29},"end":{"line":711,"column":56}},"403":{"start":{"line":714,"column":12},"end":{"line":716,"column":14}},"404":{"start":{"line":715,"column":16},"end":{"line":715,"column":92}},"405":{"start":{"line":715,"column":29},"end":{"line":715,"column":49}},"406":{"start":{"line":719,"column":8},"end":{"line":766,"column":10}},"407":{"start":{"line":725,"column":12},"end":{"line":751,"column":14}},"408":{"start":{"line":726,"column":16},"end":{"line":730,"column":18}},"409":{"start":{"line":732,"column":16},"end":{"line":736,"column":18}},"410":{"start":{"line":738,"column":16},"end":{"line":742,"column":18}},"411":{"start":{"line":744,"column":16},"end":{"line":748,"column":18}},"412":{"start":{"line":750,"column":16},"end":{"line":750,"column":90}},"413":{"start":{"line":753,"column":12},"end":{"line":765,"column":14}},"414":{"start":{"line":755,"column":16},"end":{"line":755,"column":63}},"415":{"start":{"line":757,"column":35},"end":{"line":757,"column":74}},"416":{"start":{"line":759,"column":16},"end":{"line":759,"column":53}},"417":{"start":{"line":760,"column":16},"end":{"line":760,"column":63}},"418":{"start":{"line":761,"column":16},"end":{"line":761,"column":63}},"419":{"start":{"line":762,"column":16},"end":{"line":762,"column":79}},"420":{"start":{"line":763,"column":16},"end":{"line":763,"column":79}},"421":{"start":{"line":768,"column":8},"end":{"line":796,"column":10}},"422":{"start":{"line":771,"column":12},"end":{"line":778,"column":14}},"423":{"start":{"line":772,"column":16},"end":{"line":776,"column":18}},"424":{"start":{"line":777,"column":16},"end":{"line":777,"column":33}},"425":{"start":{"line":779,"column":12},"end":{"line":794,"column":14}},"426":{"start":{"line":781,"column":16},"end":{"line":781,"column":63}},"427":{"start":{"line":783,"column":30},"end":{"line":783,"column":38}},"428":{"start":{"line":785,"column":28},"end":{"line":785,"column":75}},"429":{"start":{"line":787,"column":16},"end":{"line":787,"column":47}},"430":{"start":{"line":789,"column":30},"end":{"line":789,"column":58}},"431":{"start":{"line":791,"column":16},"end":{"line":791,"column":50}},"432":{"start":{"line":793,"column":16},"end":{"line":793,"column":56}},"433":{"start":{"line":798,"column":8},"end":{"line":830,"column":10}},"434":{"start":{"line":801,"column":12},"end":{"line":815,"column":14}},"435":{"start":{"line":802,"column":16},"end":{"line":806,"column":18}},"436":{"start":{"line":808,"column":16},"end":{"line":808,"column":33}},"437":{"start":{"line":810,"column":16},"end":{"line":810,"column":63}},"438":{"start":{"line":812,"column":30},"end":{"line":812,"column":38}},"439":{"start":{"line":814,"column":16},"end":{"line":814,"column":64}},"440":{"start":{"line":817,"column":12},"end":{"line":828,"column":14}},"441":{"start":{"line":819,"column":16},"end":{"line":819,"column":63}},"442":{"start":{"line":822,"column":31},"end":{"line":822,"column":70}},"443":{"start":{"line":824,"column":16},"end":{"line":824,"column":50}},"444":{"start":{"line":826,"column":16},"end":{"line":826,"column":54}},"445":{"start":{"line":827,"column":16},"end":{"line":827,"column":54}},"446":{"start":{"line":835,"column":4},"end":{"line":1179,"column":6}},"447":{"start":{"line":839,"column":8},"end":{"line":856,"column":10}},"448":{"start":{"line":840,"column":12},"end":{"line":844,"column":14}},"449":{"start":{"line":846,"column":12},"end":{"line":850,"column":14}},"450":{"start":{"line":852,"column":12},"end":{"line":852,"column":40}},"451":{"start":{"line":853,"column":12},"end":{"line":853,"column":40}},"452":{"start":{"line":855,"column":12},"end":{"line":855,"column":58}},"453":{"start":{"line":858,"column":8},"end":{"line":940,"column":10}},"454":{"start":{"line":859,"column":12},"end":{"line":878,"column":14}},"455":{"start":{"line":860,"column":16},"end":{"line":860,"column":63}},"456":{"start":{"line":862,"column":29},"end":{"line":862,"column":41}},"457":{"start":{"line":863,"column":28},"end":{"line":863,"column":66}},"458":{"start":{"line":865,"column":16},"end":{"line":865,"column":43}},"459":{"start":{"line":867,"column":33},"end":{"line":867,"column":53}},"460":{"start":{"line":869,"column":16},"end":{"line":869,"column":51}},"461":{"start":{"line":871,"column":34},"end":{"line":871,"column":42}},"462":{"start":{"line":873,"column":16},"end":{"line":873,"column":51}},"463":{"start":{"line":874,"column":16},"end":{"line":874,"column":68}},"464":{"start":{"line":875,"column":16},"end":{"line":875,"column":58}},"465":{"start":{"line":876,"column":16},"end":{"line":876,"column":65}},"466":{"start":{"line":877,"column":16},"end":{"line":877,"column":60}},"467":{"start":{"line":880,"column":12},"end":{"line":883,"column":14}},"468":{"start":{"line":881,"column":29},"end":{"line":881,"column":41}},"469":{"start":{"line":882,"column":16},"end":{"line":882,"column":112}},"470":{"start":{"line":882,"column":29},"end":{"line":882,"column":62}},"471":{"start":{"line":885,"column":12},"end":{"line":888,"column":14}},"472":{"start":{"line":886,"column":29},"end":{"line":886,"column":41}},"473":{"start":{"line":887,"column":16},"end":{"line":887,"column":102}},"474":{"start":{"line":887,"column":29},"end":{"line":887,"column":55}},"475":{"start":{"line":890,"column":12},"end":{"line":893,"column":14}},"476":{"start":{"line":891,"column":29},"end":{"line":891,"column":41}},"477":{"start":{"line":892,"column":16},"end":{"line":892,"column":109}},"478":{"start":{"line":892,"column":29},"end":{"line":892,"column":62}},"479":{"start":{"line":895,"column":12},"end":{"line":898,"column":14}},"480":{"start":{"line":896,"column":29},"end":{"line":896,"column":41}},"481":{"start":{"line":897,"column":16},"end":{"line":897,"column":98}},"482":{"start":{"line":897,"column":29},"end":{"line":897,"column":55}},"483":{"start":{"line":900,"column":12},"end":{"line":903,"column":14}},"484":{"start":{"line":901,"column":29},"end":{"line":901,"column":41}},"485":{"start":{"line":902,"column":16},"end":{"line":902,"column":117}},"486":{"start":{"line":902,"column":29},"end":{"line":902,"column":67}},"487":{"start":{"line":905,"column":12},"end":{"line":908,"column":14}},"488":{"start":{"line":906,"column":29},"end":{"line":906,"column":41}},"489":{"start":{"line":907,"column":16},"end":{"line":907,"column":106}},"490":{"start":{"line":907,"column":29},"end":{"line":907,"column":59}},"491":{"start":{"line":910,"column":12},"end":{"line":913,"column":14}},"492":{"start":{"line":911,"column":29},"end":{"line":911,"column":41}},"493":{"start":{"line":912,"column":16},"end":{"line":912,"column":113}},"494":{"start":{"line":912,"column":29},"end":{"line":912,"column":66}},"495":{"start":{"line":915,"column":12},"end":{"line":918,"column":14}},"496":{"start":{"line":916,"column":29},"end":{"line":916,"column":41}},"497":{"start":{"line":917,"column":16},"end":{"line":917,"column":102}},"498":{"start":{"line":917,"column":29},"end":{"line":917,"column":59}},"499":{"start":{"line":920,"column":12},"end":{"line":939,"column":14}},"500":{"start":{"line":921,"column":29},"end":{"line":921,"column":41}},"501":{"start":{"line":922,"column":32},"end":{"line":922,"column":39}},"502":{"start":{"line":924,"column":16},"end":{"line":924,"column":63}},"503":{"start":{"line":928,"column":16},"end":{"line":936,"column":17}},"504":{"start":{"line":929,"column":20},"end":{"line":929,"column":57}},"505":{"start":{"line":931,"column":20},"end":{"line":931,"column":34}},"506":{"start":{"line":933,"column":20},"end":{"line":933,"column":53}},"507":{"start":{"line":934,"column":20},"end":{"line":934,"column":60}},"508":{"start":{"line":935,"column":20},"end":{"line":935,"column":90}},"509":{"start":{"line":938,"column":16},"end":{"line":938,"column":39}},"510":{"start":{"line":942,"column":8},"end":{"line":1037,"column":10}},"511":{"start":{"line":944,"column":12},"end":{"line":959,"column":14}},"512":{"start":{"line":945,"column":16},"end":{"line":947,"column":18}},"513":{"start":{"line":948,"column":16},"end":{"line":950,"column":18}},"514":{"start":{"line":951,"column":16},"end":{"line":953,"column":18}},"515":{"start":{"line":955,"column":16},"end":{"line":955,"column":37}},"516":{"start":{"line":956,"column":16},"end":{"line":956,"column":37}},"517":{"start":{"line":957,"column":16},"end":{"line":957,"column":37}},"518":{"start":{"line":962,"column":12},"end":{"line":979,"column":14}},"519":{"start":{"line":964,"column":16},"end":{"line":964,"column":63}},"520":{"start":{"line":966,"column":37},"end":{"line":966,"column":84}},"521":{"start":{"line":968,"column":16},"end":{"line":968,"column":55}},"522":{"start":{"line":970,"column":16},"end":{"line":970,"column":70}},"523":{"start":{"line":972,"column":16},"end":{"line":972,"column":70}},"524":{"start":{"line":974,"column":16},"end":{"line":974,"column":67}},"525":{"start":{"line":976,"column":32},"end":{"line":976,"column":74}},"526":{"start":{"line":978,"column":16},"end":{"line":978,"column":58}},"527":{"start":{"line":981,"column":12},"end":{"line":1003,"column":14}},"528":{"start":{"line":983,"column":16},"end":{"line":983,"column":65}},"529":{"start":{"line":985,"column":37},"end":{"line":985,"column":84}},"530":{"start":{"line":987,"column":16},"end":{"line":987,"column":55}},"531":{"start":{"line":989,"column":16},"end":{"line":989,"column":70}},"532":{"start":{"line":991,"column":16},"end":{"line":991,"column":70}},"533":{"start":{"line":993,"column":16},"end":{"line":993,"column":67}},"534":{"start":{"line":995,"column":32},"end":{"line":995,"column":74}},"535":{"start":{"line":997,"column":16},"end":{"line":997,"column":57}},"536":{"start":{"line":999,"column":33},"end":{"line":999,"column":75}},"537":{"start":{"line":1001,"column":16},"end":{"line":1001,"column":58}},"538":{"start":{"line":1005,"column":12},"end":{"line":1007,"column":14}},"539":{"start":{"line":1006,"column":16},"end":{"line":1006,"column":122}},"540":{"start":{"line":1006,"column":29},"end":{"line":1006,"column":72}},"541":{"start":{"line":1009,"column":12},"end":{"line":1011,"column":14}},"542":{"start":{"line":1010,"column":16},"end":{"line":1010,"column":110}},"543":{"start":{"line":1010,"column":29},"end":{"line":1010,"column":65}},"544":{"start":{"line":1013,"column":12},"end":{"line":1015,"column":14}},"545":{"start":{"line":1014,"column":16},"end":{"line":1014,"column":117}},"546":{"start":{"line":1014,"column":29},"end":{"line":1014,"column":72}},"547":{"start":{"line":1017,"column":12},"end":{"line":1019,"column":14}},"548":{"start":{"line":1018,"column":16},"end":{"line":1018,"column":108}},"549":{"start":{"line":1018,"column":29},"end":{"line":1018,"column":65}},"550":{"start":{"line":1021,"column":12},"end":{"line":1023,"column":14}},"551":{"start":{"line":1022,"column":16},"end":{"line":1022,"column":121}},"552":{"start":{"line":1022,"column":29},"end":{"line":1022,"column":71}},"553":{"start":{"line":1025,"column":12},"end":{"line":1027,"column":14}},"554":{"start":{"line":1026,"column":16},"end":{"line":1026,"column":116}},"555":{"start":{"line":1026,"column":29},"end":{"line":1026,"column":64}},"556":{"start":{"line":1029,"column":12},"end":{"line":1031,"column":14}},"557":{"start":{"line":1030,"column":16},"end":{"line":1030,"column":123}},"558":{"start":{"line":1030,"column":29},"end":{"line":1030,"column":71}},"559":{"start":{"line":1033,"column":12},"end":{"line":1035,"column":14}},"560":{"start":{"line":1034,"column":16},"end":{"line":1034,"column":107}},"561":{"start":{"line":1034,"column":29},"end":{"line":1034,"column":64}},"562":{"start":{"line":1039,"column":8},"end":{"line":1109,"column":10}},"563":{"start":{"line":1041,"column":12},"end":{"line":1056,"column":14}},"564":{"start":{"line":1042,"column":16},"end":{"line":1044,"column":18}},"565":{"start":{"line":1045,"column":16},"end":{"line":1047,"column":18}},"566":{"start":{"line":1048,"column":16},"end":{"line":1050,"column":18}},"567":{"start":{"line":1052,"column":16},"end":{"line":1052,"column":37}},"568":{"start":{"line":1053,"column":16},"end":{"line":1053,"column":37}},"569":{"start":{"line":1054,"column":16},"end":{"line":1054,"column":37}},"570":{"start":{"line":1059,"column":12},"end":{"line":1074,"column":14}},"571":{"start":{"line":1061,"column":16},"end":{"line":1061,"column":63}},"572":{"start":{"line":1063,"column":37},"end":{"line":1063,"column":81}},"573":{"start":{"line":1065,"column":16},"end":{"line":1065,"column":55}},"574":{"start":{"line":1067,"column":16},"end":{"line":1067,"column":70}},"575":{"start":{"line":1069,"column":16},"end":{"line":1069,"column":70}},"576":{"start":{"line":1071,"column":16},"end":{"line":1071,"column":67}},"577":{"start":{"line":1077,"column":12},"end":{"line":1079,"column":14}},"578":{"start":{"line":1078,"column":16},"end":{"line":1078,"column":119}},"579":{"start":{"line":1078,"column":29},"end":{"line":1078,"column":69}},"580":{"start":{"line":1081,"column":12},"end":{"line":1083,"column":14}},"581":{"start":{"line":1082,"column":16},"end":{"line":1082,"column":107}},"582":{"start":{"line":1082,"column":29},"end":{"line":1082,"column":62}},"583":{"start":{"line":1085,"column":12},"end":{"line":1087,"column":14}},"584":{"start":{"line":1086,"column":16},"end":{"line":1086,"column":114}},"585":{"start":{"line":1086,"column":29},"end":{"line":1086,"column":69}},"586":{"start":{"line":1089,"column":12},"end":{"line":1091,"column":14}},"587":{"start":{"line":1090,"column":16},"end":{"line":1090,"column":105}},"588":{"start":{"line":1090,"column":29},"end":{"line":1090,"column":62}},"589":{"start":{"line":1093,"column":12},"end":{"line":1095,"column":14}},"590":{"start":{"line":1094,"column":16},"end":{"line":1094,"column":118}},"591":{"start":{"line":1094,"column":29},"end":{"line":1094,"column":68}},"592":{"start":{"line":1097,"column":12},"end":{"line":1099,"column":14}},"593":{"start":{"line":1098,"column":16},"end":{"line":1098,"column":113}},"594":{"start":{"line":1098,"column":29},"end":{"line":1098,"column":61}},"595":{"start":{"line":1101,"column":12},"end":{"line":1103,"column":14}},"596":{"start":{"line":1102,"column":16},"end":{"line":1102,"column":120}},"597":{"start":{"line":1102,"column":29},"end":{"line":1102,"column":68}},"598":{"start":{"line":1105,"column":12},"end":{"line":1107,"column":14}},"599":{"start":{"line":1106,"column":16},"end":{"line":1106,"column":104}},"600":{"start":{"line":1106,"column":29},"end":{"line":1106,"column":61}},"601":{"start":{"line":1111,"column":8},"end":{"line":1177,"column":10}},"602":{"start":{"line":1113,"column":12},"end":{"line":1128,"column":14}},"603":{"start":{"line":1114,"column":16},"end":{"line":1116,"column":18}},"604":{"start":{"line":1117,"column":16},"end":{"line":1119,"column":18}},"605":{"start":{"line":1120,"column":16},"end":{"line":1122,"column":18}},"606":{"start":{"line":1124,"column":16},"end":{"line":1124,"column":37}},"607":{"start":{"line":1125,"column":16},"end":{"line":1125,"column":37}},"608":{"start":{"line":1126,"column":16},"end":{"line":1126,"column":37}},"609":{"start":{"line":1131,"column":12},"end":{"line":1142,"column":14}},"610":{"start":{"line":1133,"column":16},"end":{"line":1133,"column":65}},"611":{"start":{"line":1135,"column":33},"end":{"line":1135,"column":71}},"612":{"start":{"line":1137,"column":16},"end":{"line":1137,"column":51}},"613":{"start":{"line":1139,"column":16},"end":{"line":1139,"column":53}},"614":{"start":{"line":1145,"column":12},"end":{"line":1147,"column":14}},"615":{"start":{"line":1146,"column":16},"end":{"line":1146,"column":112}},"616":{"start":{"line":1146,"column":29},"end":{"line":1146,"column":62}},"617":{"start":{"line":1149,"column":12},"end":{"line":1151,"column":14}},"618":{"start":{"line":1150,"column":16},"end":{"line":1150,"column":100}},"619":{"start":{"line":1150,"column":29},"end":{"line":1150,"column":55}},"620":{"start":{"line":1153,"column":12},"end":{"line":1155,"column":14}},"621":{"start":{"line":1154,"column":16},"end":{"line":1154,"column":107}},"622":{"start":{"line":1154,"column":29},"end":{"line":1154,"column":62}},"623":{"start":{"line":1157,"column":12},"end":{"line":1159,"column":14}},"624":{"start":{"line":1158,"column":16},"end":{"line":1158,"column":98}},"625":{"start":{"line":1158,"column":29},"end":{"line":1158,"column":55}},"626":{"start":{"line":1161,"column":12},"end":{"line":1163,"column":14}},"627":{"start":{"line":1162,"column":16},"end":{"line":1162,"column":112}},"628":{"start":{"line":1162,"column":29},"end":{"line":1162,"column":62}},"629":{"start":{"line":1165,"column":12},"end":{"line":1167,"column":14}},"630":{"start":{"line":1166,"column":16},"end":{"line":1166,"column":100}},"631":{"start":{"line":1166,"column":29},"end":{"line":1166,"column":55}},"632":{"start":{"line":1169,"column":12},"end":{"line":1171,"column":14}},"633":{"start":{"line":1170,"column":16},"end":{"line":1170,"column":107}},"634":{"start":{"line":1170,"column":29},"end":{"line":1170,"column":62}},"635":{"start":{"line":1173,"column":12},"end":{"line":1175,"column":14}},"636":{"start":{"line":1174,"column":16},"end":{"line":1174,"column":98}},"637":{"start":{"line":1174,"column":29},"end":{"line":1174,"column":55}},"638":{"start":{"line":1182,"column":4},"end":{"line":1182,"column":75}},"639":{"start":{"line":1182,"column":20},"end":{"line":1182,"column":74}},"640":{"start":{"line":1184,"column":4},"end":{"line":1184,"column":38}},"641":{"start":{"line":1184,"column":16},"end":{"line":1184,"column":37}}},"fnMap":{"0":{"name":"(anonymous_0)","decl":{"start":{"line":22,"column":18},"end":{"line":22,"column":19}},"loc":{"start":{"line":22,"column":24},"end":{"line":1185,"column":1}},"line":22},"1":{"name":"(anonymous_1)","decl":{"start":{"line":23,"column":11},"end":{"line":23,"column":12}},"loc":{"start":{"line":23,"column":17},"end":{"line":23,"column":98}},"line":23},"2":{"name":"(anonymous_2)","decl":{"start":{"line":25,"column":15},"end":{"line":25,"column":16}},"loc":{"start":{"line":25,"column":21},"end":{"line":29,"column":5}},"line":25},"3":{"name":"(anonymous_3)","decl":{"start":{"line":31,"column":21},"end":{"line":31,"column":22}},"loc":{"start":{"line":31,"column":27},"end":{"line":832,"column":5}},"line":31},"4":{"name":"(anonymous_4)","decl":{"start":{"line":32,"column":29},"end":{"line":32,"column":30}},"loc":{"start":{"line":32,"column":35},"end":{"line":233,"column":9}},"line":32},"5":{"name":"(anonymous_5)","decl":{"start":{"line":35,"column":23},"end":{"line":35,"column":24}},"loc":{"start":{"line":35,"column":29},"end":{"line":46,"column":13}},"line":35},"6":{"name":"(anonymous_6)","decl":{"start":{"line":48,"column":49},"end":{"line":48,"column":50}},"loc":{"start":{"line":48,"column":61},"end":{"line":71,"column":13}},"line":48},"7":{"name":"(anonymous_7)","decl":{"start":{"line":73,"column":48},"end":{"line":73,"column":49}},"loc":{"start":{"line":73,"column":54},"end":{"line":75,"column":13}},"line":73},"8":{"name":"(anonymous_8)","decl":{"start":{"line":74,"column":23},"end":{"line":74,"column":24}},"loc":{"start":{"line":74,"column":29},"end":{"line":74,"column":141}},"line":74},"9":{"name":"(anonymous_9)","decl":{"start":{"line":77,"column":44},"end":{"line":77,"column":45}},"loc":{"start":{"line":77,"column":50},"end":{"line":79,"column":13}},"line":77},"10":{"name":"(anonymous_10)","decl":{"start":{"line":78,"column":23},"end":{"line":78,"column":24}},"loc":{"start":{"line":78,"column":29},"end":{"line":78,"column":134}},"line":78},"11":{"name":"(anonymous_11)","decl":{"start":{"line":81,"column":44},"end":{"line":81,"column":45}},"loc":{"start":{"line":81,"column":50},"end":{"line":83,"column":13}},"line":81},"12":{"name":"(anonymous_12)","decl":{"start":{"line":82,"column":23},"end":{"line":82,"column":24}},"loc":{"start":{"line":82,"column":29},"end":{"line":82,"column":141}},"line":82},"13":{"name":"(anonymous_13)","decl":{"start":{"line":85,"column":49},"end":{"line":85,"column":50}},"loc":{"start":{"line":85,"column":55},"end":{"line":87,"column":13}},"line":85},"14":{"name":"(anonymous_14)","decl":{"start":{"line":86,"column":23},"end":{"line":86,"column":24}},"loc":{"start":{"line":86,"column":29},"end":{"line":86,"column":134}},"line":86},"15":{"name":"(anonymous_15)","decl":{"start":{"line":89,"column":51},"end":{"line":89,"column":52}},"loc":{"start":{"line":89,"column":57},"end":{"line":91,"column":13}},"line":89},"16":{"name":"(anonymous_16)","decl":{"start":{"line":90,"column":23},"end":{"line":90,"column":24}},"loc":{"start":{"line":90,"column":29},"end":{"line":90,"column":138}},"line":90},"17":{"name":"(anonymous_17)","decl":{"start":{"line":93,"column":47},"end":{"line":93,"column":48}},"loc":{"start":{"line":93,"column":53},"end":{"line":95,"column":13}},"line":93},"18":{"name":"(anonymous_18)","decl":{"start":{"line":94,"column":23},"end":{"line":94,"column":24}},"loc":{"start":{"line":94,"column":29},"end":{"line":94,"column":131}},"line":94},"19":{"name":"(anonymous_19)","decl":{"start":{"line":97,"column":47},"end":{"line":97,"column":48}},"loc":{"start":{"line":97,"column":53},"end":{"line":99,"column":13}},"line":97},"20":{"name":"(anonymous_20)","decl":{"start":{"line":98,"column":23},"end":{"line":98,"column":24}},"loc":{"start":{"line":98,"column":29},"end":{"line":98,"column":138}},"line":98},"21":{"name":"(anonymous_21)","decl":{"start":{"line":101,"column":52},"end":{"line":101,"column":53}},"loc":{"start":{"line":101,"column":58},"end":{"line":103,"column":13}},"line":101},"22":{"name":"(anonymous_22)","decl":{"start":{"line":102,"column":23},"end":{"line":102,"column":24}},"loc":{"start":{"line":102,"column":29},"end":{"line":102,"column":131}},"line":102},"23":{"name":"(anonymous_23)","decl":{"start":{"line":105,"column":52},"end":{"line":105,"column":53}},"loc":{"start":{"line":105,"column":58},"end":{"line":107,"column":13}},"line":105},"24":{"name":"(anonymous_24)","decl":{"start":{"line":106,"column":23},"end":{"line":106,"column":24}},"loc":{"start":{"line":106,"column":29},"end":{"line":106,"column":137}},"line":106},"25":{"name":"(anonymous_25)","decl":{"start":{"line":109,"column":48},"end":{"line":109,"column":49}},"loc":{"start":{"line":109,"column":54},"end":{"line":111,"column":13}},"line":109},"26":{"name":"(anonymous_26)","decl":{"start":{"line":110,"column":23},"end":{"line":110,"column":24}},"loc":{"start":{"line":110,"column":29},"end":{"line":110,"column":130}},"line":110},"27":{"name":"(anonymous_27)","decl":{"start":{"line":113,"column":48},"end":{"line":113,"column":49}},"loc":{"start":{"line":113,"column":54},"end":{"line":115,"column":13}},"line":113},"28":{"name":"(anonymous_28)","decl":{"start":{"line":114,"column":23},"end":{"line":114,"column":24}},"loc":{"start":{"line":114,"column":29},"end":{"line":114,"column":137}},"line":114},"29":{"name":"(anonymous_29)","decl":{"start":{"line":117,"column":53},"end":{"line":117,"column":54}},"loc":{"start":{"line":117,"column":59},"end":{"line":119,"column":13}},"line":117},"30":{"name":"(anonymous_30)","decl":{"start":{"line":118,"column":23},"end":{"line":118,"column":24}},"loc":{"start":{"line":118,"column":29},"end":{"line":118,"column":130}},"line":118},"31":{"name":"(anonymous_31)","decl":{"start":{"line":121,"column":52},"end":{"line":121,"column":53}},"loc":{"start":{"line":121,"column":58},"end":{"line":123,"column":13}},"line":121},"32":{"name":"(anonymous_32)","decl":{"start":{"line":122,"column":23},"end":{"line":122,"column":24}},"loc":{"start":{"line":122,"column":29},"end":{"line":122,"column":137}},"line":122},"33":{"name":"(anonymous_33)","decl":{"start":{"line":125,"column":48},"end":{"line":125,"column":49}},"loc":{"start":{"line":125,"column":54},"end":{"line":127,"column":13}},"line":125},"34":{"name":"(anonymous_34)","decl":{"start":{"line":126,"column":23},"end":{"line":126,"column":24}},"loc":{"start":{"line":126,"column":29},"end":{"line":126,"column":130}},"line":126},"35":{"name":"(anonymous_35)","decl":{"start":{"line":129,"column":48},"end":{"line":129,"column":49}},"loc":{"start":{"line":129,"column":54},"end":{"line":131,"column":13}},"line":129},"36":{"name":"(anonymous_36)","decl":{"start":{"line":130,"column":23},"end":{"line":130,"column":24}},"loc":{"start":{"line":130,"column":29},"end":{"line":130,"column":137}},"line":130},"37":{"name":"(anonymous_37)","decl":{"start":{"line":133,"column":53},"end":{"line":133,"column":54}},"loc":{"start":{"line":133,"column":59},"end":{"line":135,"column":13}},"line":133},"38":{"name":"(anonymous_38)","decl":{"start":{"line":134,"column":23},"end":{"line":134,"column":24}},"loc":{"start":{"line":134,"column":29},"end":{"line":134,"column":130}},"line":134},"39":{"name":"(anonymous_39)","decl":{"start":{"line":137,"column":47},"end":{"line":137,"column":48}},"loc":{"start":{"line":137,"column":53},"end":{"line":139,"column":13}},"line":137},"40":{"name":"(anonymous_40)","decl":{"start":{"line":138,"column":23},"end":{"line":138,"column":24}},"loc":{"start":{"line":138,"column":29},"end":{"line":138,"column":142}},"line":138},"41":{"name":"(anonymous_41)","decl":{"start":{"line":141,"column":43},"end":{"line":141,"column":44}},"loc":{"start":{"line":141,"column":49},"end":{"line":143,"column":13}},"line":141},"42":{"name":"(anonymous_42)","decl":{"start":{"line":142,"column":23},"end":{"line":142,"column":24}},"loc":{"start":{"line":142,"column":29},"end":{"line":142,"column":135}},"line":142},"43":{"name":"(anonymous_43)","decl":{"start":{"line":145,"column":43},"end":{"line":145,"column":44}},"loc":{"start":{"line":145,"column":49},"end":{"line":147,"column":13}},"line":145},"44":{"name":"(anonymous_44)","decl":{"start":{"line":146,"column":23},"end":{"line":146,"column":24}},"loc":{"start":{"line":146,"column":29},"end":{"line":146,"column":142}},"line":146},"45":{"name":"(anonymous_45)","decl":{"start":{"line":149,"column":48},"end":{"line":149,"column":49}},"loc":{"start":{"line":149,"column":54},"end":{"line":151,"column":13}},"line":149},"46":{"name":"(anonymous_46)","decl":{"start":{"line":150,"column":23},"end":{"line":150,"column":24}},"loc":{"start":{"line":150,"column":29},"end":{"line":150,"column":135}},"line":150},"47":{"name":"(anonymous_47)","decl":{"start":{"line":153,"column":47},"end":{"line":153,"column":48}},"loc":{"start":{"line":153,"column":53},"end":{"line":155,"column":13}},"line":153},"48":{"name":"(anonymous_48)","decl":{"start":{"line":154,"column":23},"end":{"line":154,"column":24}},"loc":{"start":{"line":154,"column":29},"end":{"line":154,"column":142}},"line":154},"49":{"name":"(anonymous_49)","decl":{"start":{"line":157,"column":43},"end":{"line":157,"column":44}},"loc":{"start":{"line":157,"column":49},"end":{"line":159,"column":13}},"line":157},"50":{"name":"(anonymous_50)","decl":{"start":{"line":158,"column":23},"end":{"line":158,"column":24}},"loc":{"start":{"line":158,"column":29},"end":{"line":158,"column":135}},"line":158},"51":{"name":"(anonymous_51)","decl":{"start":{"line":161,"column":43},"end":{"line":161,"column":44}},"loc":{"start":{"line":161,"column":49},"end":{"line":163,"column":13}},"line":161},"52":{"name":"(anonymous_52)","decl":{"start":{"line":162,"column":23},"end":{"line":162,"column":24}},"loc":{"start":{"line":162,"column":29},"end":{"line":162,"column":142}},"line":162},"53":{"name":"(anonymous_53)","decl":{"start":{"line":165,"column":48},"end":{"line":165,"column":49}},"loc":{"start":{"line":165,"column":54},"end":{"line":167,"column":13}},"line":165},"54":{"name":"(anonymous_54)","decl":{"start":{"line":166,"column":23},"end":{"line":166,"column":24}},"loc":{"start":{"line":166,"column":29},"end":{"line":166,"column":145}},"line":166},"55":{"name":"(anonymous_55)","decl":{"start":{"line":169,"column":48},"end":{"line":169,"column":49}},"loc":{"start":{"line":169,"column":54},"end":{"line":171,"column":13}},"line":169},"56":{"name":"(anonymous_56)","decl":{"start":{"line":170,"column":23},"end":{"line":170,"column":24}},"loc":{"start":{"line":170,"column":29},"end":{"line":170,"column":141}},"line":170},"57":{"name":"(anonymous_57)","decl":{"start":{"line":173,"column":44},"end":{"line":173,"column":45}},"loc":{"start":{"line":173,"column":50},"end":{"line":175,"column":13}},"line":173},"58":{"name":"(anonymous_58)","decl":{"start":{"line":174,"column":23},"end":{"line":174,"column":24}},"loc":{"start":{"line":174,"column":29},"end":{"line":174,"column":134}},"line":174},"59":{"name":"(anonymous_59)","decl":{"start":{"line":177,"column":44},"end":{"line":177,"column":45}},"loc":{"start":{"line":177,"column":50},"end":{"line":179,"column":13}},"line":177},"60":{"name":"(anonymous_60)","decl":{"start":{"line":178,"column":23},"end":{"line":178,"column":24}},"loc":{"start":{"line":178,"column":29},"end":{"line":178,"column":141}},"line":178},"61":{"name":"(anonymous_61)","decl":{"start":{"line":181,"column":49},"end":{"line":181,"column":50}},"loc":{"start":{"line":181,"column":55},"end":{"line":183,"column":13}},"line":181},"62":{"name":"(anonymous_62)","decl":{"start":{"line":182,"column":23},"end":{"line":182,"column":24}},"loc":{"start":{"line":182,"column":29},"end":{"line":182,"column":134}},"line":182},"63":{"name":"(anonymous_63)","decl":{"start":{"line":185,"column":56},"end":{"line":185,"column":57}},"loc":{"start":{"line":185,"column":62},"end":{"line":187,"column":13}},"line":185},"64":{"name":"(anonymous_64)","decl":{"start":{"line":186,"column":23},"end":{"line":186,"column":24}},"loc":{"start":{"line":186,"column":29},"end":{"line":186,"column":133}},"line":186},"65":{"name":"(anonymous_65)","decl":{"start":{"line":189,"column":52},"end":{"line":189,"column":53}},"loc":{"start":{"line":189,"column":58},"end":{"line":191,"column":13}},"line":189},"66":{"name":"(anonymous_66)","decl":{"start":{"line":190,"column":23},"end":{"line":190,"column":24}},"loc":{"start":{"line":190,"column":29},"end":{"line":190,"column":126}},"line":190},"67":{"name":"(anonymous_67)","decl":{"start":{"line":193,"column":52},"end":{"line":193,"column":53}},"loc":{"start":{"line":193,"column":58},"end":{"line":195,"column":13}},"line":193},"68":{"name":"(anonymous_68)","decl":{"start":{"line":194,"column":23},"end":{"line":194,"column":24}},"loc":{"start":{"line":194,"column":29},"end":{"line":194,"column":133}},"line":194},"69":{"name":"(anonymous_69)","decl":{"start":{"line":197,"column":57},"end":{"line":197,"column":58}},"loc":{"start":{"line":197,"column":63},"end":{"line":199,"column":13}},"line":197},"70":{"name":"(anonymous_70)","decl":{"start":{"line":198,"column":23},"end":{"line":198,"column":24}},"loc":{"start":{"line":198,"column":29},"end":{"line":198,"column":126}},"line":198},"71":{"name":"(anonymous_71)","decl":{"start":{"line":201,"column":54},"end":{"line":201,"column":55}},"loc":{"start":{"line":201,"column":60},"end":{"line":203,"column":13}},"line":201},"72":{"name":"(anonymous_72)","decl":{"start":{"line":202,"column":23},"end":{"line":202,"column":24}},"loc":{"start":{"line":202,"column":29},"end":{"line":202,"column":135}},"line":202},"73":{"name":"(anonymous_73)","decl":{"start":{"line":205,"column":50},"end":{"line":205,"column":51}},"loc":{"start":{"line":205,"column":56},"end":{"line":207,"column":13}},"line":205},"74":{"name":"(anonymous_74)","decl":{"start":{"line":206,"column":23},"end":{"line":206,"column":24}},"loc":{"start":{"line":206,"column":29},"end":{"line":206,"column":128}},"line":206},"75":{"name":"(anonymous_75)","decl":{"start":{"line":209,"column":50},"end":{"line":209,"column":51}},"loc":{"start":{"line":209,"column":56},"end":{"line":211,"column":13}},"line":209},"76":{"name":"(anonymous_76)","decl":{"start":{"line":210,"column":23},"end":{"line":210,"column":24}},"loc":{"start":{"line":210,"column":29},"end":{"line":210,"column":135}},"line":210},"77":{"name":"(anonymous_77)","decl":{"start":{"line":213,"column":55},"end":{"line":213,"column":56}},"loc":{"start":{"line":213,"column":61},"end":{"line":215,"column":13}},"line":213},"78":{"name":"(anonymous_78)","decl":{"start":{"line":214,"column":23},"end":{"line":214,"column":24}},"loc":{"start":{"line":214,"column":29},"end":{"line":214,"column":134}},"line":214},"79":{"name":"(anonymous_79)","decl":{"start":{"line":217,"column":54},"end":{"line":217,"column":55}},"loc":{"start":{"line":217,"column":60},"end":{"line":219,"column":13}},"line":217},"80":{"name":"(anonymous_80)","decl":{"start":{"line":218,"column":23},"end":{"line":218,"column":24}},"loc":{"start":{"line":218,"column":29},"end":{"line":218,"column":135}},"line":218},"81":{"name":"(anonymous_81)","decl":{"start":{"line":221,"column":50},"end":{"line":221,"column":51}},"loc":{"start":{"line":221,"column":56},"end":{"line":223,"column":13}},"line":221},"82":{"name":"(anonymous_82)","decl":{"start":{"line":222,"column":23},"end":{"line":222,"column":24}},"loc":{"start":{"line":222,"column":29},"end":{"line":222,"column":128}},"line":222},"83":{"name":"(anonymous_83)","decl":{"start":{"line":225,"column":50},"end":{"line":225,"column":51}},"loc":{"start":{"line":225,"column":56},"end":{"line":227,"column":13}},"line":225},"84":{"name":"(anonymous_84)","decl":{"start":{"line":226,"column":23},"end":{"line":226,"column":24}},"loc":{"start":{"line":226,"column":29},"end":{"line":226,"column":135}},"line":226},"85":{"name":"(anonymous_85)","decl":{"start":{"line":229,"column":55},"end":{"line":229,"column":56}},"loc":{"start":{"line":229,"column":61},"end":{"line":231,"column":13}},"line":229},"86":{"name":"(anonymous_86)","decl":{"start":{"line":230,"column":23},"end":{"line":230,"column":24}},"loc":{"start":{"line":230,"column":29},"end":{"line":230,"column":134}},"line":230},"87":{"name":"(anonymous_87)","decl":{"start":{"line":235,"column":33},"end":{"line":235,"column":34}},"loc":{"start":{"line":235,"column":39},"end":{"line":322,"column":9}},"line":235},"88":{"name":"(anonymous_88)","decl":{"start":{"line":238,"column":23},"end":{"line":238,"column":24}},"loc":{"start":{"line":238,"column":29},"end":{"line":241,"column":22}},"line":238},"89":{"name":"(anonymous_89)","decl":{"start":{"line":243,"column":61},"end":{"line":243,"column":62}},"loc":{"start":{"line":243,"column":73},"end":{"line":253,"column":13}},"line":243},"90":{"name":"(anonymous_90)","decl":{"start":{"line":255,"column":52},"end":{"line":255,"column":53}},"loc":{"start":{"line":255,"column":64},"end":{"line":270,"column":13}},"line":255},"91":{"name":"(anonymous_91)","decl":{"start":{"line":272,"column":52},"end":{"line":272,"column":53}},"loc":{"start":{"line":272,"column":64},"end":{"line":287,"column":13}},"line":272},"92":{"name":"(anonymous_92)","decl":{"start":{"line":289,"column":52},"end":{"line":289,"column":53}},"loc":{"start":{"line":289,"column":58},"end":{"line":291,"column":13}},"line":289},"93":{"name":"(anonymous_93)","decl":{"start":{"line":290,"column":23},"end":{"line":290,"column":24}},"loc":{"start":{"line":290,"column":29},"end":{"line":290,"column":66}},"line":290},"94":{"name":"(anonymous_94)","decl":{"start":{"line":293,"column":48},"end":{"line":293,"column":49}},"loc":{"start":{"line":293,"column":54},"end":{"line":295,"column":13}},"line":293},"95":{"name":"(anonymous_95)","decl":{"start":{"line":294,"column":23},"end":{"line":294,"column":24}},"loc":{"start":{"line":294,"column":29},"end":{"line":294,"column":59}},"line":294},"96":{"name":"(anonymous_96)","decl":{"start":{"line":297,"column":48},"end":{"line":297,"column":49}},"loc":{"start":{"line":297,"column":54},"end":{"line":299,"column":13}},"line":297},"97":{"name":"(anonymous_97)","decl":{"start":{"line":298,"column":23},"end":{"line":298,"column":24}},"loc":{"start":{"line":298,"column":29},"end":{"line":298,"column":66}},"line":298},"98":{"name":"(anonymous_98)","decl":{"start":{"line":301,"column":53},"end":{"line":301,"column":54}},"loc":{"start":{"line":301,"column":59},"end":{"line":303,"column":13}},"line":301},"99":{"name":"(anonymous_99)","decl":{"start":{"line":302,"column":23},"end":{"line":302,"column":24}},"loc":{"start":{"line":302,"column":29},"end":{"line":302,"column":59}},"line":302},"100":{"name":"(anonymous_100)","decl":{"start":{"line":305,"column":52},"end":{"line":305,"column":53}},"loc":{"start":{"line":305,"column":58},"end":{"line":307,"column":13}},"line":305},"101":{"name":"(anonymous_101)","decl":{"start":{"line":306,"column":23},"end":{"line":306,"column":24}},"loc":{"start":{"line":306,"column":29},"end":{"line":306,"column":66}},"line":306},"102":{"name":"(anonymous_102)","decl":{"start":{"line":309,"column":48},"end":{"line":309,"column":49}},"loc":{"start":{"line":309,"column":54},"end":{"line":311,"column":13}},"line":309},"103":{"name":"(anonymous_103)","decl":{"start":{"line":310,"column":23},"end":{"line":310,"column":24}},"loc":{"start":{"line":310,"column":29},"end":{"line":310,"column":59}},"line":310},"104":{"name":"(anonymous_104)","decl":{"start":{"line":313,"column":48},"end":{"line":313,"column":49}},"loc":{"start":{"line":313,"column":54},"end":{"line":315,"column":13}},"line":313},"105":{"name":"(anonymous_105)","decl":{"start":{"line":314,"column":23},"end":{"line":314,"column":24}},"loc":{"start":{"line":314,"column":29},"end":{"line":314,"column":66}},"line":314},"106":{"name":"(anonymous_106)","decl":{"start":{"line":317,"column":53},"end":{"line":317,"column":54}},"loc":{"start":{"line":317,"column":59},"end":{"line":319,"column":13}},"line":317},"107":{"name":"(anonymous_107)","decl":{"start":{"line":318,"column":23},"end":{"line":318,"column":24}},"loc":{"start":{"line":318,"column":29},"end":{"line":318,"column":59}},"line":318},"108":{"name":"(anonymous_108)","decl":{"start":{"line":324,"column":29},"end":{"line":324,"column":30}},"loc":{"start":{"line":324,"column":35},"end":{"line":385,"column":9}},"line":324},"109":{"name":"(anonymous_109)","decl":{"start":{"line":327,"column":23},"end":{"line":327,"column":24}},"loc":{"start":{"line":327,"column":35},"end":{"line":335,"column":13}},"line":327},"110":{"name":"(anonymous_110)","decl":{"start":{"line":337,"column":45},"end":{"line":337,"column":46}},"loc":{"start":{"line":337,"column":57},"end":{"line":354,"column":13}},"line":337},"111":{"name":"(anonymous_111)","decl":{"start":{"line":356,"column":45},"end":{"line":356,"column":46}},"loc":{"start":{"line":356,"column":57},"end":{"line":368,"column":13}},"line":356},"112":{"name":"(anonymous_112)","decl":{"start":{"line":370,"column":46},"end":{"line":370,"column":47}},"loc":{"start":{"line":370,"column":52},"end":{"line":372,"column":13}},"line":370},"113":{"name":"(anonymous_113)","decl":{"start":{"line":371,"column":23},"end":{"line":371,"column":24}},"loc":{"start":{"line":371,"column":29},"end":{"line":371,"column":58}},"line":371},"114":{"name":"(anonymous_114)","decl":{"start":{"line":374,"column":42},"end":{"line":374,"column":43}},"loc":{"start":{"line":374,"column":48},"end":{"line":376,"column":13}},"line":374},"115":{"name":"(anonymous_115)","decl":{"start":{"line":375,"column":23},"end":{"line":375,"column":24}},"loc":{"start":{"line":375,"column":29},"end":{"line":375,"column":51}},"line":375},"116":{"name":"(anonymous_116)","decl":{"start":{"line":378,"column":42},"end":{"line":378,"column":43}},"loc":{"start":{"line":378,"column":48},"end":{"line":380,"column":13}},"line":378},"117":{"name":"(anonymous_117)","decl":{"start":{"line":379,"column":23},"end":{"line":379,"column":24}},"loc":{"start":{"line":379,"column":29},"end":{"line":379,"column":58}},"line":379},"118":{"name":"(anonymous_118)","decl":{"start":{"line":382,"column":47},"end":{"line":382,"column":48}},"loc":{"start":{"line":382,"column":53},"end":{"line":384,"column":13}},"line":382},"119":{"name":"(anonymous_119)","decl":{"start":{"line":383,"column":23},"end":{"line":383,"column":24}},"loc":{"start":{"line":383,"column":29},"end":{"line":383,"column":51}},"line":383},"120":{"name":"(anonymous_120)","decl":{"start":{"line":387,"column":27},"end":{"line":387,"column":28}},"loc":{"start":{"line":387,"column":33},"end":{"line":546,"column":9}},"line":387},"121":{"name":"(anonymous_121)","decl":{"start":{"line":390,"column":23},"end":{"line":390,"column":24}},"loc":{"start":{"line":390,"column":29},"end":{"line":393,"column":22}},"line":390},"122":{"name":"(anonymous_122)","decl":{"start":{"line":395,"column":61},"end":{"line":395,"column":62}},"loc":{"start":{"line":395,"column":73},"end":{"line":433,"column":13}},"line":395},"123":{"name":"(anonymous_123)","decl":{"start":{"line":435,"column":85},"end":{"line":435,"column":86}},"loc":{"start":{"line":435,"column":97},"end":{"line":457,"column":13}},"line":435},"124":{"name":"(anonymous_124)","decl":{"start":{"line":459,"column":88},"end":{"line":459,"column":89}},"loc":{"start":{"line":459,"column":100},"end":{"line":481,"column":13}},"line":459},"125":{"name":"(anonymous_125)","decl":{"start":{"line":485,"column":46},"end":{"line":485,"column":47}},"loc":{"start":{"line":485,"column":52},"end":{"line":489,"column":13}},"line":485},"126":{"name":"(anonymous_126)","decl":{"start":{"line":488,"column":23},"end":{"line":488,"column":24}},"loc":{"start":{"line":488,"column":29},"end":{"line":488,"column":101}},"line":488},"127":{"name":"(anonymous_127)","decl":{"start":{"line":493,"column":43},"end":{"line":493,"column":44}},"loc":{"start":{"line":493,"column":49},"end":{"line":544,"column":13}},"line":493},"128":{"name":"(anonymous_128)","decl":{"start":{"line":496,"column":27},"end":{"line":496,"column":28}},"loc":{"start":{"line":496,"column":39},"end":{"line":504,"column":17}},"line":496},"129":{"name":"(anonymous_129)","decl":{"start":{"line":506,"column":65},"end":{"line":506,"column":66}},"loc":{"start":{"line":506,"column":77},"end":{"line":543,"column":17}},"line":506},"130":{"name":"(anonymous_130)","decl":{"start":{"line":548,"column":32},"end":{"line":548,"column":33}},"loc":{"start":{"line":548,"column":38},"end":{"line":629,"column":9}},"line":548},"131":{"name":"(anonymous_131)","decl":{"start":{"line":552,"column":23},"end":{"line":552,"column":24}},"loc":{"start":{"line":552,"column":35},"end":{"line":566,"column":13}},"line":552},"132":{"name":"(anonymous_132)","decl":{"start":{"line":569,"column":48},"end":{"line":569,"column":49}},"loc":{"start":{"line":569,"column":60},"end":{"line":596,"column":13}},"line":569},"133":{"name":"(anonymous_133)","decl":{"start":{"line":598,"column":66},"end":{"line":598,"column":67}},"loc":{"start":{"line":598,"column":78},"end":{"line":612,"column":13}},"line":598},"134":{"name":"(anonymous_134)","decl":{"start":{"line":614,"column":52},"end":{"line":614,"column":53}},"loc":{"start":{"line":614,"column":58},"end":{"line":616,"column":13}},"line":614},"135":{"name":"(anonymous_135)","decl":{"start":{"line":615,"column":23},"end":{"line":615,"column":24}},"loc":{"start":{"line":615,"column":29},"end":{"line":615,"column":56}},"line":615},"136":{"name":"(anonymous_136)","decl":{"start":{"line":618,"column":48},"end":{"line":618,"column":49}},"loc":{"start":{"line":618,"column":54},"end":{"line":620,"column":13}},"line":618},"137":{"name":"(anonymous_137)","decl":{"start":{"line":619,"column":23},"end":{"line":619,"column":24}},"loc":{"start":{"line":619,"column":29},"end":{"line":619,"column":49}},"line":619},"138":{"name":"(anonymous_138)","decl":{"start":{"line":622,"column":48},"end":{"line":622,"column":49}},"loc":{"start":{"line":622,"column":54},"end":{"line":624,"column":13}},"line":622},"139":{"name":"(anonymous_139)","decl":{"start":{"line":623,"column":23},"end":{"line":623,"column":24}},"loc":{"start":{"line":623,"column":29},"end":{"line":623,"column":56}},"line":623},"140":{"name":"(anonymous_140)","decl":{"start":{"line":626,"column":53},"end":{"line":626,"column":54}},"loc":{"start":{"line":626,"column":59},"end":{"line":628,"column":13}},"line":626},"141":{"name":"(anonymous_141)","decl":{"start":{"line":627,"column":23},"end":{"line":627,"column":24}},"loc":{"start":{"line":627,"column":29},"end":{"line":627,"column":49}},"line":627},"142":{"name":"(anonymous_142)","decl":{"start":{"line":631,"column":34},"end":{"line":631,"column":35}},"loc":{"start":{"line":631,"column":40},"end":{"line":717,"column":9}},"line":631},"143":{"name":"(anonymous_143)","decl":{"start":{"line":636,"column":23},"end":{"line":636,"column":24}},"loc":{"start":{"line":636,"column":35},"end":{"line":665,"column":13}},"line":636},"144":{"name":"(anonymous_144)","decl":{"start":{"line":668,"column":48},"end":{"line":668,"column":49}},"loc":{"start":{"line":668,"column":60},"end":{"line":679,"column":13}},"line":668},"145":{"name":"(anonymous_145)","decl":{"start":{"line":681,"column":56},"end":{"line":681,"column":57}},"loc":{"start":{"line":681,"column":68},"end":{"line":699,"column":13}},"line":681},"146":{"name":"(anonymous_146)","decl":{"start":{"line":702,"column":55},"end":{"line":702,"column":56}},"loc":{"start":{"line":702,"column":61},"end":{"line":704,"column":13}},"line":702},"147":{"name":"(anonymous_147)","decl":{"start":{"line":703,"column":23},"end":{"line":703,"column":24}},"loc":{"start":{"line":703,"column":29},"end":{"line":703,"column":56}},"line":703},"148":{"name":"(anonymous_148)","decl":{"start":{"line":706,"column":51},"end":{"line":706,"column":52}},"loc":{"start":{"line":706,"column":57},"end":{"line":708,"column":13}},"line":706},"149":{"name":"(anonymous_149)","decl":{"start":{"line":707,"column":23},"end":{"line":707,"column":24}},"loc":{"start":{"line":707,"column":29},"end":{"line":707,"column":49}},"line":707},"150":{"name":"(anonymous_150)","decl":{"start":{"line":710,"column":51},"end":{"line":710,"column":52}},"loc":{"start":{"line":710,"column":57},"end":{"line":712,"column":13}},"line":710},"151":{"name":"(anonymous_151)","decl":{"start":{"line":711,"column":23},"end":{"line":711,"column":24}},"loc":{"start":{"line":711,"column":29},"end":{"line":711,"column":56}},"line":711},"152":{"name":"(anonymous_152)","decl":{"start":{"line":714,"column":56},"end":{"line":714,"column":57}},"loc":{"start":{"line":714,"column":62},"end":{"line":716,"column":13}},"line":714},"153":{"name":"(anonymous_153)","decl":{"start":{"line":715,"column":23},"end":{"line":715,"column":24}},"loc":{"start":{"line":715,"column":29},"end":{"line":715,"column":49}},"line":715},"154":{"name":"(anonymous_154)","decl":{"start":{"line":719,"column":40},"end":{"line":719,"column":41}},"loc":{"start":{"line":719,"column":46},"end":{"line":766,"column":9}},"line":719},"155":{"name":"(anonymous_155)","decl":{"start":{"line":725,"column":23},"end":{"line":725,"column":24}},"loc":{"start":{"line":725,"column":35},"end":{"line":751,"column":13}},"line":725},"156":{"name":"(anonymous_156)","decl":{"start":{"line":753,"column":48},"end":{"line":753,"column":49}},"loc":{"start":{"line":753,"column":60},"end":{"line":765,"column":13}},"line":753},"157":{"name":"(anonymous_157)","decl":{"start":{"line":768,"column":30},"end":{"line":768,"column":31}},"loc":{"start":{"line":768,"column":36},"end":{"line":796,"column":9}},"line":768},"158":{"name":"(anonymous_158)","decl":{"start":{"line":771,"column":23},"end":{"line":771,"column":24}},"loc":{"start":{"line":771,"column":35},"end":{"line":778,"column":13}},"line":771},"159":{"name":"(anonymous_159)","decl":{"start":{"line":779,"column":48},"end":{"line":779,"column":49}},"loc":{"start":{"line":779,"column":60},"end":{"line":794,"column":13}},"line":779},"160":{"name":"(anonymous_160)","decl":{"start":{"line":798,"column":36},"end":{"line":798,"column":37}},"loc":{"start":{"line":798,"column":42},"end":{"line":830,"column":9}},"line":798},"161":{"name":"(anonymous_161)","decl":{"start":{"line":801,"column":23},"end":{"line":801,"column":24}},"loc":{"start":{"line":801,"column":35},"end":{"line":815,"column":13}},"line":801},"162":{"name":"(anonymous_162)","decl":{"start":{"line":817,"column":48},"end":{"line":817,"column":49}},"loc":{"start":{"line":817,"column":60},"end":{"line":828,"column":13}},"line":817},"163":{"name":"(anonymous_163)","decl":{"start":{"line":835,"column":25},"end":{"line":835,"column":26}},"loc":{"start":{"line":835,"column":31},"end":{"line":1179,"column":5}},"line":835},"164":{"name":"(anonymous_164)","decl":{"start":{"line":839,"column":19},"end":{"line":839,"column":20}},"loc":{"start":{"line":839,"column":31},"end":{"line":856,"column":9}},"line":839},"165":{"name":"(anonymous_165)","decl":{"start":{"line":858,"column":32},"end":{"line":858,"column":33}},"loc":{"start":{"line":858,"column":38},"end":{"line":940,"column":9}},"line":858},"166":{"name":"(anonymous_166)","decl":{"start":{"line":859,"column":48},"end":{"line":859,"column":49}},"loc":{"start":{"line":859,"column":60},"end":{"line":878,"column":13}},"line":859},"167":{"name":"(anonymous_167)","decl":{"start":{"line":880,"column":48},"end":{"line":880,"column":49}},"loc":{"start":{"line":880,"column":54},"end":{"line":883,"column":13}},"line":880},"168":{"name":"(anonymous_168)","decl":{"start":{"line":882,"column":23},"end":{"line":882,"column":24}},"loc":{"start":{"line":882,"column":29},"end":{"line":882,"column":62}},"line":882},"169":{"name":"(anonymous_169)","decl":{"start":{"line":885,"column":44},"end":{"line":885,"column":45}},"loc":{"start":{"line":885,"column":50},"end":{"line":888,"column":13}},"line":885},"170":{"name":"(anonymous_170)","decl":{"start":{"line":887,"column":23},"end":{"line":887,"column":24}},"loc":{"start":{"line":887,"column":29},"end":{"line":887,"column":55}},"line":887},"171":{"name":"(anonymous_171)","decl":{"start":{"line":890,"column":44},"end":{"line":890,"column":45}},"loc":{"start":{"line":890,"column":50},"end":{"line":893,"column":13}},"line":890},"172":{"name":"(anonymous_172)","decl":{"start":{"line":892,"column":23},"end":{"line":892,"column":24}},"loc":{"start":{"line":892,"column":29},"end":{"line":892,"column":62}},"line":892},"173":{"name":"(anonymous_173)","decl":{"start":{"line":895,"column":49},"end":{"line":895,"column":50}},"loc":{"start":{"line":895,"column":55},"end":{"line":898,"column":13}},"line":895},"174":{"name":"(anonymous_174)","decl":{"start":{"line":897,"column":23},"end":{"line":897,"column":24}},"loc":{"start":{"line":897,"column":29},"end":{"line":897,"column":55}},"line":897},"175":{"name":"(anonymous_175)","decl":{"start":{"line":900,"column":48},"end":{"line":900,"column":49}},"loc":{"start":{"line":900,"column":54},"end":{"line":903,"column":13}},"line":900},"176":{"name":"(anonymous_176)","decl":{"start":{"line":902,"column":23},"end":{"line":902,"column":24}},"loc":{"start":{"line":902,"column":29},"end":{"line":902,"column":67}},"line":902},"177":{"name":"(anonymous_177)","decl":{"start":{"line":905,"column":49},"end":{"line":905,"column":50}},"loc":{"start":{"line":905,"column":55},"end":{"line":908,"column":13}},"line":905},"178":{"name":"(a
[...]
d":{"line":105,"column":19}},"loc":{"start":{"line":105,"column":25},"end":{"line":108,"column":13}},"line":105},"6":{"name":"(anonymous_6)","decl":{"start":{"line":122,"column":4},"end":{"line":122,"column":5}},"loc":{"start":{"line":122,"column":30},"end":{"line":146,"column":5}},"line":122},"7":{"name":"(anonymous_7)","decl":{"start":{"line":134,"column":18},"end":{"line":134,"column":19}},"loc":{"start":{"line":134,"column":25},"end":{"line":134,"column":35}},"line":134},"8":{"name":"(anonymous_8)","decl":{"start":{"line":135,"column":18},"end":{"line":135,"column":19}},"loc":{"start":{"line":135,"column":25},"end":{"line":145,"column":13}},"line":135},"9":{"name":"(anonymous_9)","decl":{"start":{"line":157,"column":4},"end":{"line":157,"column":5}},"loc":{"start":{"line":157,"column":27},"end":{"line":175,"column":5}},"line":157},"10":{"name":"(anonymous_10)","decl":{"start":{"line":168,"column":18},"end":{"line":168,"column":19}},"loc":{"start":{"line":168,"column":25},"end":{"line":168,"column":35}},"line":168},"11":{"name":"(anonymous_11)","decl":{"start":{"line":169,"column":18},"end":{"line":169,"column":19}},"loc":{"start":{"line":169,"column":25},"end":{"line":173,"column":13}},"line":169},"12":{"name":"(anonymous_12)","decl":{"start":{"line":185,"column":4},"end":{"line":185,"column":5}},"loc":{"start":{"line":185,"column":21},"end":{"line":203,"column":5}},"line":185},"13":{"name":"(anonymous_13)","decl":{"start":{"line":195,"column":18},"end":{"line":195,"column":19}},"loc":{"start":{"line":195,"column":25},"end":{"line":195,"column":35}},"line":195},"14":{"name":"(anonymous_14)","decl":{"start":{"line":196,"column":18},"end":{"line":196,"column":19}},"loc":{"start":{"line":196,"column":25},"end":{"line":200,"column":13}},"line":196},"15":{"name":"(anonymous_15)","decl":{"start":{"line":214,"column":4},"end":{"line":214,"column":5}},"loc":{"start":{"line":214,"column":27},"end":{"line":226,"column":5}},"line":214},"16":{"name":"(anonymous_16)","decl":{"start":{"line":220,"column":18},"end":{"line":220,"column":19}},"loc":{"start":{"line":220,"column":25},"end":{"line":220,"column":35}},"line":220},"17":{"name":"(anonymous_17)","decl":{"start":{"line":221,"column":18},"end":{"line":221,"column":19}},"loc":{"start":{"line":221,"column":25},"end":{"line":225,"column":13}},"line":221},"18":{"name":"(anonymous_18)","decl":{"start":{"line":238,"column":4},"end":{"line":238,"column":5}},"loc":{"start":{"line":238,"column":26},"end":{"line":257,"column":5}},"line":238},"19":{"name":"(anonymous_19)","decl":{"start":{"line":250,"column":18},"end":{"line":250,"column":19}},"loc":{"start":{"line":250,"column":25},"end":{"line":250,"column":35}},"line":250},"20":{"name":"(anonymous_20)","decl":{"start":{"line":251,"column":18},"end":{"line":251,"column":19}},"loc":{"start":{"line":251,"column":25},"end":{"line":255,"column":13}},"line":251},"21":{"name":"(anonymous_21)","decl":{"start":{"line":268,"column":4},"end":{"line":268,"column":5}},"loc":{"start":{"line":268,"column":20},"end":{"line":288,"column":5}},"line":268},"22":{"name":"(anonymous_22)","decl":{"start":{"line":281,"column":18},"end":{"line":281,"column":19}},"loc":{"start":{"line":281,"column":25},"end":{"line":281,"column":35}},"line":281},"23":{"name":"(anonymous_23)","decl":{"start":{"line":282,"column":18},"end":{"line":282,"column":19}},"loc":{"start":{"line":282,"column":25},"end":{"line":286,"column":13}},"line":282},"24":{"name":"(anonymous_24)","decl":{"start":{"line":299,"column":4},"end":{"line":299,"column":5}},"loc":{"start":{"line":299,"column":19},"end":{"line":315,"column":5}},"line":299},"25":{"name":"(anonymous_25)","decl":{"start":{"line":308,"column":18},"end":{"line":308,"column":19}},"loc":{"start":{"line":308,"column":25},"end":{"line":308,"column":35}},"line":308},"26":{"name":"(anonymous_26)","decl":{"start":{"line":309,"column":18},"end":{"line":309,"column":19}},"loc":{"start":{"line":309,"column":25},"end":{"line":313,"column":13}},"line":309},"27":{"name":"(anonymous_27)","decl":{"start":{"line":328,"column":4},"end":{"line":328,"column":5}},"loc":{"start":{"line":328,"column":27},"end":{"line":348,"column":5}},"line":328},"28":{"name":"(anonymous_28)","decl":{"start":{"line":341,"column":18},"end":{"line":341,"column":19}},"loc":{"start":{"line":341,"column":25},"end":{"line":341,"column":35}},"line":341},"29":{"name":"(anonymous_29)","decl":{"start":{"line":342,"column":18},"end":{"line":342,"column":19}},"loc":{"start":{"line":342,"column":25},"end":{"line":345,"column":13}},"line":342},"30":{"name":"(anonymous_30)","decl":{"start":{"line":361,"column":4},"end":{"line":361,"column":5}},"loc":{"start":{"line":361,"column":36},"end":{"line":382,"column":5}},"line":361},"31":{"name":"(anonymous_31)","decl":{"start":{"line":374,"column":18},"end":{"line":374,"column":19}},"loc":{"start":{"line":374,"column":25},"end":{"line":374,"column":35}},"line":374},"32":{"name":"(anonymous_32)","decl":{"start":{"line":375,"column":18},"end":{"line":375,"column":19}},"loc":{"start":{"line":375,"column":25},"end":{"line":380,"column":13}},"line":375},"33":{"name":"(anonymous_33)","decl":{"start":{"line":393,"column":4},"end":{"line":393,"column":5}},"loc":{"start":{"line":393,"column":33},"end":{"line":414,"column":5}},"line":393},"34":{"name":"(anonymous_34)","decl":{"start":{"line":406,"column":18},"end":{"line":406,"column":19}},"loc":{"start":{"line":406,"column":25},"end":{"line":406,"column":35}},"line":406},"35":{"name":"(anonymous_35)","decl":{"start":{"line":407,"column":18},"end":{"line":407,"column":19}},"loc":{"start":{"line":407,"column":25},"end":{"line":412,"column":13}},"line":407},"36":{"name":"(anonymous_36)","decl":{"start":{"line":426,"column":4},"end":{"line":426,"column":5}},"loc":{"start":{"line":426,"column":25},"end":{"line":445,"column":5}},"line":426},"37":{"name":"(anonymous_37)","decl":{"start":{"line":437,"column":18},"end":{"line":437,"column":19}},"loc":{"start":{"line":437,"column":25},"end":{"line":437,"column":35}},"line":437},"38":{"name":"(anonymous_38)","decl":{"start":{"line":438,"column":18},"end":{"line":438,"column":19}},"loc":{"start":{"line":438,"column":25},"end":{"line":443,"column":13}},"line":438},"39":{"name":"(anonymous_39)","decl":{"start":{"line":457,"column":4},"end":{"line":457,"column":5}},"loc":{"start":{"line":457,"column":40},"end":{"line":483,"column":5}},"line":457},"40":{"name":"(anonymous_40)","decl":{"start":{"line":472,"column":18},"end":{"line":472,"column":19}},"loc":{"start":{"line":472,"column":25},"end":{"line":472,"column":35}},"line":472},"41":{"name":"(anonymous_41)","decl":{"start":{"line":473,"column":18},"end":{"line":473,"column":19}},"loc":{"start":{"line":473,"column":25},"end":{"line":481,"column":13}},"line":473},"42":{"name":"(anonymous_42)","decl":{"start":{"line":485,"column":4},"end":{"line":485,"column":5}},"loc":{"start":{"line":485,"column":19},"end":{"line":487,"column":5}},"line":485},"43":{"name":"(anonymous_43)","decl":{"start":{"line":489,"column":4},"end":{"line":489,"column":5}},"loc":{"start":{"line":489,"column":13},"end":{"line":496,"column":5}},"line":489}},"branchMap":{"0":{"loc":{"start":{"line":4,"column":13},"end":{"line":4,"column":53}},"type":"binary-expr","locations":[{"start":{"line":4,"column":13},"end":{"line":4,"column":45}},{"start":{"line":4,"column":49},"end":{"line":4,"column":53}}],"line":4},"1":{"loc":{"start":{"line":5,"column":12},"end":{"line":5,"column":51}},"type":"binary-expr","locations":[{"start":{"line":5,"column":12},"end":{"line":5,"column":43}},{"start":{"line":5,"column":47},"end":{"line":5,"column":51}}],"line":5},"2":{"loc":{"start":{"line":41,"column":8},"end":{"line":41,"column":85}},"type":"if","locations":[{"start":{"line":41,"column":8},"end":{"line":41,"column":85}},{"start":{"line":41,"column":8},"end":{"line":41,"column":85}}],"line":41},"3":{"loc":{"start":{"line":41,"column":12},"end":{"line":41,"column":43}},"type":"binary-expr","locations":[{"start":{"line":41,"column":13},"end":{"line":41,"column":21}},{"start":{"line":41,"column":27},"end":{"line":41,"column":42}}],"line":41},"4":{"loc":{"start":{"line":42,"column":8},"end":{"line":42,"column":95}},"type":"if","locations":[{"start":{"line":42,"column":8},"end":{"line":42,"column":95}},{"start":{"line":42,"column":8},"end":{"line":42,"column":95}}],"line":42},"5":{"loc":{"start":{"line":54,"column":16},"end":{"line":54,"column":53}},"type":"if","locations":[{"start":{"line":54,"column":16},"end":{"line":54,"column":53}},{"start":{"line":54,"column":16},"end":{"line":54,"column":53}}],"line":54},"6":{"loc":{"start":{"line":93,"column":8},"end":{"line":93,"column":85}},"type":"if","locations":[{"start":{"line":93,"column":8},"end":{"line":93,"column":85}},{"start":{"line":93,"column":8},"end":{"line":93,"column":85}}],"line":93},"7":{"loc":{"start":{"line":93,"column":12},"end":{"line":93,"column":43}},"type":"binary-expr","locations":[{"start":{"line":93,"column":13},"end":{"line":93,"column":21}},{"start":{"line":93,"column":27},"end":{"line":93,"column":42}}],"line":93},"8":{"loc":{"start":{"line":94,"column":8},"end":{"line":94,"column":95}},"type":"if","locations":[{"start":{"line":94,"column":8},"end":{"line":94,"column":95}},{"start":{"line":94,"column":8},"end":{"line":94,"column":95}}],"line":94},"9":{"loc":{"start":{"line":107,"column":16},"end":{"line":107,"column":53}},"type":"if","locations":[{"start":{"line":107,"column":16},"end":{"line":107,"column":53}},{"start":{"line":107,"column":16},"end":{"line":107,"column":53}}],"line":107},"10":{"loc":{"start":{"line":136,"column":16},"end":{"line":136,"column":53}},"type":"if","locations":[{"start":{"line":136,"column":16},"end":{"line":136,"column":53}},{"start":{"line":136,"column":16},"end":{"line":136,"column":53}}],"line":136},"11":{"loc":{"start":{"line":170,"column":16},"end":{"line":170,"column":53}},"type":"if","locations":[{"start":{"line":170,"column":16},"end":{"line":170,"column":53}},{"start":{"line":170,"column":16},"end":{"line":170,"column":53}}],"line":170},"12":{"loc":{"start":{"line":197,"column":16},"end":{"line":197,"column":53}},"type":"if","locations":[{"start":{"line":197,"column":16},"end":{"line":197,"column":53}},{"start":{"line":197,"column":16},"end":{"line":197,"column":53}}],"line":197},"13":{"loc":{"start":{"line":222,"column":16},"end":{"line":222,"column":53}},"type":"if","locations":[{"start":{"line":222,"column":16},"end":{"line":222,"column":53}},{"start":{"line":222,"column":16},"end":{"line":222,"column":53}}],"line":222},"14":{"loc":{"start":{"line":253,"column":16},"end":{"line":253,"column":53}},"type":"if","locations":[{"start":{"line":253,"column":16},"end":{"line":253,"column":53}},{"start":{"line":253,"column":16},"end":{"line":253,"column":53}}],"line":253},"15":{"loc":{"start":{"line":284,"column":16},"end":{"line":284,"column":53}},"type":"if","locations":[{"start":{"line":284,"column":16},"end":{"line":284,"column":53}},{"start":{"line":284,"column":16},"end":{"line":284,"column":53}}],"line":284},"16":{"loc":{"start":{"line":310,"column":16},"end":{"line":310,"column":53}},"type":"if","locations":[{"start":{"line":310,"column":16},"end":{"line":310,"column":53}},{"start":{"line":310,"column":16},"end":{"line":310,"column":53}}],"line":310},"17":{"loc":{"start":{"line":343,"column":16},"end":{"line":343,"column":53}},"type":"if","locations":[{"start":{"line":343,"column":16},"end":{"line":343,"column":53}},{"start":{"line":343,"column":16},"end":{"line":343,"column":53}}],"line":343},"18":{"loc":{"start":{"line":377,"column":16},"end":{"line":377,"column":53}},"type":"if","locations":[{"start":{"line":377,"column":16},"end":{"line":377,"column":53}},{"start":{"line":377,"column":16},"end":{"line":377,"column":53}}],"line":377},"19":{"loc":{"start":{"line":409,"column":16},"end":{"line":409,"column":53}},"type":"if","locations":[{"start":{"line":409,"column":16},"end":{"line":409,"column":53}},{"start":{"line":409,"column":16},"end":{"line":409,"column":53}}],"line":409},"20":{"loc":{"start":{"line":440,"column":16},"end":{"line":440,"column":53}},"type":"if","locations":[{"start":{"line":440,"column":16},"end":{"line":440,"column":53}},{"start":{"line":440,"column":16},"end":{"line":440,"column":53}}],"line":440},"21":{"loc":{"start":{"line":475,"column":16},"end":{"line":475,"column":53}},"type":"if","locations":[{"start":{"line":475,"column":16},"end":{"line":475,"column":53}},{"start":{"line":475,"column":16},"end":{"line":475,"column":53}}],"line":475}},"s":{"0":1,"1":1,"2":41,"3":1,"4":0,"5":1,"6":0,"7":1,"8":1,"9":1,"10":0,"11":5,"12":3,"13":0,"14":3,"15":0,"16":3,"17":3,"18":3,"19":0,"20":31,"21":23,"22":23,"23":23,"24":2,"25":21,"26":21,"27":21,"28":21,"29":21,"30":1,"31":1,"32":1,"33":1,"34":0,"35":1,"36":6,"37":2,"38":2,"39":2,"40":0,"41":2,"42":1,"43":1,"44":1,"45":1,"46":0,"47":1,"48":10,"49":2,"50":2,"51":2,"52":1,"53":0,"54":0,"55":0,"56":0,"57":0,"58":2,"59":2,"60":2,"61":0,"62":2,"63":10,"64":2,"65":2,"66":2,"67":1,"68":10,"69":2,"70":2,"71":2,"72":0,"73":2,"74":9,"75":1,"76":1,"77":1,"78":0,"79":1,"80":9,"81":1,"82":1,"83":1,"84":0,"85":1,"86":2,"87":2,"88":2,"89":2,"90":0,"91":2,"92":0,"93":116,"94":116,"95":116,"96":116,"97":1},"f":{"0":41,"1":1,"2":1,"3":5,"4":3,"5":3,"6":31,"7":23,"8":23,"9":1,"10":1,"11":1,"12":6,"13":2,"14":2,"15":1,"16":1,"17":1,"18":10,"19":2,"20":2,"21":0,"22":0,"23":0,"24":2,"25":2,"26":2,"27":10,"28":2,"29":2,"30":10,"31":2,"32":2,"33":9,"34":1,"35":1,"36":9,"37":1,"38":1,"39":2,"40":2,"41":2,"42":0,"43":116},"b":{"0":[1,1],"1":[1,1],"2":[0,1],"3":[1,1],"4":[0,1],"5":[0,1],"6":[0,3],"7":[3,3],"8":[0,3],"9":[0,3],"10":[2,21],"11":[0,1],"12":[0,2],"13":[0,1],"14":[1,1],"15":[0,0],"16":[0,2],"17":[1,1],"18":[0,2],"19":[0,1],"20":[0,1],"21":[0,2]},"_coverageSchema":"43e27e138ebf9cfc5966b082cf9a028302ed4184","hash":"0439d5cf0a8e799eb59420197c20bea8d1b38cc0","contentHash":"70e9b7acdcf270b6e1336a2e400a6a0e"},"C:\\Users\\Paco\\bootcamp\\collab\\skylab-bootcamp-201809\\staff\\francisco-fernandez\\lets-talk\\lets-talk-app\\src\\utils\\validate.js":{"path":"C:\\Users\\Paco\\bootcamp\\collab\\skylab-bootcamp-201809\\staff\\francisco-fernandez\\lets-talk\\lets-talk-app\\src\\utils\\validate.js","statementMap":{"0":{"start":{"line":2,"column":4},"end":{"line":27,"column":6}},"1":{"start":{"line":3,"column":8},"end":{"line":26,"column":9}},"2":{"start":{"line":5,"column":16},"end":{"line":5,"column":53}},"3":{"start":{"line":5,"column":48},"end":{"line":5,"column":53}},"4":{"start":{"line":7,"column":16},"end":{"line":7,"column":90}},"5":{"start":{"line":7,"column":47},"end":{"line":7,"column":90}},"6":{"start":{"line":9,"column":16},"end":{"line":9,"column":86}},"7":{"start":{"line":9,"column":42},"end":{"line":9,"column":86}},"8":{"start":{"line":11,"column":16},"end":{"line":11,"column":21}},"9":{"start":{"line":13,"column":16},"end":{"line":13,"column":53}},"10":{"start":{"line":13,"column":48},"end":{"line":13,"column":53}},"11":{"start":{"line":15,"column":16},"end":{"line":15,"column":92}},"12":{"start":{"line":15,"column":48},"end":{"line":15,"column":92}},"13":{"start":{"line":17,"column":16},"end":{"line":17,"column":21}},"14":{"start":{"line":19,"column":16},"end":{"line":19,"column":53}},"15":{"start":{"line":19,"column":48},"end":{"line":19,"column":53}},"16":{"start":{"line":21,"column":16},"end":{"line":21,"column":90}},"17":{"start":{"line":21,"column":47},"end":{"line":21,"column":90}},"18":{"start":{"line":23,"column":16},"end":{"line":23,"column":21}},"19":{"start":{"line":25,"column":16},"end":{"line":25,"column":21}},"20":{"start":{"line":30,"column":0},"end":{"line":30,"column":25}}},"fnMap":{"0":{"name":"validate","decl":{"start":{"line":1,"column":9},"end":{"line":1,"column":17}},"loc":{"start":{"line":1,"column":26},"end":{"line":28,"column":1}},"line":1},"1":{"name":"(anonymous_1)","decl":{"start":{"line":2,"column":19},"end":{"line":2,"column":20}},"loc":{"start":{"line":2,"column":55},"end":{"line":27,"column":5}},"line":2}},"branchMap":{"0":{"loc":{"start":{"line":3,"column":8},"end":{"line":26,"column":9}},"type":"switch","locations":[{"start":{"line":4,"column":12},"end":{"line":11,"column":21}},{"start":{"line":12,"column":12},"end":{"line":17,"column":21}},{"start":{"line":18,"column":12},"end":{"line":23,"column":21}},{"start":{"line":24,"column":12},"end":{"line":25,"column":21}}],"line":3},"1":{"loc":{"start":{"line":5,"column":16},"end":{"line":5,"column":53}},"type":"if","locations":[{"start":{"line":5,"column":16},"end":{"line":5,"column":53}},{"start":{"line":5,"column":16},"end":{"line":5,"column":53}}],"line":5},"2":{"loc":{"start":{"line":5,"column":20},"end":{"line":5,"column":46}},"type":"binary-expr","locations":[{"start":{"line":5,"column":20},"end":{"line":5,"column":28}},{"start":{"line":5,"column":32},"end":{"line":5,"column":46}}],"line":5},"3":{"loc":{"start":{"line":7,"column":16},"end":{"line":7,"column":90}},"type":"if","locations":[{"start":{"line":7,"column":16},"end":{"line":7,"column":90}},{"start":{"line":7,"column":16},"end":{"line":7,"column":90}}],"line":7},"4":{"loc":{"start":{"line":9,"column":16},"end":{"line":9,"column":86}},"type":"if","locations":[{"start":{"line":9,"column":16},"end":{"line":9,"column":86}},{"start":{"line":9,"column":16},"end":{"line":9,"column":86}}],"line":9},"5":{"loc":{"start":{"line":13,"column":16},"end":{"line":13,"column":53}},"type":"if","locations":[{"start":{"line":13,"column":16},"end":{"line":13,"column":53}},{"start":{"line":13,"column":16},"end":{"line":13,"column":53}}],"line":13},"6":{"loc":{"start":{"line":13,"column":20},"end":{"line":13,"column":46}},"type":"binary-expr","locations":[{"start":{"line":13,"column":20},"end":{"line":13,"column":28}},{"start":{"line":13,"column":32},"end":{"line":13,"column":46}}],"line":13},"7":{"loc":{"start":{"line":15,"column":16},"end":{"line":15,"column":92}},"type":"if","locations":[{"start":{"line":15,"column":16},"end":{"line":15,"column":92}},{"start":{"line":15,"column":16},"end":{"line":15,"column":92}}],"line":15},"8":{"loc":{"start":{"line":19,"column":16},"end":{"line":19,"column":53}},"type":"if","locations":[{"start":{"line":19,"column":16},"end":{"line":19,"column":53}},{"start":{"line":19,"column":16},"end":{"line":19,"column":53}}],"line":19},"9":{"loc":{"start":{"line":19,"column":20},"end":{"line":19,"column":46}},"type":"binary-expr","locations":[{"start":{"line":19,"column":20},"end":{"line":19,"column":28}},{"start":{"line":19,"column":32},"end":{"line":19,"column":46}}],"line":19},"10":{"loc":{"start":{"line":21,"column":16},"end":{"line":21,"column":90}},"type":"if","locations":[{"start":{"line":21,"column":16},"end":{"line":21,"column":90}},{"start":{"line":21,"column":16},"end":{"line":21,"column":90}}],"line":21}},"s":{"0":135,"1":409,"2":364,"3":18,"4":346,"5":41,"6":305,"7":40,"8":265,"9":0,"10":0,"11":0,"12":0,"13":0,"14":45,"15":0,"16":45,"17":13,"18":32,"19":0,"20":1},"f":{"0":135,"1":409},"b":{"0":[364,0,45,0],"1":[18,346],"2":[364,31],"3":[41,305],"4":[40,265],"5":[0,0],"6":[0,0],"7":[0,0],"8":[0,45],"9":[45,10],"10":[13,32]},"_coverageSchema":"43e27e138ebf9cfc5966b082cf9a028302ed4184","hash":"d524e1d0cdc87267a1c7a4f5ed28ed8994d756f2","contentHash":"e02feeba723003d0335a3a34c0649ae4"},"C:\\Users\\Paco\\bootcamp\\collab\\skylab-bootcamp-201809\\staff\\francisco-fernandez\\lets-talk\\lets-talk-app\\src\\logic\\base64-image.js":{"path":"C:\\Users\\Paco\\bootcamp\\collab\\skylab-bootcamp-201809\\staff\\francisco-fernandez\\lets-talk\\lets-talk-app\\src\\logic\\base64-image.js","statementMap":{"0":{"start":{"line":2,"column":20},"end":{"line":2,"column":6189}},"1":{"start":{"line":4,"column":0},"end":{"line":4,"column":28}}},"fnMap":{},"branchMap":{},"s":{"0":1,"1":1},"f":{},"b":{},"_coverageSchema":"43e27e138ebf9cfc5966b082cf9a028302ed4184","hash":"fb2be8446441049d024b71e2624dc1b5e8051373","contentHash":"7684da8953c3feca2db1a4d3233b69d5"}}